Copyright 1986-2018 Xilinx, Inc. All Rights Reserved.
----------------------------------------------------------------------------------------
| Tool Version : Vivado v.2018.2 (win64) Build 2258646 Thu Jun 14 20:03:12 MDT 2018
| Date         : Sun Dec  2 15:14:05 2018
| Host         : Happy running 64-bit major release  (build 9200)
| Command      : report_control_sets -verbose -file hw5_wrapper_control_sets_placed.rpt
| Design       : hw5_wrapper
| Device       : xc7z020
----------------------------------------------------------------------------------------

Control Set Information

Table of Contents
-----------------
1. Summary
2. Histogram
3. Flip-Flop Distribution
4. Detailed Control Set Information

1. Summary
----------

+----------------------------------------------------------+-------+
|                          Status                          | Count |
+----------------------------------------------------------+-------+
| Number of unique control sets                            |   103 |
| Unused register locations in slices containing registers |    56 |
+----------------------------------------------------------+-------+


2. Histogram
------------

+--------+--------------+
| Fanout | Control Sets |
+--------+--------------+
|      2 |            1 |
|      4 |            1 |
|      8 |            8 |
|     10 |            1 |
|     12 |            1 |
|    16+ |           91 |
+--------+--------------+


3. Flip-Flop Distribution
-------------------------

+--------------+-----------------------+------------------------+-----------------+--------------+
| Clock Enable | Synchronous Set/Reset | Asynchronous Set/Reset | Total Registers | Total Slices |
+--------------+-----------------------+------------------------+-----------------+--------------+
| No           | No                    | No                     |             414 |           76 |
| No           | No                    | Yes                    |               0 |            0 |
| No           | Yes                   | No                     |             278 |           52 |
| Yes          | No                    | No                     |             842 |          112 |
| Yes          | No                    | Yes                    |               0 |            0 |
| Yes          | Yes                   | No                     |            1330 |          152 |
+--------------+-----------------------+------------------------+-----------------+--------------+


4. Detailed Control Set Information
-----------------------------------

+--------------------------------------------+-----------------------------------------------------------------------------------------------------------------------------------------------------------+---------------------------------------------------------------------------------------------------------------------------------------+------------------+----------------+
|                Clock Signal                |                                                                       Enable Signal                                                                       |                                                            Set/Reset Signal                                                           | Slice Load Count | Bel Load Count |
+--------------------------------------------+-----------------------------------------------------------------------------------------------------------------------------------------------------------+---------------------------------------------------------------------------------------------------------------------------------------+------------------+----------------+
|  hw5_i/processing_system7_0/inst/FCLK_CLK0 |                                                                                                                                                           | hw5_i/sorting_0/inst/sorting_v1_0_S00_AXI_inst/sorting_i/FSM_onehot_counter_reg_n_0_[2]                                               |                1 |              2 |
|  hw5_i/processing_system7_0/inst/FCLK_CLK0 | hw5_i/ps7_0_axi_periph/s00_couplers/auto_pc/inst/gen_axilite.gen_b2s_conv.axilite_b2s/WR.b_channel_0/bid_fifo_0/bresp_push                                |                                                                                                                                       |                1 |              4 |
|  hw5_i/processing_system7_0/inst/FCLK_CLK0 | hw5_i/sorting_0/inst/sorting_v1_0_S00_AXI_inst/sorting_i/t2                                                                                               | hw5_i/sorting_0/inst/sorting_v1_0_S00_AXI_inst/sorting_i/en_w                                                                         |                4 |              8 |
|  hw5_i/processing_system7_0/inst/FCLK_CLK0 | hw5_i/sorting_0/inst/sorting_v1_0_S00_AXI_inst/sorting_i/t3                                                                                               | hw5_i/sorting_0/inst/sorting_v1_0_S00_AXI_inst/sorting_i/en_w                                                                         |                3 |              8 |
|  hw5_i/processing_system7_0/inst/FCLK_CLK0 | hw5_i/sorting_0/inst/sorting_v1_0_S00_AXI_inst/sorting_i/t1                                                                                               | hw5_i/sorting_0/inst/sorting_v1_0_S00_AXI_inst/sorting_i/en_w                                                                         |                2 |              8 |
|  hw5_i/processing_system7_0/inst/FCLK_CLK0 | hw5_i/ps7_0_axi_periph/s00_couplers/auto_pc/inst/gen_axilite.gen_b2s_conv.axilite_b2s/WR.aw_channel_0/aw_cmd_fsm_0/axaddr_wrap_reg[11][0]                 | hw5_i/ps7_0_axi_periph/s00_couplers/auto_pc/inst/gen_axilite.gen_b2s_conv.axilite_b2s/WR.aw_channel_0/aw_cmd_fsm_0/axlen_cnt_reg[7]_1 |                2 |              8 |
|  hw5_i/processing_system7_0/inst/FCLK_CLK0 | hw5_i/ps7_0_axi_periph/s00_couplers/auto_pc/inst/gen_axilite.gen_b2s_conv.axilite_b2s/RD.ar_channel_0/ar_cmd_fsm_0/E[0]                                   | hw5_i/ps7_0_axi_periph/s00_couplers/auto_pc/inst/gen_axilite.gen_b2s_conv.axilite_b2s/RD.ar_channel_0/ar_cmd_fsm_0/axlen_cnt_reg[7]   |                1 |              8 |
|  hw5_i/processing_system7_0/inst/FCLK_CLK0 | hw5_i/sorting_0/inst/sorting_v1_0_S00_AXI_inst/sorting_i/t4_0                                                                                             | hw5_i/sorting_0/inst/sorting_v1_0_S00_AXI_inst/sorting_i/en_w                                                                         |                2 |              8 |
|  hw5_i/processing_system7_0/inst/FCLK_CLK0 |                                                                                                                                                           | hw5_i/ps7_0_axi_periph/s00_couplers/auto_pc/inst/gen_axilite.gen_b2s_conv.axilite_b2s/SI_REG/ar.ar_pipe/m_valid_i_reg_0               |                3 |              8 |
|  hw5_i/processing_system7_0/inst/FCLK_CLK0 |                                                                                                                                                           | hw5_i/ps7_0_axi_periph/s00_couplers/auto_pc/inst/gen_axilite.gen_b2s_conv.axilite_b2s/SI_REG/aw.aw_pipe/s_ready_i_reg_0               |                2 |              8 |
|  hw5_i/processing_system7_0/inst/FCLK_CLK0 |                                                                                                                                                           | hw5_i/rst_ps7_0_100M/U0/EXT_LPF/lpf_int                                                                                               |                4 |             10 |
|  hw5_i/processing_system7_0/inst/FCLK_CLK0 | hw5_i/rst_ps7_0_100M/U0/SEQ/seq_cnt_en                                                                                                                    | hw5_i/rst_ps7_0_100M/U0/SEQ/SEQ_COUNTER/clear                                                                                         |                2 |             12 |
|  hw5_i/processing_system7_0/inst/FCLK_CLK0 | hw5_i/arithmetic_0/inst/arithmetic_v1_0_S00_AXI_inst/slv_reg0[15]_i_1_n_0                                                                                 | hw5_i/arithmetic_0/inst/arithmetic_v1_0_S00_AXI_inst/axi_awready_i_1_n_0                                                              |                1 |             16 |
|  hw5_i/processing_system7_0/inst/FCLK_CLK0 | hw5_i/ps7_0_axi_periph/s00_couplers/auto_pc/inst/gen_axilite.gen_b2s_conv.axilite_b2s/RD.ar_channel_0/ar_cmd_fsm_0/axaddr_incr_reg[0][0]                  |                                                                                                                                       |                2 |             16 |
|  hw5_i/processing_system7_0/inst/FCLK_CLK0 | hw5_i/ps7_0_axi_periph/s00_couplers/auto_pc/inst/gen_axilite.gen_b2s_conv.axilite_b2s/WR.aw_channel_0/aw_cmd_fsm_0/E[0]                                   |                                                                                                                                       |                4 |             16 |
|  hw5_i/processing_system7_0/inst/FCLK_CLK0 | hw5_i/ps7_0_axi_periph/s00_couplers/auto_pc/inst/gen_axilite.gen_b2s_conv.axilite_b2s/WR.aw_channel_0/cmd_translator_0/incr_cmd_0/axaddr_incr[11]_i_1_n_0 |                                                                                                                                       |                4 |             16 |
|  hw5_i/processing_system7_0/inst/FCLK_CLK0 | hw5_i/arithmetic_0/inst/arithmetic_v1_0_S00_AXI_inst/slv_reg2[15]_i_1_n_0                                                                                 | hw5_i/arithmetic_0/inst/arithmetic_v1_0_S00_AXI_inst/axi_awready_i_1_n_0                                                              |                1 |             16 |
|  hw5_i/processing_system7_0/inst/FCLK_CLK0 | hw5_i/arithmetic_0/inst/arithmetic_v1_0_S00_AXI_inst/slv_reg0[7]_i_1_n_0                                                                                  | hw5_i/arithmetic_0/inst/arithmetic_v1_0_S00_AXI_inst/axi_awready_i_1_n_0                                                              |                2 |             16 |
|  hw5_i/processing_system7_0/inst/FCLK_CLK0 | hw5_i/arithmetic_0/inst/arithmetic_v1_0_S00_AXI_inst/slv_reg0[31]_i_1_n_0                                                                                 | hw5_i/arithmetic_0/inst/arithmetic_v1_0_S00_AXI_inst/axi_awready_i_1_n_0                                                              |                1 |             16 |
|  hw5_i/processing_system7_0/inst/FCLK_CLK0 | hw5_i/arithmetic_0/inst/arithmetic_v1_0_S00_AXI_inst/slv_reg0[23]_i_1_n_0                                                                                 | hw5_i/arithmetic_0/inst/arithmetic_v1_0_S00_AXI_inst/axi_awready_i_1_n_0                                                              |                1 |             16 |
|  hw5_i/processing_system7_0/inst/FCLK_CLK0 | hw5_i/arithmetic_0/inst/arithmetic_v1_0_S00_AXI_inst/slv_reg2[31]_i_1_n_0                                                                                 | hw5_i/arithmetic_0/inst/arithmetic_v1_0_S00_AXI_inst/axi_awready_i_1_n_0                                                              |                1 |             16 |
|  hw5_i/processing_system7_0/inst/FCLK_CLK0 | hw5_i/arithmetic_0/inst/arithmetic_v1_0_S00_AXI_inst/p_1_in[23]                                                                                           | hw5_i/arithmetic_0/inst/arithmetic_v1_0_S00_AXI_inst/axi_awready_i_1_n_0                                                              |                1 |             16 |
|  hw5_i/processing_system7_0/inst/FCLK_CLK0 | hw5_i/arithmetic_0/inst/arithmetic_v1_0_S00_AXI_inst/p_1_in[15]                                                                                           | hw5_i/arithmetic_0/inst/arithmetic_v1_0_S00_AXI_inst/axi_awready_i_1_n_0                                                              |                2 |             16 |
|  hw5_i/processing_system7_0/inst/FCLK_CLK0 | hw5_i/arithmetic_0/inst/arithmetic_v1_0_S00_AXI_inst/p_1_in[7]                                                                                            | hw5_i/arithmetic_0/inst/arithmetic_v1_0_S00_AXI_inst/axi_awready_i_1_n_0                                                              |                3 |             16 |
|  hw5_i/processing_system7_0/inst/FCLK_CLK0 | hw5_i/arithmetic_0/inst/arithmetic_v1_0_S00_AXI_inst/slv_reg2[23]_i_1_n_0                                                                                 | hw5_i/arithmetic_0/inst/arithmetic_v1_0_S00_AXI_inst/axi_awready_i_1_n_0                                                              |                1 |             16 |
|  hw5_i/processing_system7_0/inst/FCLK_CLK0 | hw5_i/arithmetic_0/inst/arithmetic_v1_0_S00_AXI_inst/slv_reg2[7]_i_1_n_0                                                                                  | hw5_i/arithmetic_0/inst/arithmetic_v1_0_S00_AXI_inst/axi_awready_i_1_n_0                                                              |                1 |             16 |
|  hw5_i/processing_system7_0/inst/FCLK_CLK0 | hw5_i/arithmetic_0/inst/arithmetic_v1_0_S00_AXI_inst/p_1_in[31]                                                                                           | hw5_i/arithmetic_0/inst/arithmetic_v1_0_S00_AXI_inst/axi_awready_i_1_n_0                                                              |                1 |             16 |
|  hw5_i/processing_system7_0/inst/FCLK_CLK0 | hw5_i/parity_0/inst/parity_v1_0_S00_AXI_inst/p_1_in[15]                                                                                                   | hw5_i/parity_0/inst/parity_v1_0_S00_AXI_inst/axi_awready_i_1_n_0                                                                      |                1 |             16 |
|  hw5_i/processing_system7_0/inst/FCLK_CLK0 | hw5_i/parity_0/inst/parity_v1_0_S00_AXI_inst/slv_reg2[7]_i_1_n_0                                                                                          | hw5_i/parity_0/inst/parity_v1_0_S00_AXI_inst/axi_awready_i_1_n_0                                                                      |                1 |             16 |
|  hw5_i/processing_system7_0/inst/FCLK_CLK0 | hw5_i/parity_0/inst/parity_v1_0_S00_AXI_inst/slv_reg0[23]_i_1_n_0                                                                                         | hw5_i/parity_0/inst/parity_v1_0_S00_AXI_inst/axi_awready_i_1_n_0                                                                      |                1 |             16 |
|  hw5_i/processing_system7_0/inst/FCLK_CLK0 | hw5_i/parity_0/inst/parity_v1_0_S00_AXI_inst/slv_reg0[31]_i_1_n_0                                                                                         | hw5_i/parity_0/inst/parity_v1_0_S00_AXI_inst/axi_awready_i_1_n_0                                                                      |                1 |             16 |
|  hw5_i/processing_system7_0/inst/FCLK_CLK0 | hw5_i/parity_0/inst/parity_v1_0_S00_AXI_inst/slv_reg0[7]_i_1_n_0                                                                                          | hw5_i/parity_0/inst/parity_v1_0_S00_AXI_inst/axi_awready_i_1_n_0                                                                      |                2 |             16 |
|  hw5_i/processing_system7_0/inst/FCLK_CLK0 | hw5_i/parity_0/inst/parity_v1_0_S00_AXI_inst/p_1_in[23]                                                                                                   | hw5_i/parity_0/inst/parity_v1_0_S00_AXI_inst/axi_awready_i_1_n_0                                                                      |                1 |             16 |
|  hw5_i/processing_system7_0/inst/FCLK_CLK0 | hw5_i/parity_0/inst/parity_v1_0_S00_AXI_inst/slv_reg2[15]_i_1_n_0                                                                                         | hw5_i/parity_0/inst/parity_v1_0_S00_AXI_inst/axi_awready_i_1_n_0                                                                      |                1 |             16 |
|  hw5_i/processing_system7_0/inst/FCLK_CLK0 | hw5_i/parity_0/inst/parity_v1_0_S00_AXI_inst/slv_reg2[23]_i_1_n_0                                                                                         | hw5_i/parity_0/inst/parity_v1_0_S00_AXI_inst/axi_awready_i_1_n_0                                                                      |                1 |             16 |
|  hw5_i/processing_system7_0/inst/FCLK_CLK0 | hw5_i/parity_0/inst/parity_v1_0_S00_AXI_inst/p_1_in[31]                                                                                                   | hw5_i/parity_0/inst/parity_v1_0_S00_AXI_inst/axi_awready_i_1_n_0                                                                      |                1 |             16 |
|  hw5_i/processing_system7_0/inst/FCLK_CLK0 | hw5_i/parity_0/inst/parity_v1_0_S00_AXI_inst/slv_reg2[31]_i_1_n_0                                                                                         | hw5_i/parity_0/inst/parity_v1_0_S00_AXI_inst/axi_awready_i_1_n_0                                                                      |                1 |             16 |
|  hw5_i/processing_system7_0/inst/FCLK_CLK0 | hw5_i/parity_0/inst/parity_v1_0_S00_AXI_inst/p_1_in[7]                                                                                                    | hw5_i/parity_0/inst/parity_v1_0_S00_AXI_inst/axi_awready_i_1_n_0                                                                      |                1 |             16 |
|  hw5_i/processing_system7_0/inst/FCLK_CLK0 | hw5_i/parity_0/inst/parity_v1_0_S00_AXI_inst/slv_reg0[15]_i_1_n_0                                                                                         | hw5_i/parity_0/inst/parity_v1_0_S00_AXI_inst/axi_awready_i_1_n_0                                                                      |                2 |             16 |
|  hw5_i/processing_system7_0/inst/FCLK_CLK0 | hw5_i/hash_0/inst/hash_v1_0_S00_AXI_inst/slv_reg0[31]_i_1_n_0                                                                                             | hw5_i/hash_0/inst/hash_v1_0_S00_AXI_inst/axi_awready_i_1_n_0                                                                          |                1 |             16 |
|  hw5_i/processing_system7_0/inst/FCLK_CLK0 | hw5_i/hash_0/inst/hash_v1_0_S00_AXI_inst/slv_reg0[15]_i_1_n_0                                                                                             | hw5_i/hash_0/inst/hash_v1_0_S00_AXI_inst/axi_awready_i_1_n_0                                                                          |                1 |             16 |
|  hw5_i/processing_system7_0/inst/FCLK_CLK0 | hw5_i/hash_0/inst/hash_v1_0_S00_AXI_inst/slv_reg0[7]_i_1_n_0                                                                                              | hw5_i/hash_0/inst/hash_v1_0_S00_AXI_inst/axi_awready_i_1_n_0                                                                          |                1 |             16 |
|  hw5_i/processing_system7_0/inst/FCLK_CLK0 | hw5_i/hash_0/inst/hash_v1_0_S00_AXI_inst/slv_reg1[15]_i_1_n_0                                                                                             | hw5_i/hash_0/inst/hash_v1_0_S00_AXI_inst/axi_awready_i_1_n_0                                                                          |                2 |             16 |
|  hw5_i/processing_system7_0/inst/FCLK_CLK0 | hw5_i/hash_0/inst/hash_v1_0_S00_AXI_inst/slv_reg0[23]_i_1_n_0                                                                                             | hw5_i/hash_0/inst/hash_v1_0_S00_AXI_inst/axi_awready_i_1_n_0                                                                          |                1 |             16 |
|  hw5_i/processing_system7_0/inst/FCLK_CLK0 | hw5_i/hash_0/inst/hash_v1_0_S00_AXI_inst/slv_reg1[23]_i_1_n_0                                                                                             | hw5_i/hash_0/inst/hash_v1_0_S00_AXI_inst/axi_awready_i_1_n_0                                                                          |                1 |             16 |
|  hw5_i/processing_system7_0/inst/FCLK_CLK0 | hw5_i/hash_0/inst/hash_v1_0_S00_AXI_inst/slv_reg1[31]_i_1_n_0                                                                                             | hw5_i/hash_0/inst/hash_v1_0_S00_AXI_inst/axi_awready_i_1_n_0                                                                          |                1 |             16 |
|  hw5_i/processing_system7_0/inst/FCLK_CLK0 | hw5_i/hash_0/inst/hash_v1_0_S00_AXI_inst/p_1_in[31]                                                                                                       | hw5_i/hash_0/inst/hash_v1_0_S00_AXI_inst/axi_awready_i_1_n_0                                                                          |                1 |             16 |
|  hw5_i/processing_system7_0/inst/FCLK_CLK0 | hw5_i/hash_0/inst/hash_v1_0_S00_AXI_inst/slv_reg1[7]_i_1_n_0                                                                                              | hw5_i/hash_0/inst/hash_v1_0_S00_AXI_inst/axi_awready_i_1_n_0                                                                          |                2 |             16 |
|  hw5_i/processing_system7_0/inst/FCLK_CLK0 | hw5_i/hash_0/inst/hash_v1_0_S00_AXI_inst/p_1_in[7]                                                                                                        | hw5_i/hash_0/inst/hash_v1_0_S00_AXI_inst/axi_awready_i_1_n_0                                                                          |                1 |             16 |
|  hw5_i/processing_system7_0/inst/FCLK_CLK0 | hw5_i/hash_0/inst/hash_v1_0_S00_AXI_inst/p_1_in[23]                                                                                                       | hw5_i/hash_0/inst/hash_v1_0_S00_AXI_inst/axi_awready_i_1_n_0                                                                          |                1 |             16 |
|  hw5_i/processing_system7_0/inst/FCLK_CLK0 | hw5_i/hash_0/inst/hash_v1_0_S00_AXI_inst/p_1_in[15]                                                                                                       | hw5_i/hash_0/inst/hash_v1_0_S00_AXI_inst/axi_awready_i_1_n_0                                                                          |                1 |             16 |
|  hw5_i/processing_system7_0/inst/FCLK_CLK0 | hw5_i/pwm_0/inst/pwm_v1_0_S00_AXI_inst/slv_reg2[7]_i_1_n_0                                                                                                | hw5_i/pwm_0/inst/pwm_v1_0_S00_AXI_inst/axi_awready_i_1_n_0                                                                            |                1 |             16 |
|  hw5_i/processing_system7_0/inst/FCLK_CLK0 | hw5_i/pwm_0/inst/pwm_v1_0_S00_AXI_inst/pwm_i/system_seg[7]_i_1_n_0                                                                                        |                                                                                                                                       |                2 |             16 |
|  hw5_i/processing_system7_0/inst/FCLK_CLK0 | hw5_i/pwm_0/inst/pwm_v1_0_S00_AXI_inst/slv_reg0[15]_i_1_n_0                                                                                               | hw5_i/pwm_0/inst/pwm_v1_0_S00_AXI_inst/axi_awready_i_1_n_0                                                                            |                2 |             16 |
|  hw5_i/processing_system7_0/inst/FCLK_CLK0 | hw5_i/pwm_0/inst/pwm_v1_0_S00_AXI_inst/slv_reg0[23]_i_1_n_0                                                                                               | hw5_i/pwm_0/inst/pwm_v1_0_S00_AXI_inst/axi_awready_i_1_n_0                                                                            |                2 |             16 |
|  hw5_i/processing_system7_0/inst/FCLK_CLK0 | hw5_i/pwm_0/inst/pwm_v1_0_S00_AXI_inst/slv_reg0[31]_i_1_n_0                                                                                               | hw5_i/pwm_0/inst/pwm_v1_0_S00_AXI_inst/axi_awready_i_1_n_0                                                                            |                1 |             16 |
|  hw5_i/processing_system7_0/inst/FCLK_CLK0 | hw5_i/pwm_0/inst/pwm_v1_0_S00_AXI_inst/p_1_in[7]                                                                                                          | hw5_i/pwm_0/inst/pwm_v1_0_S00_AXI_inst/axi_awready_i_1_n_0                                                                            |                1 |             16 |
|  hw5_i/processing_system7_0/inst/FCLK_CLK0 | hw5_i/pwm_0/inst/pwm_v1_0_S00_AXI_inst/slv_reg1[31]_i_1_n_0                                                                                               | hw5_i/pwm_0/inst/pwm_v1_0_S00_AXI_inst/axi_awready_i_1_n_0                                                                            |                3 |             16 |
|  hw5_i/processing_system7_0/inst/FCLK_CLK0 | hw5_i/pwm_0/inst/pwm_v1_0_S00_AXI_inst/slv_reg1[23]_i_1_n_0                                                                                               | hw5_i/pwm_0/inst/pwm_v1_0_S00_AXI_inst/axi_awready_i_1_n_0                                                                            |                2 |             16 |
|  hw5_i/processing_system7_0/inst/FCLK_CLK0 | hw5_i/pwm_0/inst/pwm_v1_0_S00_AXI_inst/slv_reg2[15]_i_1_n_0                                                                                               | hw5_i/pwm_0/inst/pwm_v1_0_S00_AXI_inst/axi_awready_i_1_n_0                                                                            |                1 |             16 |
|  hw5_i/processing_system7_0/inst/FCLK_CLK0 | hw5_i/pwm_0/inst/pwm_v1_0_S00_AXI_inst/p_1_in[23]                                                                                                         | hw5_i/pwm_0/inst/pwm_v1_0_S00_AXI_inst/axi_awready_i_1_n_0                                                                            |                1 |             16 |
|  hw5_i/processing_system7_0/inst/FCLK_CLK0 | hw5_i/pwm_0/inst/pwm_v1_0_S00_AXI_inst/slv_reg0[7]_i_1_n_0                                                                                                | hw5_i/pwm_0/inst/pwm_v1_0_S00_AXI_inst/axi_awready_i_1_n_0                                                                            |                2 |             16 |
|  hw5_i/processing_system7_0/inst/FCLK_CLK0 | hw5_i/pwm_0/inst/pwm_v1_0_S00_AXI_inst/slv_reg1[15]_i_1_n_0                                                                                               | hw5_i/pwm_0/inst/pwm_v1_0_S00_AXI_inst/axi_awready_i_1_n_0                                                                            |                1 |             16 |
|  hw5_i/processing_system7_0/inst/FCLK_CLK0 | hw5_i/pwm_0/inst/pwm_v1_0_S00_AXI_inst/p_1_in[31]                                                                                                         | hw5_i/pwm_0/inst/pwm_v1_0_S00_AXI_inst/axi_awready_i_1_n_0                                                                            |                1 |             16 |
|  hw5_i/processing_system7_0/inst/FCLK_CLK0 | hw5_i/pwm_0/inst/pwm_v1_0_S00_AXI_inst/slv_reg2[31]_i_1_n_0                                                                                               | hw5_i/pwm_0/inst/pwm_v1_0_S00_AXI_inst/axi_awready_i_1_n_0                                                                            |                1 |             16 |
|  hw5_i/processing_system7_0/inst/FCLK_CLK0 | hw5_i/pwm_0/inst/pwm_v1_0_S00_AXI_inst/slv_reg1[7]_i_1_n_0                                                                                                | hw5_i/pwm_0/inst/pwm_v1_0_S00_AXI_inst/axi_awready_i_1_n_0                                                                            |                2 |             16 |
|  hw5_i/processing_system7_0/inst/FCLK_CLK0 | hw5_i/pwm_0/inst/pwm_v1_0_S00_AXI_inst/p_1_in[15]                                                                                                         | hw5_i/pwm_0/inst/pwm_v1_0_S00_AXI_inst/axi_awready_i_1_n_0                                                                            |                1 |             16 |
|  hw5_i/processing_system7_0/inst/FCLK_CLK0 | hw5_i/pwm_0/inst/pwm_v1_0_S00_AXI_inst/slv_reg2[23]_i_1_n_0                                                                                               | hw5_i/pwm_0/inst/pwm_v1_0_S00_AXI_inst/axi_awready_i_1_n_0                                                                            |                1 |             16 |
|  hw5_i/processing_system7_0/inst/FCLK_CLK0 | hw5_i/sorting_0/inst/sorting_v1_0_S00_AXI_inst/p_1_in[23]                                                                                                 | hw5_i/sorting_0/inst/sorting_v1_0_S00_AXI_inst/p_0_in                                                                                 |                1 |             16 |
|  hw5_i/processing_system7_0/inst/FCLK_CLK0 | hw5_i/sorting_0/inst/sorting_v1_0_S00_AXI_inst/p_1_in[15]                                                                                                 | hw5_i/sorting_0/inst/sorting_v1_0_S00_AXI_inst/p_0_in                                                                                 |                1 |             16 |
|  hw5_i/processing_system7_0/inst/FCLK_CLK0 | hw5_i/sorting_0/inst/sorting_v1_0_S00_AXI_inst/p_1_in[31]                                                                                                 | hw5_i/sorting_0/inst/sorting_v1_0_S00_AXI_inst/p_0_in                                                                                 |                1 |             16 |
|  hw5_i/processing_system7_0/inst/FCLK_CLK0 | hw5_i/sorting_0/inst/sorting_v1_0_S00_AXI_inst/p_1_in[7]                                                                                                  | hw5_i/sorting_0/inst/sorting_v1_0_S00_AXI_inst/p_0_in                                                                                 |                2 |             16 |
|  hw5_i/processing_system7_0/inst/FCLK_CLK0 | hw5_i/ps7_0_axi_periph/s00_couplers/auto_pc/inst/gen_axilite.gen_b2s_conv.axilite_b2s/WR.b_channel_0/mhandshake_r                                         | hw5_i/ps7_0_axi_periph/s00_couplers/auto_pc/inst/gen_axilite.gen_b2s_conv.axilite_b2s/WR.b_channel_0/bid_fifo_0/SR[0]                 |                2 |             16 |
|  hw5_i/processing_system7_0/inst/FCLK_CLK0 | hw5_i/ps7_0_axi_periph/s00_couplers/auto_pc/inst/gen_axilite.gen_b2s_conv.axilite_b2s/RD.ar_channel_0/ar_cmd_fsm_0/wrap_boundary_axaddr_r_reg[11][0]      |                                                                                                                                       |                6 |             16 |
|  hw5_i/processing_system7_0/inst/FCLK_CLK0 |                                                                                                                                                           | hw5_i/arithmetic_0/inst/arithmetic_v1_0_S00_AXI_inst/axi_awready_i_1_n_0                                                              |                4 |             20 |
|  hw5_i/processing_system7_0/inst/FCLK_CLK0 |                                                                                                                                                           | hw5_i/parity_0/inst/parity_v1_0_S00_AXI_inst/axi_awready_i_1_n_0                                                                      |                3 |             20 |
|  hw5_i/processing_system7_0/inst/FCLK_CLK0 |                                                                                                                                                           | hw5_i/hash_0/inst/hash_v1_0_S00_AXI_inst/axi_awready_i_1_n_0                                                                          |                3 |             20 |
|  hw5_i/processing_system7_0/inst/FCLK_CLK0 |                                                                                                                                                           | hw5_i/pwm_0/inst/pwm_v1_0_S00_AXI_inst/axi_awready_i_1_n_0                                                                            |                3 |             20 |
|  hw5_i/processing_system7_0/inst/FCLK_CLK0 |                                                                                                                                                           | hw5_i/sorting_0/inst/sorting_v1_0_S00_AXI_inst/p_0_in                                                                                 |                4 |             24 |
|  hw5_i/processing_system7_0/inst/FCLK_CLK0 | hw5_i/ps7_0_axi_periph/s00_couplers/auto_pc/inst/gen_axilite.gen_b2s_conv.axilite_b2s/RD.r_channel_0/r_push_r                                             |                                                                                                                                       |                4 |             26 |
|  hw5_i/processing_system7_0/inst/FCLK_CLK0 |                                                                                                                                                           | hw5_i/ps7_0_axi_periph/xbar/inst/gen_sasd.crossbar_sasd_0/addr_arbiter_inst/SR[0]                                                     |                5 |             26 |
|  hw5_i/processing_system7_0/inst/FCLK_CLK0 | hw5_i/ps7_0_axi_periph/s00_couplers/auto_pc/inst/gen_axilite.gen_b2s_conv.axilite_b2s/SI_REG/b.b_pipe/skid_buffer_reg[0]_0                                |                                                                                                                                       |                2 |             28 |
|  hw5_i/processing_system7_0/inst/FCLK_CLK0 | hw5_i/ps7_0_axi_periph/s00_couplers/auto_pc/inst/gen_axilite.gen_b2s_conv.axilite_b2s/SI_REG/b.b_pipe/p_1_in                                              |                                                                                                                                       |                2 |             28 |
|  hw5_i/processing_system7_0/inst/FCLK_CLK0 | hw5_i/sorting_0/inst/sorting_v1_0_S00_AXI_inst/sorting_i/FSM_onehot_counter_reg_n_0_[3]                                                                   |                                                                                                                                       |                4 |             32 |
|  hw5_i/processing_system7_0/inst/FCLK_CLK0 | hw5_i/ps7_0_axi_periph/s00_couplers/auto_pc/inst/gen_axilite.gen_b2s_conv.axilite_b2s/RD.ar_channel_0/ar_cmd_fsm_0/E[0]                                   |                                                                                                                                       |                8 |             32 |
|  hw5_i/processing_system7_0/inst/FCLK_CLK0 | hw5_i/ps7_0_axi_periph/s00_couplers/auto_pc/inst/gen_axilite.gen_b2s_conv.axilite_b2s/WR.aw_channel_0/aw_cmd_fsm_0/b_push                                 |                                                                                                                                       |                3 |             32 |
|  hw5_i/processing_system7_0/inst/FCLK_CLK0 | hw5_i/ps7_0_axi_periph/s00_couplers/auto_pc/inst/gen_axilite.gen_b2s_conv.axilite_b2s/WR.aw_channel_0/aw_cmd_fsm_0/axaddr_wrap_reg[11][0]                 |                                                                                                                                       |                5 |             32 |
|  hw5_i/processing_system7_0/inst/FCLK_CLK0 | hw5_i/ps7_0_axi_periph/xbar/inst/gen_sasd.crossbar_sasd_0/addr_arbiter_inst/p_0_in1_in                                                                    | hw5_i/ps7_0_axi_periph/xbar/inst/gen_sasd.crossbar_sasd_0/addr_arbiter_inst/SR[0]                                                     |                7 |             38 |
|  hw5_i/processing_system7_0/inst/FCLK_CLK0 | hw5_i/parity_0/inst/parity_v1_0_S00_AXI_inst/slv_reg_rden__0                                                                                              | hw5_i/parity_0/inst/parity_v1_0_S00_AXI_inst/axi_awready_i_1_n_0                                                                      |               14 |             64 |
|  hw5_i/processing_system7_0/inst/FCLK_CLK0 | hw5_i/sorting_0/inst/sorting_v1_0_S00_AXI_inst/slv_reg_rden__0                                                                                            | hw5_i/sorting_0/inst/sorting_v1_0_S00_AXI_inst/p_0_in                                                                                 |                5 |             64 |
|  hw5_i/processing_system7_0/inst/FCLK_CLK0 | hw5_i/hash_0/inst/hash_v1_0_S00_AXI_inst/slv_reg_rden__0                                                                                                  | hw5_i/hash_0/inst/hash_v1_0_S00_AXI_inst/axi_awready_i_1_n_0                                                                          |               11 |             64 |
|  hw5_i/processing_system7_0/inst/FCLK_CLK0 | hw5_i/arithmetic_0/inst/arithmetic_v1_0_S00_AXI_inst/slv_reg_rden__0                                                                                      | hw5_i/arithmetic_0/inst/arithmetic_v1_0_S00_AXI_inst/axi_awready_i_1_n_0                                                              |               15 |             64 |
|  hw5_i/processing_system7_0/inst/FCLK_CLK0 | hw5_i/pwm_0/inst/pwm_v1_0_S00_AXI_inst/slv_reg_rden__0                                                                                                    | hw5_i/pwm_0/inst/pwm_v1_0_S00_AXI_inst/axi_awready_i_1_n_0                                                                            |               10 |             64 |
|  hw5_i/processing_system7_0/inst/FCLK_CLK0 | hw5_i/ps7_0_axi_periph/s00_couplers/auto_pc/inst/gen_axilite.gen_b2s_conv.axilite_b2s/RD.r_channel_0/rd_data_fifo_0/wr_en0                                |                                                                                                                                       |                9 |             68 |
|  hw5_i/processing_system7_0/inst/FCLK_CLK0 | hw5_i/ps7_0_axi_periph/xbar/inst/gen_sasd.crossbar_sasd_0/addr_arbiter_inst/E[0]                                                                          |                                                                                                                                       |               16 |             70 |
|  hw5_i/processing_system7_0/inst/FCLK_CLK0 | hw5_i/ps7_0_axi_periph/s00_couplers/auto_pc/inst/gen_axilite.gen_b2s_conv.axilite_b2s/SI_REG/ar.ar_pipe/s_axi_arready                                     |                                                                                                                                       |               10 |             88 |
|  hw5_i/processing_system7_0/inst/FCLK_CLK0 | hw5_i/ps7_0_axi_periph/s00_couplers/auto_pc/inst/gen_axilite.gen_b2s_conv.axilite_b2s/SI_REG/aw.aw_pipe/s_axi_awready                                     |                                                                                                                                       |                9 |             88 |
|  hw5_i/processing_system7_0/inst/FCLK_CLK0 | hw5_i/ps7_0_axi_periph/s00_couplers/auto_pc/inst/gen_axilite.gen_b2s_conv.axilite_b2s/RD.ar_channel_0/ar_cmd_fsm_0/m_payload_i_reg[0]_1[0]                |                                                                                                                                       |               11 |             88 |
|  hw5_i/processing_system7_0/inst/FCLK_CLK0 | hw5_i/ps7_0_axi_periph/s00_couplers/auto_pc/inst/gen_axilite.gen_b2s_conv.axilite_b2s/WR.aw_channel_0/aw_cmd_fsm_0/m_payload_i_reg[0][0]                  |                                                                                                                                       |                7 |             88 |
|  hw5_i/processing_system7_0/inst/FCLK_CLK0 | hw5_i/ps7_0_axi_periph/s00_couplers/auto_pc/inst/gen_axilite.gen_b2s_conv.axilite_b2s/SI_REG/r.r_pipe/skid_buffer_reg[0]_0                                |                                                                                                                                       |               11 |             94 |
|  hw5_i/processing_system7_0/inst/FCLK_CLK0 | hw5_i/ps7_0_axi_periph/s00_couplers/auto_pc/inst/gen_axilite.gen_b2s_conv.axilite_b2s/SI_REG/r.r_pipe/p_1_in                                              |                                                                                                                                       |                9 |             94 |
|  hw5_i/processing_system7_0/inst/FCLK_CLK0 |                                                                                                                                                           | hw5_i/ps7_0_axi_periph/s00_couplers/auto_pc/inst/gen_axilite.gen_b2s_conv.axilite_b2s/areset_d1                                       |               20 |            120 |
|  hw5_i/processing_system7_0/inst/FCLK_CLK0 |                                                                                                                                                           |                                                                                                                                       |               77 |            416 |
+--------------------------------------------+-----------------------------------------------------------------------------------------------------------------------------------------------------------+---------------------------------------------------------------------------------------------------------------------------------------+------------------+----------------+


