15:19:05 INFO  : Registering command handlers for SDK TCF services
15:19:07 INFO  : Launching XSCT server: xsct.bat -interactive C:\Users\user\Documents\GitHub\F84051053\hw5\hw5_pj\hw5_pj.sdk\temp_xsdb_launch_script.tcl
15:19:13 INFO  : XSCT server has started successfully.
15:19:17 INFO  : Successfully done setting XSCT server connection channel  
15:19:17 INFO  : Successfully done setting SDK workspace  
15:19:17 INFO  : Processing command line option -hwspec C:/Users/user/Documents/GitHub/F84051053/hw5/hw5_pj/hw5_pj.sdk/hw5_wrapper.hdf.
15:34:53 INFO  : Connected to target on host '127.0.0.1' and port '3121'.
15:34:55 INFO  : Jtag cable 'Xilinx TUL 1234-tulA' is selected.
15:34:55 INFO  : 'jtag frequency' command is executed.
15:34:55 INFO  : Sourcing of 'C:/Users/user/Documents/GitHub/F84051053/hw5/hw5_pj/hw5_pj.sdk/hw5_wrapper_hw_platform_0/ps7_init.tcl' is done.
15:34:55 INFO  : Context for 'APU' is selected.
15:34:55 INFO  : System reset is completed.
15:34:58 INFO  : 'after 3000' command is executed.
15:34:58 INFO  : 'targets -set -filter {jtag_cable_name =~ "Xilinx TUL 1234-tulA" && level==0} -index 1' command is executed.
15:35:01 INFO  : FPGA configured successfully with bitstream "C:/Users/user/Documents/GitHub/F84051053/hw5/hw5_pj/hw5_pj.sdk/hw5_wrapper_hw_platform_0/hw5_wrapper.bit"
15:35:01 INFO  : Context for 'APU' is selected.
15:35:01 INFO  : Hardware design information is loaded from 'C:/Users/user/Documents/GitHub/F84051053/hw5/hw5_pj/hw5_pj.sdk/hw5_wrapper_hw_platform_0/system.hdf'.
15:35:01 INFO  : 'configparams force-mem-access 1' command is executed.
15:35:01 INFO  : Context for 'APU' is selected.
15:35:01 INFO  : 'ps7_init' command is executed.
15:35:01 INFO  : 'ps7_post_config' command is executed.
15:35:02 INFO  : Context for processor 'ps7_cortexa9_0' is selected.
15:35:02 INFO  : The application 'C:/Users/user/Documents/GitHub/F84051053/hw5/hw5_pj/hw5_pj.sdk/hw5/Debug/hw5.elf' is downloaded to processor 'ps7_cortexa9_0'.
15:35:02 INFO  : 'configparams force-mem-access 0' command is executed.
15:35:02 INFO  : ----------------XSDB Script----------------
connect -url tcp:127.0.0.1:3121
source C:/Users/user/Documents/GitHub/F84051053/hw5/hw5_pj/hw5_pj.sdk/hw5_wrapper_hw_platform_0/ps7_init.tcl
targets -set -nocase -filter {name =~"APU*" && jtag_cable_name =~ "Xilinx TUL 1234-tulA"} -index 0
rst -system
after 3000
targets -set -filter {jtag_cable_name =~ "Xilinx TUL 1234-tulA" && level==0} -index 1
fpga -file C:/Users/user/Documents/GitHub/F84051053/hw5/hw5_pj/hw5_pj.sdk/hw5_wrapper_hw_platform_0/hw5_wrapper.bit
targets -set -nocase -filter {name =~"APU*" && jtag_cable_name =~ "Xilinx TUL 1234-tulA"} -index 0
loadhw -hw C:/Users/user/Documents/GitHub/F84051053/hw5/hw5_pj/hw5_pj.sdk/hw5_wrapper_hw_platform_0/system.hdf -mem-ranges [list {0x40000000 0xbfffffff}]
configparams force-mem-access 1
targets -set -nocase -filter {name =~"APU*" && jtag_cable_name =~ "Xilinx TUL 1234-tulA"} -index 0
ps7_init
ps7_post_config
targets -set -nocase -filter {name =~ "ARM*#0" && jtag_cable_name =~ "Xilinx TUL 1234-tulA"} -index 0
dow C:/Users/user/Documents/GitHub/F84051053/hw5/hw5_pj/hw5_pj.sdk/hw5/Debug/hw5.elf
configparams force-mem-access 0
----------------End of Script----------------

15:35:02 INFO  : Context for processor 'ps7_cortexa9_0' is selected.
15:35:02 INFO  : 'con' command is executed.
15:35:02 INFO  : ----------------XSDB Script (After Launch)----------------
targets -set -nocase -filter {name =~ "ARM*#0" && jtag_cable_name =~ "Xilinx TUL 1234-tulA"} -index 0
con
----------------End of Script----------------

15:35:02 INFO  : Disconnected from the channel tcfchan#1.
15:36:38 INFO  : Connected to target on host '127.0.0.1' and port '3121'.
15:36:39 INFO  : Jtag cable 'Xilinx TUL 1234-tulA' is selected.
15:36:39 INFO  : 'jtag frequency' command is executed.
15:36:39 INFO  : Sourcing of 'C:/Users/user/Documents/GitHub/F84051053/hw5/hw5_pj/hw5_pj.sdk/hw5_wrapper_hw_platform_0/ps7_init.tcl' is done.
15:36:39 INFO  : Context for 'APU' is selected.
15:36:39 INFO  : System reset is completed.
15:36:43 INFO  : 'after 3000' command is executed.
15:36:43 INFO  : 'targets -set -filter {jtag_cable_name =~ "Xilinx TUL 1234-tulA" && level==0} -index 1' command is executed.
15:36:45 INFO  : FPGA configured successfully with bitstream "C:/Users/user/Documents/GitHub/F84051053/hw5/hw5_pj/hw5_pj.sdk/hw5_wrapper_hw_platform_0/hw5_wrapper.bit"
15:36:45 INFO  : Context for 'APU' is selected.
15:36:48 INFO  : Hardware design information is loaded from 'C:/Users/user/Documents/GitHub/F84051053/hw5/hw5_pj/hw5_pj.sdk/hw5_wrapper_hw_platform_0/system.hdf'.
15:36:48 INFO  : 'configparams force-mem-access 1' command is executed.
15:36:48 INFO  : Context for 'APU' is selected.
15:36:49 INFO  : 'ps7_init' command is executed.
15:36:49 INFO  : 'ps7_post_config' command is executed.
15:36:49 INFO  : Context for processor 'ps7_cortexa9_0' is selected.
15:36:49 INFO  : The application 'C:/Users/user/Documents/GitHub/F84051053/hw5/hw5_pj/hw5_pj.sdk/hw5/Debug/hw5.elf' is downloaded to processor 'ps7_cortexa9_0'.
15:36:49 INFO  : 'configparams force-mem-access 0' command is executed.
15:36:49 INFO  : ----------------XSDB Script----------------
connect -url tcp:127.0.0.1:3121
source C:/Users/user/Documents/GitHub/F84051053/hw5/hw5_pj/hw5_pj.sdk/hw5_wrapper_hw_platform_0/ps7_init.tcl
targets -set -nocase -filter {name =~"APU*" && jtag_cable_name =~ "Xilinx TUL 1234-tulA"} -index 0
rst -system
after 3000
targets -set -filter {jtag_cable_name =~ "Xilinx TUL 1234-tulA" && level==0} -index 1
fpga -file C:/Users/user/Documents/GitHub/F84051053/hw5/hw5_pj/hw5_pj.sdk/hw5_wrapper_hw_platform_0/hw5_wrapper.bit
targets -set -nocase -filter {name =~"APU*" && jtag_cable_name =~ "Xilinx TUL 1234-tulA"} -index 0
loadhw -hw C:/Users/user/Documents/GitHub/F84051053/hw5/hw5_pj/hw5_pj.sdk/hw5_wrapper_hw_platform_0/system.hdf -mem-ranges [list {0x40000000 0xbfffffff}]
configparams force-mem-access 1
targets -set -nocase -filter {name =~"APU*" && jtag_cable_name =~ "Xilinx TUL 1234-tulA"} -index 0
ps7_init
ps7_post_config
targets -set -nocase -filter {name =~ "ARM*#0" && jtag_cable_name =~ "Xilinx TUL 1234-tulA"} -index 0
dow C:/Users/user/Documents/GitHub/F84051053/hw5/hw5_pj/hw5_pj.sdk/hw5/Debug/hw5.elf
configparams force-mem-access 0
----------------End of Script----------------

15:36:49 INFO  : Context for processor 'ps7_cortexa9_0' is selected.
15:36:49 INFO  : 'con' command is executed.
15:36:49 INFO  : ----------------XSDB Script (After Launch)----------------
targets -set -nocase -filter {name =~ "ARM*#0" && jtag_cable_name =~ "Xilinx TUL 1234-tulA"} -index 0
con
----------------End of Script----------------

15:36:50 INFO  : Disconnected from the channel tcfchan#2.
15:39:49 INFO  : Connected to target on host '127.0.0.1' and port '3121'.
15:39:50 INFO  : Jtag cable 'Xilinx TUL 1234-tulA' is selected.
15:39:50 INFO  : 'jtag frequency' command is executed.
15:39:50 INFO  : Sourcing of 'C:/Users/user/Documents/GitHub/F84051053/hw5/hw5_pj/hw5_pj.sdk/hw5_wrapper_hw_platform_0/ps7_init.tcl' is done.
15:39:50 INFO  : Context for 'APU' is selected.
15:39:50 INFO  : System reset is completed.
15:39:53 INFO  : 'after 3000' command is executed.
15:39:53 INFO  : 'targets -set -filter {jtag_cable_name =~ "Xilinx TUL 1234-tulA" && level==0} -index 1' command is executed.
15:39:55 INFO  : FPGA configured successfully with bitstream "C:/Users/user/Documents/GitHub/F84051053/hw5/hw5_pj/hw5_pj.sdk/hw5_wrapper_hw_platform_0/hw5_wrapper.bit"
15:39:55 INFO  : Context for 'APU' is selected.
15:39:59 INFO  : Hardware design information is loaded from 'C:/Users/user/Documents/GitHub/F84051053/hw5/hw5_pj/hw5_pj.sdk/hw5_wrapper_hw_platform_0/system.hdf'.
15:39:59 INFO  : 'configparams force-mem-access 1' command is executed.
15:39:59 INFO  : Context for 'APU' is selected.
15:39:59 INFO  : 'ps7_init' command is executed.
15:39:59 INFO  : 'ps7_post_config' command is executed.
15:39:59 INFO  : Context for processor 'ps7_cortexa9_0' is selected.
15:40:00 INFO  : The application 'C:/Users/user/Documents/GitHub/F84051053/hw5/hw5_pj/hw5_pj.sdk/hw5/Debug/hw5.elf' is downloaded to processor 'ps7_cortexa9_0'.
15:40:00 INFO  : 'configparams force-mem-access 0' command is executed.
15:40:00 INFO  : ----------------XSDB Script----------------
connect -url tcp:127.0.0.1:3121
source C:/Users/user/Documents/GitHub/F84051053/hw5/hw5_pj/hw5_pj.sdk/hw5_wrapper_hw_platform_0/ps7_init.tcl
targets -set -nocase -filter {name =~"APU*" && jtag_cable_name =~ "Xilinx TUL 1234-tulA"} -index 0
rst -system
after 3000
targets -set -filter {jtag_cable_name =~ "Xilinx TUL 1234-tulA" && level==0} -index 1
fpga -file C:/Users/user/Documents/GitHub/F84051053/hw5/hw5_pj/hw5_pj.sdk/hw5_wrapper_hw_platform_0/hw5_wrapper.bit
targets -set -nocase -filter {name =~"APU*" && jtag_cable_name =~ "Xilinx TUL 1234-tulA"} -index 0
loadhw -hw C:/Users/user/Documents/GitHub/F84051053/hw5/hw5_pj/hw5_pj.sdk/hw5_wrapper_hw_platform_0/system.hdf -mem-ranges [list {0x40000000 0xbfffffff}]
configparams force-mem-access 1
targets -set -nocase -filter {name =~"APU*" && jtag_cable_name =~ "Xilinx TUL 1234-tulA"} -index 0
ps7_init
ps7_post_config
targets -set -nocase -filter {name =~ "ARM*#0" && jtag_cable_name =~ "Xilinx TUL 1234-tulA"} -index 0
dow C:/Users/user/Documents/GitHub/F84051053/hw5/hw5_pj/hw5_pj.sdk/hw5/Debug/hw5.elf
configparams force-mem-access 0
----------------End of Script----------------

15:40:00 INFO  : Context for processor 'ps7_cortexa9_0' is selected.
15:40:00 INFO  : 'con' command is executed.
15:40:00 INFO  : ----------------XSDB Script (After Launch)----------------
targets -set -nocase -filter {name =~ "ARM*#0" && jtag_cable_name =~ "Xilinx TUL 1234-tulA"} -index 0
con
----------------End of Script----------------

15:40:00 INFO  : Disconnected from the channel tcfchan#3.
15:46:47 INFO  : Connected to target on host '127.0.0.1' and port '3121'.
15:46:48 INFO  : Jtag cable 'Xilinx TUL 1234-tulA' is selected.
15:46:48 INFO  : 'jtag frequency' command is executed.
15:46:48 INFO  : Sourcing of 'C:/Users/user/Documents/GitHub/F84051053/hw5/hw5_pj/hw5_pj.sdk/hw5_wrapper_hw_platform_0/ps7_init.tcl' is done.
15:46:48 INFO  : Context for 'APU' is selected.
15:46:48 INFO  : System reset is completed.
15:46:51 INFO  : 'after 3000' command is executed.
15:46:52 INFO  : 'targets -set -filter {jtag_cable_name =~ "Xilinx TUL 1234-tulA" && level==0} -index 1' command is executed.
15:46:54 INFO  : FPGA configured successfully with bitstream "C:/Users/user/Documents/GitHub/F84051053/hw5/hw5_pj/hw5_pj.sdk/hw5_wrapper_hw_platform_0/hw5_wrapper.bit"
15:46:54 INFO  : Context for 'APU' is selected.
15:46:57 INFO  : Hardware design information is loaded from 'C:/Users/user/Documents/GitHub/F84051053/hw5/hw5_pj/hw5_pj.sdk/hw5_wrapper_hw_platform_0/system.hdf'.
15:46:57 INFO  : 'configparams force-mem-access 1' command is executed.
15:46:57 INFO  : Context for 'APU' is selected.
15:46:58 INFO  : 'ps7_init' command is executed.
15:46:58 INFO  : 'ps7_post_config' command is executed.
15:46:58 INFO  : Context for processor 'ps7_cortexa9_0' is selected.
15:46:59 INFO  : The application 'C:/Users/user/Documents/GitHub/F84051053/hw5/hw5_pj/hw5_pj.sdk/hw5/Debug/hw5.elf' is downloaded to processor 'ps7_cortexa9_0'.
15:46:59 INFO  : 'configparams force-mem-access 0' command is executed.
15:46:59 INFO  : ----------------XSDB Script----------------
connect -url tcp:127.0.0.1:3121
source C:/Users/user/Documents/GitHub/F84051053/hw5/hw5_pj/hw5_pj.sdk/hw5_wrapper_hw_platform_0/ps7_init.tcl
targets -set -nocase -filter {name =~"APU*" && jtag_cable_name =~ "Xilinx TUL 1234-tulA"} -index 0
rst -system
after 3000
targets -set -filter {jtag_cable_name =~ "Xilinx TUL 1234-tulA" && level==0} -index 1
fpga -file C:/Users/user/Documents/GitHub/F84051053/hw5/hw5_pj/hw5_pj.sdk/hw5_wrapper_hw_platform_0/hw5_wrapper.bit
targets -set -nocase -filter {name =~"APU*" && jtag_cable_name =~ "Xilinx TUL 1234-tulA"} -index 0
loadhw -hw C:/Users/user/Documents/GitHub/F84051053/hw5/hw5_pj/hw5_pj.sdk/hw5_wrapper_hw_platform_0/system.hdf -mem-ranges [list {0x40000000 0xbfffffff}]
configparams force-mem-access 1
targets -set -nocase -filter {name =~"APU*" && jtag_cable_name =~ "Xilinx TUL 1234-tulA"} -index 0
ps7_init
ps7_post_config
targets -set -nocase -filter {name =~ "ARM*#0" && jtag_cable_name =~ "Xilinx TUL 1234-tulA"} -index 0
dow C:/Users/user/Documents/GitHub/F84051053/hw5/hw5_pj/hw5_pj.sdk/hw5/Debug/hw5.elf
configparams force-mem-access 0
----------------End of Script----------------

15:46:59 INFO  : Context for processor 'ps7_cortexa9_0' is selected.
15:46:59 INFO  : 'con' command is executed.
15:46:59 INFO  : ----------------XSDB Script (After Launch)----------------
targets -set -nocase -filter {name =~ "ARM*#0" && jtag_cable_name =~ "Xilinx TUL 1234-tulA"} -index 0
con
----------------End of Script----------------

15:46:59 INFO  : Disconnected from the channel tcfchan#4.
15:49:59 INFO  : Connected to target on host '127.0.0.1' and port '3121'.
15:50:00 INFO  : Jtag cable 'Xilinx TUL 1234-tulA' is selected.
15:50:00 INFO  : 'jtag frequency' command is executed.
15:50:00 INFO  : Sourcing of 'C:/Users/user/Documents/GitHub/F84051053/hw5/hw5_pj/hw5_pj.sdk/hw5_wrapper_hw_platform_0/ps7_init.tcl' is done.
15:50:01 INFO  : Context for 'APU' is selected.
15:50:01 INFO  : System reset is completed.
15:50:04 INFO  : 'after 3000' command is executed.
15:50:04 INFO  : 'targets -set -filter {jtag_cable_name =~ "Xilinx TUL 1234-tulA" && level==0} -index 1' command is executed.
15:50:06 INFO  : FPGA configured successfully with bitstream "C:/Users/user/Documents/GitHub/F84051053/hw5/hw5_pj/hw5_pj.sdk/hw5_wrapper_hw_platform_0/hw5_wrapper.bit"
15:50:06 INFO  : Context for 'APU' is selected.
15:50:10 INFO  : Hardware design information is loaded from 'C:/Users/user/Documents/GitHub/F84051053/hw5/hw5_pj/hw5_pj.sdk/hw5_wrapper_hw_platform_0/system.hdf'.
15:50:10 INFO  : 'configparams force-mem-access 1' command is executed.
15:50:10 INFO  : Context for 'APU' is selected.
15:50:10 INFO  : 'ps7_init' command is executed.
15:50:10 INFO  : 'ps7_post_config' command is executed.
15:50:10 INFO  : Context for processor 'ps7_cortexa9_0' is selected.
15:50:11 INFO  : The application 'C:/Users/user/Documents/GitHub/F84051053/hw5/hw5_pj/hw5_pj.sdk/hw5/Debug/hw5.elf' is downloaded to processor 'ps7_cortexa9_0'.
15:50:11 INFO  : 'configparams force-mem-access 0' command is executed.
15:50:11 INFO  : ----------------XSDB Script----------------
connect -url tcp:127.0.0.1:3121
source C:/Users/user/Documents/GitHub/F84051053/hw5/hw5_pj/hw5_pj.sdk/hw5_wrapper_hw_platform_0/ps7_init.tcl
targets -set -nocase -filter {name =~"APU*" && jtag_cable_name =~ "Xilinx TUL 1234-tulA"} -index 0
rst -system
after 3000
targets -set -filter {jtag_cable_name =~ "Xilinx TUL 1234-tulA" && level==0} -index 1
fpga -file C:/Users/user/Documents/GitHub/F84051053/hw5/hw5_pj/hw5_pj.sdk/hw5_wrapper_hw_platform_0/hw5_wrapper.bit
targets -set -nocase -filter {name =~"APU*" && jtag_cable_name =~ "Xilinx TUL 1234-tulA"} -index 0
loadhw -hw C:/Users/user/Documents/GitHub/F84051053/hw5/hw5_pj/hw5_pj.sdk/hw5_wrapper_hw_platform_0/system.hdf -mem-ranges [list {0x40000000 0xbfffffff}]
configparams force-mem-access 1
targets -set -nocase -filter {name =~"APU*" && jtag_cable_name =~ "Xilinx TUL 1234-tulA"} -index 0
ps7_init
ps7_post_config
targets -set -nocase -filter {name =~ "ARM*#0" && jtag_cable_name =~ "Xilinx TUL 1234-tulA"} -index 0
dow C:/Users/user/Documents/GitHub/F84051053/hw5/hw5_pj/hw5_pj.sdk/hw5/Debug/hw5.elf
configparams force-mem-access 0
----------------End of Script----------------

15:50:11 INFO  : Context for processor 'ps7_cortexa9_0' is selected.
15:50:11 INFO  : 'con' command is executed.
15:50:11 INFO  : ----------------XSDB Script (After Launch)----------------
targets -set -nocase -filter {name =~ "ARM*#0" && jtag_cable_name =~ "Xilinx TUL 1234-tulA"} -index 0
con
----------------End of Script----------------

15:50:11 INFO  : Disconnected from the channel tcfchan#5.
15:50:41 INFO  : Connected to target on host '127.0.0.1' and port '3121'.
15:50:41 INFO  : Jtag cable 'Xilinx TUL 1234-tulA' is selected.
15:50:41 INFO  : 'jtag frequency' command is executed.
15:50:41 INFO  : Sourcing of 'C:/Users/user/Documents/GitHub/F84051053/hw5/hw5_pj/hw5_pj.sdk/hw5_wrapper_hw_platform_0/ps7_init.tcl' is done.
15:50:41 INFO  : Context for 'APU' is selected.
15:50:42 INFO  : System reset is completed.
15:50:45 INFO  : 'after 3000' command is executed.
15:50:45 INFO  : 'targets -set -filter {jtag_cable_name =~ "Xilinx TUL 1234-tulA" && level==0} -index 1' command is executed.
15:50:47 INFO  : FPGA configured successfully with bitstream "C:/Users/user/Documents/GitHub/F84051053/hw5/hw5_pj/hw5_pj.sdk/hw5_wrapper_hw_platform_0/hw5_wrapper.bit"
15:50:47 INFO  : Context for 'APU' is selected.
15:50:51 INFO  : Hardware design information is loaded from 'C:/Users/user/Documents/GitHub/F84051053/hw5/hw5_pj/hw5_pj.sdk/hw5_wrapper_hw_platform_0/system.hdf'.
15:50:51 INFO  : 'configparams force-mem-access 1' command is executed.
15:50:51 INFO  : Context for 'APU' is selected.
15:50:52 INFO  : 'ps7_init' command is executed.
15:50:52 INFO  : 'ps7_post_config' command is executed.
15:50:52 INFO  : Context for processor 'ps7_cortexa9_0' is selected.
15:50:52 INFO  : The application 'C:/Users/user/Documents/GitHub/F84051053/hw5/hw5_pj/hw5_pj.sdk/hw5/Debug/hw5.elf' is downloaded to processor 'ps7_cortexa9_0'.
15:50:52 INFO  : 'configparams force-mem-access 0' command is executed.
15:50:52 INFO  : ----------------XSDB Script----------------
connect -url tcp:127.0.0.1:3121
source C:/Users/user/Documents/GitHub/F84051053/hw5/hw5_pj/hw5_pj.sdk/hw5_wrapper_hw_platform_0/ps7_init.tcl
targets -set -nocase -filter {name =~"APU*" && jtag_cable_name =~ "Xilinx TUL 1234-tulA"} -index 0
rst -system
after 3000
targets -set -filter {jtag_cable_name =~ "Xilinx TUL 1234-tulA" && level==0} -index 1
fpga -file C:/Users/user/Documents/GitHub/F84051053/hw5/hw5_pj/hw5_pj.sdk/hw5_wrapper_hw_platform_0/hw5_wrapper.bit
targets -set -nocase -filter {name =~"APU*" && jtag_cable_name =~ "Xilinx TUL 1234-tulA"} -index 0
loadhw -hw C:/Users/user/Documents/GitHub/F84051053/hw5/hw5_pj/hw5_pj.sdk/hw5_wrapper_hw_platform_0/system.hdf -mem-ranges [list {0x40000000 0xbfffffff}]
configparams force-mem-access 1
targets -set -nocase -filter {name =~"APU*" && jtag_cable_name =~ "Xilinx TUL 1234-tulA"} -index 0
ps7_init
ps7_post_config
targets -set -nocase -filter {name =~ "ARM*#0" && jtag_cable_name =~ "Xilinx TUL 1234-tulA"} -index 0
dow C:/Users/user/Documents/GitHub/F84051053/hw5/hw5_pj/hw5_pj.sdk/hw5/Debug/hw5.elf
configparams force-mem-access 0
----------------End of Script----------------

15:50:52 INFO  : Context for processor 'ps7_cortexa9_0' is selected.
15:50:52 INFO  : 'con' command is executed.
15:50:52 INFO  : ----------------XSDB Script (After Launch)----------------
targets -set -nocase -filter {name =~ "ARM*#0" && jtag_cable_name =~ "Xilinx TUL 1234-tulA"} -index 0
con
----------------End of Script----------------

15:50:52 INFO  : Disconnected from the channel tcfchan#6.
15:52:39 INFO  : Connected to target on host '127.0.0.1' and port '3121'.
15:52:40 INFO  : Jtag cable 'Xilinx TUL 1234-tulA' is selected.
15:52:40 INFO  : 'jtag frequency' command is executed.
15:52:40 INFO  : Sourcing of 'C:/Users/user/Documents/GitHub/F84051053/hw5/hw5_pj/hw5_pj.sdk/hw5_wrapper_hw_platform_0/ps7_init.tcl' is done.
15:52:40 INFO  : Context for 'APU' is selected.
15:52:40 INFO  : System reset is completed.
15:52:43 INFO  : 'after 3000' command is executed.
15:52:44 INFO  : 'targets -set -filter {jtag_cable_name =~ "Xilinx TUL 1234-tulA" && level==0} -index 1' command is executed.
15:52:46 INFO  : FPGA configured successfully with bitstream "C:/Users/user/Documents/GitHub/F84051053/hw5/hw5_pj/hw5_pj.sdk/hw5_wrapper_hw_platform_0/hw5_wrapper.bit"
15:52:46 INFO  : Context for 'APU' is selected.
15:52:49 INFO  : Hardware design information is loaded from 'C:/Users/user/Documents/GitHub/F84051053/hw5/hw5_pj/hw5_pj.sdk/hw5_wrapper_hw_platform_0/system.hdf'.
15:52:49 INFO  : 'configparams force-mem-access 1' command is executed.
15:52:49 INFO  : Context for 'APU' is selected.
15:52:50 INFO  : 'ps7_init' command is executed.
15:52:50 INFO  : 'ps7_post_config' command is executed.
15:52:50 INFO  : Context for processor 'ps7_cortexa9_0' is selected.
15:52:51 INFO  : The application 'C:/Users/user/Documents/GitHub/F84051053/hw5/hw5_pj/hw5_pj.sdk/hw5/Debug/hw5.elf' is downloaded to processor 'ps7_cortexa9_0'.
15:52:51 INFO  : 'configparams force-mem-access 0' command is executed.
15:52:51 INFO  : ----------------XSDB Script----------------
connect -url tcp:127.0.0.1:3121
source C:/Users/user/Documents/GitHub/F84051053/hw5/hw5_pj/hw5_pj.sdk/hw5_wrapper_hw_platform_0/ps7_init.tcl
targets -set -nocase -filter {name =~"APU*" && jtag_cable_name =~ "Xilinx TUL 1234-tulA"} -index 0
rst -system
after 3000
targets -set -filter {jtag_cable_name =~ "Xilinx TUL 1234-tulA" && level==0} -index 1
fpga -file C:/Users/user/Documents/GitHub/F84051053/hw5/hw5_pj/hw5_pj.sdk/hw5_wrapper_hw_platform_0/hw5_wrapper.bit
targets -set -nocase -filter {name =~"APU*" && jtag_cable_name =~ "Xilinx TUL 1234-tulA"} -index 0
loadhw -hw C:/Users/user/Documents/GitHub/F84051053/hw5/hw5_pj/hw5_pj.sdk/hw5_wrapper_hw_platform_0/system.hdf -mem-ranges [list {0x40000000 0xbfffffff}]
configparams force-mem-access 1
targets -set -nocase -filter {name =~"APU*" && jtag_cable_name =~ "Xilinx TUL 1234-tulA"} -index 0
ps7_init
ps7_post_config
targets -set -nocase -filter {name =~ "ARM*#0" && jtag_cable_name =~ "Xilinx TUL 1234-tulA"} -index 0
dow C:/Users/user/Documents/GitHub/F84051053/hw5/hw5_pj/hw5_pj.sdk/hw5/Debug/hw5.elf
configparams force-mem-access 0
----------------End of Script----------------

15:52:51 INFO  : Context for processor 'ps7_cortexa9_0' is selected.
15:52:51 INFO  : 'con' command is executed.
15:52:51 INFO  : ----------------XSDB Script (After Launch)----------------
targets -set -nocase -filter {name =~ "ARM*#0" && jtag_cable_name =~ "Xilinx TUL 1234-tulA"} -index 0
con
----------------End of Script----------------

15:52:51 INFO  : Disconnected from the channel tcfchan#7.
16:01:00 INFO  : Connected to target on host '127.0.0.1' and port '3121'.
16:01:01 INFO  : Jtag cable 'Xilinx TUL 1234-tulA' is selected.
16:01:01 INFO  : 'jtag frequency' command is executed.
16:01:01 INFO  : Sourcing of 'C:/Users/user/Documents/GitHub/F84051053/hw5/hw5_pj/hw5_pj.sdk/hw5_wrapper_hw_platform_0/ps7_init.tcl' is done.
16:01:01 INFO  : Context for 'APU' is selected.
16:01:01 INFO  : System reset is completed.
16:01:04 INFO  : 'after 3000' command is executed.
16:01:05 INFO  : 'targets -set -filter {jtag_cable_name =~ "Xilinx TUL 1234-tulA" && level==0} -index 1' command is executed.
16:01:07 INFO  : FPGA configured successfully with bitstream "C:/Users/user/Documents/GitHub/F84051053/hw5/hw5_pj/hw5_pj.sdk/hw5_wrapper_hw_platform_0/hw5_wrapper.bit"
16:01:07 INFO  : Context for 'APU' is selected.
16:01:10 INFO  : Hardware design information is loaded from 'C:/Users/user/Documents/GitHub/F84051053/hw5/hw5_pj/hw5_pj.sdk/hw5_wrapper_hw_platform_0/system.hdf'.
16:01:10 INFO  : 'configparams force-mem-access 1' command is executed.
16:01:10 INFO  : Context for 'APU' is selected.
16:01:11 INFO  : 'ps7_init' command is executed.
16:01:11 INFO  : 'ps7_post_config' command is executed.
16:01:11 INFO  : Context for processor 'ps7_cortexa9_0' is selected.
16:01:12 INFO  : The application 'C:/Users/user/Documents/GitHub/F84051053/hw5/hw5_pj/hw5_pj.sdk/hw5/Debug/hw5.elf' is downloaded to processor 'ps7_cortexa9_0'.
16:01:12 INFO  : 'configparams force-mem-access 0' command is executed.
16:01:12 INFO  : ----------------XSDB Script----------------
connect -url tcp:127.0.0.1:3121
source C:/Users/user/Documents/GitHub/F84051053/hw5/hw5_pj/hw5_pj.sdk/hw5_wrapper_hw_platform_0/ps7_init.tcl
targets -set -nocase -filter {name =~"APU*" && jtag_cable_name =~ "Xilinx TUL 1234-tulA"} -index 0
rst -system
after 3000
targets -set -filter {jtag_cable_name =~ "Xilinx TUL 1234-tulA" && level==0} -index 1
fpga -file C:/Users/user/Documents/GitHub/F84051053/hw5/hw5_pj/hw5_pj.sdk/hw5_wrapper_hw_platform_0/hw5_wrapper.bit
targets -set -nocase -filter {name =~"APU*" && jtag_cable_name =~ "Xilinx TUL 1234-tulA"} -index 0
loadhw -hw C:/Users/user/Documents/GitHub/F84051053/hw5/hw5_pj/hw5_pj.sdk/hw5_wrapper_hw_platform_0/system.hdf -mem-ranges [list {0x40000000 0xbfffffff}]
configparams force-mem-access 1
targets -set -nocase -filter {name =~"APU*" && jtag_cable_name =~ "Xilinx TUL 1234-tulA"} -index 0
ps7_init
ps7_post_config
targets -set -nocase -filter {name =~ "ARM*#0" && jtag_cable_name =~ "Xilinx TUL 1234-tulA"} -index 0
dow C:/Users/user/Documents/GitHub/F84051053/hw5/hw5_pj/hw5_pj.sdk/hw5/Debug/hw5.elf
configparams force-mem-access 0
----------------End of Script----------------

16:01:12 INFO  : Context for processor 'ps7_cortexa9_0' is selected.
16:01:12 INFO  : 'con' command is executed.
16:01:12 INFO  : ----------------XSDB Script (After Launch)----------------
targets -set -nocase -filter {name =~ "ARM*#0" && jtag_cable_name =~ "Xilinx TUL 1234-tulA"} -index 0
con
----------------End of Script----------------

16:01:12 INFO  : Disconnected from the channel tcfchan#8.
16:02:55 INFO  : Connected to target on host '127.0.0.1' and port '3121'.
16:02:56 INFO  : Jtag cable 'Xilinx TUL 1234-tulA' is selected.
16:02:56 INFO  : 'jtag frequency' command is executed.
16:02:56 INFO  : Sourcing of 'C:/Users/user/Documents/GitHub/F84051053/hw5/hw5_pj/hw5_pj.sdk/hw5_wrapper_hw_platform_0/ps7_init.tcl' is done.
16:02:56 INFO  : Context for 'APU' is selected.
16:02:57 INFO  : System reset is completed.
16:03:00 INFO  : 'after 3000' command is executed.
16:03:00 INFO  : 'targets -set -filter {jtag_cable_name =~ "Xilinx TUL 1234-tulA" && level==0} -index 1' command is executed.
16:03:02 INFO  : FPGA configured successfully with bitstream "C:/Users/user/Documents/GitHub/F84051053/hw5/hw5_pj/hw5_pj.sdk/hw5_wrapper_hw_platform_0/hw5_wrapper.bit"
16:03:02 INFO  : Context for 'APU' is selected.
16:03:05 INFO  : Hardware design information is loaded from 'C:/Users/user/Documents/GitHub/F84051053/hw5/hw5_pj/hw5_pj.sdk/hw5_wrapper_hw_platform_0/system.hdf'.
16:03:05 INFO  : 'configparams force-mem-access 1' command is executed.
16:03:05 INFO  : Context for 'APU' is selected.
16:03:06 INFO  : 'ps7_init' command is executed.
16:03:06 INFO  : 'ps7_post_config' command is executed.
16:03:06 INFO  : Context for processor 'ps7_cortexa9_0' is selected.
16:03:07 INFO  : The application 'C:/Users/user/Documents/GitHub/F84051053/hw5/hw5_pj/hw5_pj.sdk/hw5/Debug/hw5.elf' is downloaded to processor 'ps7_cortexa9_0'.
16:03:07 INFO  : 'configparams force-mem-access 0' command is executed.
16:03:07 INFO  : ----------------XSDB Script----------------
connect -url tcp:127.0.0.1:3121
source C:/Users/user/Documents/GitHub/F84051053/hw5/hw5_pj/hw5_pj.sdk/hw5_wrapper_hw_platform_0/ps7_init.tcl
targets -set -nocase -filter {name =~"APU*" && jtag_cable_name =~ "Xilinx TUL 1234-tulA"} -index 0
rst -system
after 3000
targets -set -filter {jtag_cable_name =~ "Xilinx TUL 1234-tulA" && level==0} -index 1
fpga -file C:/Users/user/Documents/GitHub/F84051053/hw5/hw5_pj/hw5_pj.sdk/hw5_wrapper_hw_platform_0/hw5_wrapper.bit
targets -set -nocase -filter {name =~"APU*" && jtag_cable_name =~ "Xilinx TUL 1234-tulA"} -index 0
loadhw -hw C:/Users/user/Documents/GitHub/F84051053/hw5/hw5_pj/hw5_pj.sdk/hw5_wrapper_hw_platform_0/system.hdf -mem-ranges [list {0x40000000 0xbfffffff}]
configparams force-mem-access 1
targets -set -nocase -filter {name =~"APU*" && jtag_cable_name =~ "Xilinx TUL 1234-tulA"} -index 0
ps7_init
ps7_post_config
targets -set -nocase -filter {name =~ "ARM*#0" && jtag_cable_name =~ "Xilinx TUL 1234-tulA"} -index 0
dow C:/Users/user/Documents/GitHub/F84051053/hw5/hw5_pj/hw5_pj.sdk/hw5/Debug/hw5.elf
configparams force-mem-access 0
----------------End of Script----------------

16:03:07 INFO  : Context for processor 'ps7_cortexa9_0' is selected.
16:03:07 INFO  : 'con' command is executed.
16:03:07 INFO  : ----------------XSDB Script (After Launch)----------------
targets -set -nocase -filter {name =~ "ARM*#0" && jtag_cable_name =~ "Xilinx TUL 1234-tulA"} -index 0
con
----------------End of Script----------------

16:03:07 INFO  : Disconnected from the channel tcfchan#9.
16:03:29 INFO  : Connected to target on host '127.0.0.1' and port '3121'.
16:03:30 INFO  : Jtag cable 'Xilinx TUL 1234-tulA' is selected.
16:03:30 INFO  : 'jtag frequency' command is executed.
16:03:30 INFO  : Sourcing of 'C:/Users/user/Documents/GitHub/F84051053/hw5/hw5_pj/hw5_pj.sdk/hw5_wrapper_hw_platform_0/ps7_init.tcl' is done.
16:03:30 INFO  : Context for 'APU' is selected.
16:03:30 INFO  : System reset is completed.
16:03:33 INFO  : 'after 3000' command is executed.
16:03:33 INFO  : 'targets -set -filter {jtag_cable_name =~ "Xilinx TUL 1234-tulA" && level==0} -index 1' command is executed.
16:03:36 INFO  : FPGA configured successfully with bitstream "C:/Users/user/Documents/GitHub/F84051053/hw5/hw5_pj/hw5_pj.sdk/hw5_wrapper_hw_platform_0/hw5_wrapper.bit"
16:03:36 INFO  : Context for 'APU' is selected.
16:03:39 INFO  : Hardware design information is loaded from 'C:/Users/user/Documents/GitHub/F84051053/hw5/hw5_pj/hw5_pj.sdk/hw5_wrapper_hw_platform_0/system.hdf'.
16:03:39 INFO  : 'configparams force-mem-access 1' command is executed.
16:03:39 INFO  : Context for 'APU' is selected.
16:03:40 INFO  : 'ps7_init' command is executed.
16:03:40 INFO  : 'ps7_post_config' command is executed.
16:03:40 INFO  : Context for processor 'ps7_cortexa9_0' is selected.
16:03:40 INFO  : The application 'C:/Users/user/Documents/GitHub/F84051053/hw5/hw5_pj/hw5_pj.sdk/hw5/Debug/hw5.elf' is downloaded to processor 'ps7_cortexa9_0'.
16:03:40 INFO  : 'configparams force-mem-access 0' command is executed.
16:03:40 INFO  : ----------------XSDB Script----------------
connect -url tcp:127.0.0.1:3121
source C:/Users/user/Documents/GitHub/F84051053/hw5/hw5_pj/hw5_pj.sdk/hw5_wrapper_hw_platform_0/ps7_init.tcl
targets -set -nocase -filter {name =~"APU*" && jtag_cable_name =~ "Xilinx TUL 1234-tulA"} -index 0
rst -system
after 3000
targets -set -filter {jtag_cable_name =~ "Xilinx TUL 1234-tulA" && level==0} -index 1
fpga -file C:/Users/user/Documents/GitHub/F84051053/hw5/hw5_pj/hw5_pj.sdk/hw5_wrapper_hw_platform_0/hw5_wrapper.bit
targets -set -nocase -filter {name =~"APU*" && jtag_cable_name =~ "Xilinx TUL 1234-tulA"} -index 0
loadhw -hw C:/Users/user/Documents/GitHub/F84051053/hw5/hw5_pj/hw5_pj.sdk/hw5_wrapper_hw_platform_0/system.hdf -mem-ranges [list {0x40000000 0xbfffffff}]
configparams force-mem-access 1
targets -set -nocase -filter {name =~"APU*" && jtag_cable_name =~ "Xilinx TUL 1234-tulA"} -index 0
ps7_init
ps7_post_config
targets -set -nocase -filter {name =~ "ARM*#0" && jtag_cable_name =~ "Xilinx TUL 1234-tulA"} -index 0
dow C:/Users/user/Documents/GitHub/F84051053/hw5/hw5_pj/hw5_pj.sdk/hw5/Debug/hw5.elf
configparams force-mem-access 0
----------------End of Script----------------

16:03:40 INFO  : Context for processor 'ps7_cortexa9_0' is selected.
16:03:40 INFO  : 'con' command is executed.
16:03:40 INFO  : ----------------XSDB Script (After Launch)----------------
targets -set -nocase -filter {name =~ "ARM*#0" && jtag_cable_name =~ "Xilinx TUL 1234-tulA"} -index 0
con
----------------End of Script----------------

16:03:40 INFO  : Disconnected from the channel tcfchan#10.
16:15:15 INFO  : Connected to target on host '127.0.0.1' and port '3121'.
16:15:16 INFO  : Jtag cable 'Xilinx TUL 1234-tulA' is selected.
16:15:16 INFO  : 'jtag frequency' command is executed.
16:15:16 INFO  : Sourcing of 'C:/Users/user/Documents/GitHub/F84051053/hw5/hw5_pj/hw5_pj.sdk/hw5_wrapper_hw_platform_0/ps7_init.tcl' is done.
16:15:16 INFO  : Context for 'APU' is selected.
16:15:16 INFO  : System reset is completed.
16:15:19 INFO  : 'after 3000' command is executed.
16:15:20 INFO  : 'targets -set -filter {jtag_cable_name =~ "Xilinx TUL 1234-tulA" && level==0} -index 1' command is executed.
16:15:22 INFO  : FPGA configured successfully with bitstream "C:/Users/user/Documents/GitHub/F84051053/hw5/hw5_pj/hw5_pj.sdk/hw5_wrapper_hw_platform_0/hw5_wrapper.bit"
16:15:22 INFO  : Context for 'APU' is selected.
16:15:26 INFO  : Hardware design information is loaded from 'C:/Users/user/Documents/GitHub/F84051053/hw5/hw5_pj/hw5_pj.sdk/hw5_wrapper_hw_platform_0/system.hdf'.
16:15:26 INFO  : 'configparams force-mem-access 1' command is executed.
16:15:26 INFO  : Context for 'APU' is selected.
16:15:26 INFO  : 'ps7_init' command is executed.
16:15:26 INFO  : 'ps7_post_config' command is executed.
16:15:26 INFO  : Context for processor 'ps7_cortexa9_0' is selected.
16:15:27 INFO  : The application 'C:/Users/user/Documents/GitHub/F84051053/hw5/hw5_pj/hw5_pj.sdk/hw5/Debug/hw5.elf' is downloaded to processor 'ps7_cortexa9_0'.
16:15:27 INFO  : 'configparams force-mem-access 0' command is executed.
16:15:27 INFO  : ----------------XSDB Script----------------
connect -url tcp:127.0.0.1:3121
source C:/Users/user/Documents/GitHub/F84051053/hw5/hw5_pj/hw5_pj.sdk/hw5_wrapper_hw_platform_0/ps7_init.tcl
targets -set -nocase -filter {name =~"APU*" && jtag_cable_name =~ "Xilinx TUL 1234-tulA"} -index 0
rst -system
after 3000
targets -set -filter {jtag_cable_name =~ "Xilinx TUL 1234-tulA" && level==0} -index 1
fpga -file C:/Users/user/Documents/GitHub/F84051053/hw5/hw5_pj/hw5_pj.sdk/hw5_wrapper_hw_platform_0/hw5_wrapper.bit
targets -set -nocase -filter {name =~"APU*" && jtag_cable_name =~ "Xilinx TUL 1234-tulA"} -index 0
loadhw -hw C:/Users/user/Documents/GitHub/F84051053/hw5/hw5_pj/hw5_pj.sdk/hw5_wrapper_hw_platform_0/system.hdf -mem-ranges [list {0x40000000 0xbfffffff}]
configparams force-mem-access 1
targets -set -nocase -filter {name =~"APU*" && jtag_cable_name =~ "Xilinx TUL 1234-tulA"} -index 0
ps7_init
ps7_post_config
targets -set -nocase -filter {name =~ "ARM*#0" && jtag_cable_name =~ "Xilinx TUL 1234-tulA"} -index 0
dow C:/Users/user/Documents/GitHub/F84051053/hw5/hw5_pj/hw5_pj.sdk/hw5/Debug/hw5.elf
configparams force-mem-access 0
----------------End of Script----------------

16:15:27 INFO  : Context for processor 'ps7_cortexa9_0' is selected.
16:15:27 INFO  : 'con' command is executed.
16:15:27 INFO  : ----------------XSDB Script (After Launch)----------------
targets -set -nocase -filter {name =~ "ARM*#0" && jtag_cable_name =~ "Xilinx TUL 1234-tulA"} -index 0
con
----------------End of Script----------------

16:15:27 INFO  : Disconnected from the channel tcfchan#11.
16:25:41 INFO  : Connected to target on host '127.0.0.1' and port '3121'.
16:25:42 INFO  : Jtag cable 'Xilinx TUL 1234-tulA' is selected.
16:25:42 INFO  : 'jtag frequency' command is executed.
16:25:42 INFO  : Sourcing of 'C:/Users/user/Documents/GitHub/F84051053/hw5/hw5_pj/hw5_pj.sdk/hw5_wrapper_hw_platform_0/ps7_init.tcl' is done.
16:25:42 INFO  : Context for 'APU' is selected.
16:25:42 INFO  : System reset is completed.
16:25:45 INFO  : 'after 3000' command is executed.
16:25:46 INFO  : 'targets -set -filter {jtag_cable_name =~ "Xilinx TUL 1234-tulA" && level==0} -index 1' command is executed.
16:25:48 INFO  : FPGA configured successfully with bitstream "C:/Users/user/Documents/GitHub/F84051053/hw5/hw5_pj/hw5_pj.sdk/hw5_wrapper_hw_platform_0/hw5_wrapper.bit"
16:25:48 INFO  : Context for 'APU' is selected.
16:25:52 INFO  : Hardware design information is loaded from 'C:/Users/user/Documents/GitHub/F84051053/hw5/hw5_pj/hw5_pj.sdk/hw5_wrapper_hw_platform_0/system.hdf'.
16:25:52 INFO  : 'configparams force-mem-access 1' command is executed.
16:25:52 INFO  : Context for 'APU' is selected.
16:25:53 INFO  : 'ps7_init' command is executed.
16:25:53 INFO  : 'ps7_post_config' command is executed.
16:25:53 INFO  : Context for processor 'ps7_cortexa9_0' is selected.
16:25:53 INFO  : The application 'C:/Users/user/Documents/GitHub/F84051053/hw5/hw5_pj/hw5_pj.sdk/hw5/Debug/hw5.elf' is downloaded to processor 'ps7_cortexa9_0'.
16:25:53 INFO  : 'configparams force-mem-access 0' command is executed.
16:25:53 INFO  : ----------------XSDB Script----------------
connect -url tcp:127.0.0.1:3121
source C:/Users/user/Documents/GitHub/F84051053/hw5/hw5_pj/hw5_pj.sdk/hw5_wrapper_hw_platform_0/ps7_init.tcl
targets -set -nocase -filter {name =~"APU*" && jtag_cable_name =~ "Xilinx TUL 1234-tulA"} -index 0
rst -system
after 3000
targets -set -filter {jtag_cable_name =~ "Xilinx TUL 1234-tulA" && level==0} -index 1
fpga -file C:/Users/user/Documents/GitHub/F84051053/hw5/hw5_pj/hw5_pj.sdk/hw5_wrapper_hw_platform_0/hw5_wrapper.bit
targets -set -nocase -filter {name =~"APU*" && jtag_cable_name =~ "Xilinx TUL 1234-tulA"} -index 0
loadhw -hw C:/Users/user/Documents/GitHub/F84051053/hw5/hw5_pj/hw5_pj.sdk/hw5_wrapper_hw_platform_0/system.hdf -mem-ranges [list {0x40000000 0xbfffffff}]
configparams force-mem-access 1
targets -set -nocase -filter {name =~"APU*" && jtag_cable_name =~ "Xilinx TUL 1234-tulA"} -index 0
ps7_init
ps7_post_config
targets -set -nocase -filter {name =~ "ARM*#0" && jtag_cable_name =~ "Xilinx TUL 1234-tulA"} -index 0
dow C:/Users/user/Documents/GitHub/F84051053/hw5/hw5_pj/hw5_pj.sdk/hw5/Debug/hw5.elf
configparams force-mem-access 0
----------------End of Script----------------

16:25:53 INFO  : Context for processor 'ps7_cortexa9_0' is selected.
16:25:53 INFO  : 'con' command is executed.
16:25:53 INFO  : ----------------XSDB Script (After Launch)----------------
targets -set -nocase -filter {name =~ "ARM*#0" && jtag_cable_name =~ "Xilinx TUL 1234-tulA"} -index 0
con
----------------End of Script----------------

16:25:53 INFO  : Disconnected from the channel tcfchan#12.
16:26:29 INFO  : Connected to target on host '127.0.0.1' and port '3121'.
16:26:30 INFO  : Jtag cable 'Xilinx TUL 1234-tulA' is selected.
16:26:30 INFO  : 'jtag frequency' command is executed.
16:26:30 INFO  : Sourcing of 'C:/Users/user/Documents/GitHub/F84051053/hw5/hw5_pj/hw5_pj.sdk/hw5_wrapper_hw_platform_0/ps7_init.tcl' is done.
16:26:30 INFO  : Context for 'APU' is selected.
16:26:30 INFO  : System reset is completed.
16:26:33 INFO  : 'after 3000' command is executed.
16:26:34 INFO  : 'targets -set -filter {jtag_cable_name =~ "Xilinx TUL 1234-tulA" && level==0} -index 1' command is executed.
16:26:36 INFO  : FPGA configured successfully with bitstream "C:/Users/user/Documents/GitHub/F84051053/hw5/hw5_pj/hw5_pj.sdk/hw5_wrapper_hw_platform_0/hw5_wrapper.bit"
16:26:36 INFO  : Context for 'APU' is selected.
16:26:39 INFO  : Hardware design information is loaded from 'C:/Users/user/Documents/GitHub/F84051053/hw5/hw5_pj/hw5_pj.sdk/hw5_wrapper_hw_platform_0/system.hdf'.
16:26:39 INFO  : 'configparams force-mem-access 1' command is executed.
16:26:39 INFO  : Context for 'APU' is selected.
16:26:40 INFO  : 'ps7_init' command is executed.
16:26:40 INFO  : 'ps7_post_config' command is executed.
16:26:40 INFO  : Context for processor 'ps7_cortexa9_0' is selected.
16:26:40 INFO  : The application 'C:/Users/user/Documents/GitHub/F84051053/hw5/hw5_pj/hw5_pj.sdk/hw5/Debug/hw5.elf' is downloaded to processor 'ps7_cortexa9_0'.
16:26:40 INFO  : 'configparams force-mem-access 0' command is executed.
16:26:40 INFO  : ----------------XSDB Script----------------
connect -url tcp:127.0.0.1:3121
source C:/Users/user/Documents/GitHub/F84051053/hw5/hw5_pj/hw5_pj.sdk/hw5_wrapper_hw_platform_0/ps7_init.tcl
targets -set -nocase -filter {name =~"APU*" && jtag_cable_name =~ "Xilinx TUL 1234-tulA"} -index 0
rst -system
after 3000
targets -set -filter {jtag_cable_name =~ "Xilinx TUL 1234-tulA" && level==0} -index 1
fpga -file C:/Users/user/Documents/GitHub/F84051053/hw5/hw5_pj/hw5_pj.sdk/hw5_wrapper_hw_platform_0/hw5_wrapper.bit
targets -set -nocase -filter {name =~"APU*" && jtag_cable_name =~ "Xilinx TUL 1234-tulA"} -index 0
loadhw -hw C:/Users/user/Documents/GitHub/F84051053/hw5/hw5_pj/hw5_pj.sdk/hw5_wrapper_hw_platform_0/system.hdf -mem-ranges [list {0x40000000 0xbfffffff}]
configparams force-mem-access 1
targets -set -nocase -filter {name =~"APU*" && jtag_cable_name =~ "Xilinx TUL 1234-tulA"} -index 0
ps7_init
ps7_post_config
targets -set -nocase -filter {name =~ "ARM*#0" && jtag_cable_name =~ "Xilinx TUL 1234-tulA"} -index 0
dow C:/Users/user/Documents/GitHub/F84051053/hw5/hw5_pj/hw5_pj.sdk/hw5/Debug/hw5.elf
configparams force-mem-access 0
----------------End of Script----------------

16:26:40 INFO  : Context for processor 'ps7_cortexa9_0' is selected.
16:26:41 INFO  : 'con' command is executed.
16:26:41 INFO  : ----------------XSDB Script (After Launch)----------------
targets -set -nocase -filter {name =~ "ARM*#0" && jtag_cable_name =~ "Xilinx TUL 1234-tulA"} -index 0
con
----------------End of Script----------------

16:26:41 INFO  : Disconnected from the channel tcfchan#13.
16:27:05 INFO  : Connected to target on host '127.0.0.1' and port '3121'.
16:27:06 INFO  : Jtag cable 'Xilinx TUL 1234-tulA' is selected.
16:27:06 INFO  : 'jtag frequency' command is executed.
16:27:06 INFO  : Sourcing of 'C:/Users/user/Documents/GitHub/F84051053/hw5/hw5_pj/hw5_pj.sdk/hw5_wrapper_hw_platform_0/ps7_init.tcl' is done.
16:27:06 INFO  : Context for 'APU' is selected.
16:27:06 INFO  : System reset is completed.
16:27:09 INFO  : 'after 3000' command is executed.
16:27:09 INFO  : 'targets -set -filter {jtag_cable_name =~ "Xilinx TUL 1234-tulA" && level==0} -index 1' command is executed.
16:27:11 INFO  : FPGA configured successfully with bitstream "C:/Users/user/Documents/GitHub/F84051053/hw5/hw5_pj/hw5_pj.sdk/hw5_wrapper_hw_platform_0/hw5_wrapper.bit"
16:27:12 INFO  : Context for 'APU' is selected.
16:27:15 INFO  : Hardware design information is loaded from 'C:/Users/user/Documents/GitHub/F84051053/hw5/hw5_pj/hw5_pj.sdk/hw5_wrapper_hw_platform_0/system.hdf'.
16:27:15 INFO  : 'configparams force-mem-access 1' command is executed.
16:27:15 INFO  : Context for 'APU' is selected.
16:27:16 INFO  : 'ps7_init' command is executed.
16:27:16 INFO  : 'ps7_post_config' command is executed.
16:27:16 INFO  : Context for processor 'ps7_cortexa9_0' is selected.
16:27:16 INFO  : The application 'C:/Users/user/Documents/GitHub/F84051053/hw5/hw5_pj/hw5_pj.sdk/hw5/Debug/hw5.elf' is downloaded to processor 'ps7_cortexa9_0'.
16:27:16 INFO  : 'configparams force-mem-access 0' command is executed.
16:27:16 INFO  : ----------------XSDB Script----------------
connect -url tcp:127.0.0.1:3121
source C:/Users/user/Documents/GitHub/F84051053/hw5/hw5_pj/hw5_pj.sdk/hw5_wrapper_hw_platform_0/ps7_init.tcl
targets -set -nocase -filter {name =~"APU*" && jtag_cable_name =~ "Xilinx TUL 1234-tulA"} -index 0
rst -system
after 3000
targets -set -filter {jtag_cable_name =~ "Xilinx TUL 1234-tulA" && level==0} -index 1
fpga -file C:/Users/user/Documents/GitHub/F84051053/hw5/hw5_pj/hw5_pj.sdk/hw5_wrapper_hw_platform_0/hw5_wrapper.bit
targets -set -nocase -filter {name =~"APU*" && jtag_cable_name =~ "Xilinx TUL 1234-tulA"} -index 0
loadhw -hw C:/Users/user/Documents/GitHub/F84051053/hw5/hw5_pj/hw5_pj.sdk/hw5_wrapper_hw_platform_0/system.hdf -mem-ranges [list {0x40000000 0xbfffffff}]
configparams force-mem-access 1
targets -set -nocase -filter {name =~"APU*" && jtag_cable_name =~ "Xilinx TUL 1234-tulA"} -index 0
ps7_init
ps7_post_config
targets -set -nocase -filter {name =~ "ARM*#0" && jtag_cable_name =~ "Xilinx TUL 1234-tulA"} -index 0
dow C:/Users/user/Documents/GitHub/F84051053/hw5/hw5_pj/hw5_pj.sdk/hw5/Debug/hw5.elf
configparams force-mem-access 0
----------------End of Script----------------

16:27:16 INFO  : Context for processor 'ps7_cortexa9_0' is selected.
16:27:17 INFO  : 'con' command is executed.
16:27:17 INFO  : ----------------XSDB Script (After Launch)----------------
targets -set -nocase -filter {name =~ "ARM*#0" && jtag_cable_name =~ "Xilinx TUL 1234-tulA"} -index 0
con
----------------End of Script----------------

16:27:17 INFO  : Disconnected from the channel tcfchan#14.
16:28:34 INFO  : Connected to target on host '127.0.0.1' and port '3121'.
16:28:35 INFO  : Jtag cable 'Xilinx TUL 1234-tulA' is selected.
16:28:35 INFO  : 'jtag frequency' command is executed.
16:28:35 INFO  : Sourcing of 'C:/Users/user/Documents/GitHub/F84051053/hw5/hw5_pj/hw5_pj.sdk/hw5_wrapper_hw_platform_0/ps7_init.tcl' is done.
16:28:35 INFO  : Context for 'APU' is selected.
16:28:35 INFO  : System reset is completed.
16:28:38 INFO  : 'after 3000' command is executed.
16:28:39 INFO  : 'targets -set -filter {jtag_cable_name =~ "Xilinx TUL 1234-tulA" && level==0} -index 1' command is executed.
16:28:41 INFO  : FPGA configured successfully with bitstream "C:/Users/user/Documents/GitHub/F84051053/hw5/hw5_pj/hw5_pj.sdk/hw5_wrapper_hw_platform_0/hw5_wrapper.bit"
16:28:41 INFO  : Context for 'APU' is selected.
16:28:44 INFO  : Hardware design information is loaded from 'C:/Users/user/Documents/GitHub/F84051053/hw5/hw5_pj/hw5_pj.sdk/hw5_wrapper_hw_platform_0/system.hdf'.
16:28:44 INFO  : 'configparams force-mem-access 1' command is executed.
16:28:44 INFO  : Context for 'APU' is selected.
16:28:45 INFO  : 'ps7_init' command is executed.
16:28:45 INFO  : 'ps7_post_config' command is executed.
16:28:45 INFO  : Context for processor 'ps7_cortexa9_0' is selected.
16:28:45 INFO  : The application 'C:/Users/user/Documents/GitHub/F84051053/hw5/hw5_pj/hw5_pj.sdk/hw5/Debug/hw5.elf' is downloaded to processor 'ps7_cortexa9_0'.
16:28:45 INFO  : 'configparams force-mem-access 0' command is executed.
16:28:45 INFO  : ----------------XSDB Script----------------
connect -url tcp:127.0.0.1:3121
source C:/Users/user/Documents/GitHub/F84051053/hw5/hw5_pj/hw5_pj.sdk/hw5_wrapper_hw_platform_0/ps7_init.tcl
targets -set -nocase -filter {name =~"APU*" && jtag_cable_name =~ "Xilinx TUL 1234-tulA"} -index 0
rst -system
after 3000
targets -set -filter {jtag_cable_name =~ "Xilinx TUL 1234-tulA" && level==0} -index 1
fpga -file C:/Users/user/Documents/GitHub/F84051053/hw5/hw5_pj/hw5_pj.sdk/hw5_wrapper_hw_platform_0/hw5_wrapper.bit
targets -set -nocase -filter {name =~"APU*" && jtag_cable_name =~ "Xilinx TUL 1234-tulA"} -index 0
loadhw -hw C:/Users/user/Documents/GitHub/F84051053/hw5/hw5_pj/hw5_pj.sdk/hw5_wrapper_hw_platform_0/system.hdf -mem-ranges [list {0x40000000 0xbfffffff}]
configparams force-mem-access 1
targets -set -nocase -filter {name =~"APU*" && jtag_cable_name =~ "Xilinx TUL 1234-tulA"} -index 0
ps7_init
ps7_post_config
targets -set -nocase -filter {name =~ "ARM*#0" && jtag_cable_name =~ "Xilinx TUL 1234-tulA"} -index 0
dow C:/Users/user/Documents/GitHub/F84051053/hw5/hw5_pj/hw5_pj.sdk/hw5/Debug/hw5.elf
configparams force-mem-access 0
----------------End of Script----------------

16:28:45 INFO  : Context for processor 'ps7_cortexa9_0' is selected.
16:28:45 INFO  : 'con' command is executed.
16:28:45 INFO  : ----------------XSDB Script (After Launch)----------------
targets -set -nocase -filter {name =~ "ARM*#0" && jtag_cable_name =~ "Xilinx TUL 1234-tulA"} -index 0
con
----------------End of Script----------------

16:28:45 INFO  : Disconnected from the channel tcfchan#15.
16:29:10 INFO  : Connected to target on host '127.0.0.1' and port '3121'.
16:29:11 INFO  : Jtag cable 'Xilinx TUL 1234-tulA' is selected.
16:29:11 INFO  : 'jtag frequency' command is executed.
16:29:11 INFO  : Sourcing of 'C:/Users/user/Documents/GitHub/F84051053/hw5/hw5_pj/hw5_pj.sdk/hw5_wrapper_hw_platform_0/ps7_init.tcl' is done.
16:29:11 INFO  : Context for 'APU' is selected.
16:29:11 INFO  : System reset is completed.
16:29:14 INFO  : 'after 3000' command is executed.
16:29:15 INFO  : 'targets -set -filter {jtag_cable_name =~ "Xilinx TUL 1234-tulA" && level==0} -index 1' command is executed.
16:29:17 INFO  : FPGA configured successfully with bitstream "C:/Users/user/Documents/GitHub/F84051053/hw5/hw5_pj/hw5_pj.sdk/hw5_wrapper_hw_platform_0/hw5_wrapper.bit"
16:29:17 INFO  : Context for 'APU' is selected.
16:29:21 INFO  : Hardware design information is loaded from 'C:/Users/user/Documents/GitHub/F84051053/hw5/hw5_pj/hw5_pj.sdk/hw5_wrapper_hw_platform_0/system.hdf'.
16:29:21 INFO  : 'configparams force-mem-access 1' command is executed.
16:29:21 INFO  : Context for 'APU' is selected.
16:29:22 INFO  : 'ps7_init' command is executed.
16:29:22 INFO  : 'ps7_post_config' command is executed.
16:29:22 INFO  : Context for processor 'ps7_cortexa9_0' is selected.
16:29:22 INFO  : The application 'C:/Users/user/Documents/GitHub/F84051053/hw5/hw5_pj/hw5_pj.sdk/hw5/Debug/hw5.elf' is downloaded to processor 'ps7_cortexa9_0'.
16:29:22 INFO  : 'configparams force-mem-access 0' command is executed.
16:29:22 INFO  : ----------------XSDB Script----------------
connect -url tcp:127.0.0.1:3121
source C:/Users/user/Documents/GitHub/F84051053/hw5/hw5_pj/hw5_pj.sdk/hw5_wrapper_hw_platform_0/ps7_init.tcl
targets -set -nocase -filter {name =~"APU*" && jtag_cable_name =~ "Xilinx TUL 1234-tulA"} -index 0
rst -system
after 3000
targets -set -filter {jtag_cable_name =~ "Xilinx TUL 1234-tulA" && level==0} -index 1
fpga -file C:/Users/user/Documents/GitHub/F84051053/hw5/hw5_pj/hw5_pj.sdk/hw5_wrapper_hw_platform_0/hw5_wrapper.bit
targets -set -nocase -filter {name =~"APU*" && jtag_cable_name =~ "Xilinx TUL 1234-tulA"} -index 0
loadhw -hw C:/Users/user/Documents/GitHub/F84051053/hw5/hw5_pj/hw5_pj.sdk/hw5_wrapper_hw_platform_0/system.hdf -mem-ranges [list {0x40000000 0xbfffffff}]
configparams force-mem-access 1
targets -set -nocase -filter {name =~"APU*" && jtag_cable_name =~ "Xilinx TUL 1234-tulA"} -index 0
ps7_init
ps7_post_config
targets -set -nocase -filter {name =~ "ARM*#0" && jtag_cable_name =~ "Xilinx TUL 1234-tulA"} -index 0
dow C:/Users/user/Documents/GitHub/F84051053/hw5/hw5_pj/hw5_pj.sdk/hw5/Debug/hw5.elf
configparams force-mem-access 0
----------------End of Script----------------

16:29:22 INFO  : Context for processor 'ps7_cortexa9_0' is selected.
16:29:22 INFO  : 'con' command is executed.
16:29:22 INFO  : ----------------XSDB Script (After Launch)----------------
targets -set -nocase -filter {name =~ "ARM*#0" && jtag_cable_name =~ "Xilinx TUL 1234-tulA"} -index 0
con
----------------End of Script----------------

16:29:22 INFO  : Disconnected from the channel tcfchan#16.
16:30:08 INFO  : Connected to target on host '127.0.0.1' and port '3121'.
16:30:09 INFO  : Jtag cable 'Xilinx TUL 1234-tulA' is selected.
16:30:09 INFO  : 'jtag frequency' command is executed.
16:30:09 INFO  : Sourcing of 'C:/Users/user/Documents/GitHub/F84051053/hw5/hw5_pj/hw5_pj.sdk/hw5_wrapper_hw_platform_0/ps7_init.tcl' is done.
16:30:09 INFO  : Context for 'APU' is selected.
16:30:09 INFO  : System reset is completed.
16:30:12 INFO  : 'after 3000' command is executed.
16:30:12 INFO  : 'targets -set -filter {jtag_cable_name =~ "Xilinx TUL 1234-tulA" && level==0} -index 1' command is executed.
16:30:15 INFO  : FPGA configured successfully with bitstream "C:/Users/user/Documents/GitHub/F84051053/hw5/hw5_pj/hw5_pj.sdk/hw5_wrapper_hw_platform_0/hw5_wrapper.bit"
16:30:15 INFO  : Context for 'APU' is selected.
16:30:19 INFO  : Hardware design information is loaded from 'C:/Users/user/Documents/GitHub/F84051053/hw5/hw5_pj/hw5_pj.sdk/hw5_wrapper_hw_platform_0/system.hdf'.
16:30:19 INFO  : 'configparams force-mem-access 1' command is executed.
16:30:19 INFO  : Context for 'APU' is selected.
16:30:20 INFO  : 'ps7_init' command is executed.
16:30:20 INFO  : 'ps7_post_config' command is executed.
16:30:20 INFO  : Context for processor 'ps7_cortexa9_0' is selected.
16:30:20 INFO  : The application 'C:/Users/user/Documents/GitHub/F84051053/hw5/hw5_pj/hw5_pj.sdk/hw5/Debug/hw5.elf' is downloaded to processor 'ps7_cortexa9_0'.
16:30:20 INFO  : 'configparams force-mem-access 0' command is executed.
16:30:20 INFO  : ----------------XSDB Script----------------
connect -url tcp:127.0.0.1:3121
source C:/Users/user/Documents/GitHub/F84051053/hw5/hw5_pj/hw5_pj.sdk/hw5_wrapper_hw_platform_0/ps7_init.tcl
targets -set -nocase -filter {name =~"APU*" && jtag_cable_name =~ "Xilinx TUL 1234-tulA"} -index 0
rst -system
after 3000
targets -set -filter {jtag_cable_name =~ "Xilinx TUL 1234-tulA" && level==0} -index 1
fpga -file C:/Users/user/Documents/GitHub/F84051053/hw5/hw5_pj/hw5_pj.sdk/hw5_wrapper_hw_platform_0/hw5_wrapper.bit
targets -set -nocase -filter {name =~"APU*" && jtag_cable_name =~ "Xilinx TUL 1234-tulA"} -index 0
loadhw -hw C:/Users/user/Documents/GitHub/F84051053/hw5/hw5_pj/hw5_pj.sdk/hw5_wrapper_hw_platform_0/system.hdf -mem-ranges [list {0x40000000 0xbfffffff}]
configparams force-mem-access 1
targets -set -nocase -filter {name =~"APU*" && jtag_cable_name =~ "Xilinx TUL 1234-tulA"} -index 0
ps7_init
ps7_post_config
targets -set -nocase -filter {name =~ "ARM*#0" && jtag_cable_name =~ "Xilinx TUL 1234-tulA"} -index 0
dow C:/Users/user/Documents/GitHub/F84051053/hw5/hw5_pj/hw5_pj.sdk/hw5/Debug/hw5.elf
configparams force-mem-access 0
----------------End of Script----------------

16:30:20 INFO  : Context for processor 'ps7_cortexa9_0' is selected.
16:30:20 INFO  : 'con' command is executed.
16:30:20 INFO  : ----------------XSDB Script (After Launch)----------------
targets -set -nocase -filter {name =~ "ARM*#0" && jtag_cable_name =~ "Xilinx TUL 1234-tulA"} -index 0
con
----------------End of Script----------------

16:30:20 INFO  : Disconnected from the channel tcfchan#17.
