
*** Running vivado
    with args -log design_timer_axi_timer_0_0.vds -m64 -product Vivado -mode batch -messageDb vivado.pb -notrace -source design_timer_axi_timer_0_0.tcl


****** Vivado v2017.2 (64-bit)
  **** SW Build 1909853 on Thu Jun 15 18:39:10 MDT 2017
  **** IP Build 1909766 on Thu Jun 15 19:58:00 MDT 2017
    ** Copyright 1986-2017 Xilinx, Inc. All Rights Reserved.

source design_timer_axi_timer_0_0.tcl -notrace
Starting RTL Elaboration : Time (s): cpu = 00:00:05 ; elapsed = 00:00:05 . Memory (MB): peak = 1263.797 ; gain = 71.992 ; free physical = 44392 ; free virtual = 85774
INFO: [Synth 8-638] synthesizing module 'design_timer_axi_timer_0_0' [/home/ldap-users/shiyong/Downloads/FPGA/Timer/Timer.srcs/sources_1/bd/design_timer/ip/design_timer_axi_timer_0_0/synth/design_timer_axi_timer_0_0.vhd:90]
INFO: [Synth 8-638] synthesizing module 'axi_timer' [/home/ldap-users/shiyong/Downloads/FPGA/Timer/Timer.srcs/sources_1/bd/design_timer/ipshared/a004/hdl/axi_timer_v2_0_vh_rfs.vhd:2141]
INFO: [Synth 8-638] synthesizing module 'tc_core' [/home/ldap-users/shiyong/Downloads/FPGA/Timer/Timer.srcs/sources_1/bd/design_timer/ipshared/a004/hdl/axi_timer_v2_0_vh_rfs.vhd:1698]
INFO: [Synth 8-638] synthesizing module 'mux_onehot_f' [/home/ldap-users/shiyong/Downloads/FPGA/Timer/Timer.srcs/sources_1/bd/design_timer/ipshared/a004/hdl/axi_timer_v2_0_vh_rfs.vhd:365]
INFO: [Synth 8-638] synthesizing module 'MUXCY' [/opt/Xilinx/Vivado/2017.2/scripts/rt/data/unisim_comp.v:21613]
INFO: [Synth 8-256] done synthesizing module 'MUXCY' (1#1) [/opt/Xilinx/Vivado/2017.2/scripts/rt/data/unisim_comp.v:21613]
INFO: [Synth 8-256] done synthesizing module 'mux_onehot_f' (2#1) [/home/ldap-users/shiyong/Downloads/FPGA/Timer/Timer.srcs/sources_1/bd/design_timer/ipshared/a004/hdl/axi_timer_v2_0_vh_rfs.vhd:365]
INFO: [Synth 8-638] synthesizing module 'count_module' [/home/ldap-users/shiyong/Downloads/FPGA/Timer/Timer.srcs/sources_1/bd/design_timer/ipshared/a004/hdl/axi_timer_v2_0_vh_rfs.vhd:1434]
INFO: [Synth 8-638] synthesizing module 'counter_f' [/home/ldap-users/shiyong/Downloads/FPGA/Timer/Timer.srcs/sources_1/bd/design_timer/ipshared/a004/hdl/axi_timer_v2_0_vh_rfs.vhd:148]
INFO: [Synth 8-256] done synthesizing module 'counter_f' (3#1) [/home/ldap-users/shiyong/Downloads/FPGA/Timer/Timer.srcs/sources_1/bd/design_timer/ipshared/a004/hdl/axi_timer_v2_0_vh_rfs.vhd:148]
INFO: [Synth 8-256] done synthesizing module 'count_module' (4#1) [/home/ldap-users/shiyong/Downloads/FPGA/Timer/Timer.srcs/sources_1/bd/design_timer/ipshared/a004/hdl/axi_timer_v2_0_vh_rfs.vhd:1434]
INFO: [Synth 8-638] synthesizing module 'timer_control' [/home/ldap-users/shiyong/Downloads/FPGA/Timer/Timer.srcs/sources_1/bd/design_timer/ipshared/a004/hdl/axi_timer_v2_0_vh_rfs.vhd:835]
INFO: [Synth 8-638] synthesizing module 'cdc_sync' [/home/ldap-users/shiyong/Downloads/FPGA/Timer/Timer.srcs/sources_1/bd/design_timer/ipshared/52cb/hdl/lib_cdc_v1_0_rfs.vhd:106]
INFO: [Synth 8-256] done synthesizing module 'cdc_sync' (5#1) [/home/ldap-users/shiyong/Downloads/FPGA/Timer/Timer.srcs/sources_1/bd/design_timer/ipshared/52cb/hdl/lib_cdc_v1_0_rfs.vhd:106]
INFO: [Synth 8-256] done synthesizing module 'timer_control' (6#1) [/home/ldap-users/shiyong/Downloads/FPGA/Timer/Timer.srcs/sources_1/bd/design_timer/ipshared/a004/hdl/axi_timer_v2_0_vh_rfs.vhd:835]
INFO: [Synth 8-256] done synthesizing module 'tc_core' (7#1) [/home/ldap-users/shiyong/Downloads/FPGA/Timer/Timer.srcs/sources_1/bd/design_timer/ipshared/a004/hdl/axi_timer_v2_0_vh_rfs.vhd:1698]
INFO: [Synth 8-638] synthesizing module 'axi_lite_ipif' [/home/ldap-users/shiyong/Downloads/FPGA/Timer/Timer.srcs/sources_1/bd/design_timer/ipshared/0ba0/hdl/axi_lite_ipif_v3_0_vh_rfs.vhd:2948]
INFO: [Synth 8-638] synthesizing module 'slave_attachment' [/home/ldap-users/shiyong/Downloads/FPGA/Timer/Timer.srcs/sources_1/bd/design_timer/ipshared/0ba0/hdl/axi_lite_ipif_v3_0_vh_rfs.vhd:2341]
INFO: [Synth 8-638] synthesizing module 'address_decoder' [/home/ldap-users/shiyong/Downloads/FPGA/Timer/Timer.srcs/sources_1/bd/design_timer/ipshared/0ba0/hdl/axi_lite_ipif_v3_0_vh_rfs.vhd:1775]
INFO: [Synth 8-638] synthesizing module 'pselect_f' [/home/ldap-users/shiyong/Downloads/FPGA/Timer/Timer.srcs/sources_1/bd/design_timer/ipshared/0ba0/hdl/axi_lite_ipif_v3_0_vh_rfs.vhd:1534]
INFO: [Synth 8-256] done synthesizing module 'pselect_f' (8#1) [/home/ldap-users/shiyong/Downloads/FPGA/Timer/Timer.srcs/sources_1/bd/design_timer/ipshared/0ba0/hdl/axi_lite_ipif_v3_0_vh_rfs.vhd:1534]
INFO: [Synth 8-638] synthesizing module 'pselect_f__parameterized0' [/home/ldap-users/shiyong/Downloads/FPGA/Timer/Timer.srcs/sources_1/bd/design_timer/ipshared/0ba0/hdl/axi_lite_ipif_v3_0_vh_rfs.vhd:1534]
INFO: [Synth 8-256] done synthesizing module 'pselect_f__parameterized0' (8#1) [/home/ldap-users/shiyong/Downloads/FPGA/Timer/Timer.srcs/sources_1/bd/design_timer/ipshared/0ba0/hdl/axi_lite_ipif_v3_0_vh_rfs.vhd:1534]
INFO: [Synth 8-638] synthesizing module 'pselect_f__parameterized1' [/home/ldap-users/shiyong/Downloads/FPGA/Timer/Timer.srcs/sources_1/bd/design_timer/ipshared/0ba0/hdl/axi_lite_ipif_v3_0_vh_rfs.vhd:1534]
INFO: [Synth 8-256] done synthesizing module 'pselect_f__parameterized1' (8#1) [/home/ldap-users/shiyong/Downloads/FPGA/Timer/Timer.srcs/sources_1/bd/design_timer/ipshared/0ba0/hdl/axi_lite_ipif_v3_0_vh_rfs.vhd:1534]
INFO: [Synth 8-638] synthesizing module 'pselect_f__parameterized2' [/home/ldap-users/shiyong/Downloads/FPGA/Timer/Timer.srcs/sources_1/bd/design_timer/ipshared/0ba0/hdl/axi_lite_ipif_v3_0_vh_rfs.vhd:1534]
INFO: [Synth 8-256] done synthesizing module 'pselect_f__parameterized2' (8#1) [/home/ldap-users/shiyong/Downloads/FPGA/Timer/Timer.srcs/sources_1/bd/design_timer/ipshared/0ba0/hdl/axi_lite_ipif_v3_0_vh_rfs.vhd:1534]
INFO: [Synth 8-638] synthesizing module 'pselect_f__parameterized3' [/home/ldap-users/shiyong/Downloads/FPGA/Timer/Timer.srcs/sources_1/bd/design_timer/ipshared/0ba0/hdl/axi_lite_ipif_v3_0_vh_rfs.vhd:1534]
INFO: [Synth 8-256] done synthesizing module 'pselect_f__parameterized3' (8#1) [/home/ldap-users/shiyong/Downloads/FPGA/Timer/Timer.srcs/sources_1/bd/design_timer/ipshared/0ba0/hdl/axi_lite_ipif_v3_0_vh_rfs.vhd:1534]
INFO: [Synth 8-638] synthesizing module 'pselect_f__parameterized4' [/home/ldap-users/shiyong/Downloads/FPGA/Timer/Timer.srcs/sources_1/bd/design_timer/ipshared/0ba0/hdl/axi_lite_ipif_v3_0_vh_rfs.vhd:1534]
INFO: [Synth 8-256] done synthesizing module 'pselect_f__parameterized4' (8#1) [/home/ldap-users/shiyong/Downloads/FPGA/Timer/Timer.srcs/sources_1/bd/design_timer/ipshared/0ba0/hdl/axi_lite_ipif_v3_0_vh_rfs.vhd:1534]
INFO: [Synth 8-638] synthesizing module 'pselect_f__parameterized5' [/home/ldap-users/shiyong/Downloads/FPGA/Timer/Timer.srcs/sources_1/bd/design_timer/ipshared/0ba0/hdl/axi_lite_ipif_v3_0_vh_rfs.vhd:1534]
INFO: [Synth 8-256] done synthesizing module 'pselect_f__parameterized5' (8#1) [/home/ldap-users/shiyong/Downloads/FPGA/Timer/Timer.srcs/sources_1/bd/design_timer/ipshared/0ba0/hdl/axi_lite_ipif_v3_0_vh_rfs.vhd:1534]
INFO: [Synth 8-638] synthesizing module 'pselect_f__parameterized6' [/home/ldap-users/shiyong/Downloads/FPGA/Timer/Timer.srcs/sources_1/bd/design_timer/ipshared/0ba0/hdl/axi_lite_ipif_v3_0_vh_rfs.vhd:1534]
INFO: [Synth 8-256] done synthesizing module 'pselect_f__parameterized6' (8#1) [/home/ldap-users/shiyong/Downloads/FPGA/Timer/Timer.srcs/sources_1/bd/design_timer/ipshared/0ba0/hdl/axi_lite_ipif_v3_0_vh_rfs.vhd:1534]
INFO: [Synth 8-256] done synthesizing module 'address_decoder' (9#1) [/home/ldap-users/shiyong/Downloads/FPGA/Timer/Timer.srcs/sources_1/bd/design_timer/ipshared/0ba0/hdl/axi_lite_ipif_v3_0_vh_rfs.vhd:1775]
INFO: [Synth 8-256] done synthesizing module 'slave_attachment' (10#1) [/home/ldap-users/shiyong/Downloads/FPGA/Timer/Timer.srcs/sources_1/bd/design_timer/ipshared/0ba0/hdl/axi_lite_ipif_v3_0_vh_rfs.vhd:2341]
INFO: [Synth 8-256] done synthesizing module 'axi_lite_ipif' (11#1) [/home/ldap-users/shiyong/Downloads/FPGA/Timer/Timer.srcs/sources_1/bd/design_timer/ipshared/0ba0/hdl/axi_lite_ipif_v3_0_vh_rfs.vhd:2948]
INFO: [Synth 8-256] done synthesizing module 'axi_timer' (12#1) [/home/ldap-users/shiyong/Downloads/FPGA/Timer/Timer.srcs/sources_1/bd/design_timer/ipshared/a004/hdl/axi_timer_v2_0_vh_rfs.vhd:2141]
INFO: [Synth 8-256] done synthesizing module 'design_timer_axi_timer_0_0' (13#1) [/home/ldap-users/shiyong/Downloads/FPGA/Timer/Timer.srcs/sources_1/bd/design_timer/ip/design_timer_axi_timer_0_0/synth/design_timer_axi_timer_0_0.vhd:90]
Finished RTL Elaboration : Time (s): cpu = 00:00:06 ; elapsed = 00:00:07 . Memory (MB): peak = 1307.305 ; gain = 115.500 ; free physical = 44271 ; free virtual = 85653
Finished RTL Optimization Phase 1 : Time (s): cpu = 00:00:07 ; elapsed = 00:00:07 . Memory (MB): peak = 1307.305 ; gain = 115.500 ; free physical = 44235 ; free virtual = 85618
INFO: [Device 21-403] Loading part xc7z020clg400-1
Constraint Validation Runtime : Time (s): cpu = 00:00:00.08 ; elapsed = 00:00:00.06 . Memory (MB): peak = 1712.051 ; gain = 0.008 ; free physical = 43313 ; free virtual = 84696
Finished Constraint Validation : Time (s): cpu = 00:00:19 ; elapsed = 00:00:21 . Memory (MB): peak = 1712.051 ; gain = 520.246 ; free physical = 43380 ; free virtual = 84763
Finished Loading Part and Timing Information : Time (s): cpu = 00:00:20 ; elapsed = 00:00:21 . Memory (MB): peak = 1712.051 ; gain = 520.246 ; free physical = 43380 ; free virtual = 84763
Finished applying 'set_property' XDC Constraints : Time (s): cpu = 00:00:20 ; elapsed = 00:00:21 . Memory (MB): peak = 1712.051 ; gain = 520.246 ; free physical = 43380 ; free virtual = 84763
Finished RTL Optimization Phase 2 : Time (s): cpu = 00:00:20 ; elapsed = 00:00:21 . Memory (MB): peak = 1712.051 ; gain = 520.246 ; free physical = 43343 ; free virtual = 84726
Finished Cross Boundary and Area Optimization : Time (s): cpu = 00:00:22 ; elapsed = 00:00:23 . Memory (MB): peak = 1712.051 ; gain = 520.246 ; free physical = 43271 ; free virtual = 84654
Finished Applying XDC Timing Constraints : Time (s): cpu = 00:00:29 ; elapsed = 00:00:30 . Memory (MB): peak = 1712.051 ; gain = 520.246 ; free physical = 43233 ; free virtual = 84617
Finished Timing Optimization : Time (s): cpu = 00:00:30 ; elapsed = 00:00:31 . Memory (MB): peak = 1712.051 ; gain = 520.246 ; free physical = 43698 ; free virtual = 85082
Finished Technology Mapping : Time (s): cpu = 00:00:30 ; elapsed = 00:00:31 . Memory (MB): peak = 1712.051 ; gain = 520.246 ; free physical = 43699 ; free virtual = 85083
Finished IO Insertion : Time (s): cpu = 00:00:30 ; elapsed = 00:00:32 . Memory (MB): peak = 1712.051 ; gain = 520.246 ; free physical = 43691 ; free virtual = 85075
Finished Renaming Generated Instances : Time (s): cpu = 00:00:30 ; elapsed = 00:00:32 . Memory (MB): peak = 1712.051 ; gain = 520.246 ; free physical = 43691 ; free virtual = 85074
Finished Rebuilding User Hierarchy : Time (s): cpu = 00:00:30 ; elapsed = 00:00:32 . Memory (MB): peak = 1712.051 ; gain = 520.246 ; free physical = 43685 ; free virtual = 85069
Finished Renaming Generated Ports : Time (s): cpu = 00:00:30 ; elapsed = 00:00:32 . Memory (MB): peak = 1712.051 ; gain = 520.246 ; free physical = 43684 ; free virtual = 85068
Finished Handling Custom Attributes : Time (s): cpu = 00:00:30 ; elapsed = 00:00:32 . Memory (MB): peak = 1712.051 ; gain = 520.246 ; free physical = 43683 ; free virtual = 85066
Finished Renaming Generated Nets : Time (s): cpu = 00:00:30 ; elapsed = 00:00:32 . Memory (MB): peak = 1712.051 ; gain = 520.246 ; free physical = 43682 ; free virtual = 85066

Report Cell Usage: 
+------+-------+------+
|      |Cell   |Count |
+------+-------+------+
|1     |CARRY4 |    16|
|2     |LUT1   |     6|
|3     |LUT2   |    82|
|4     |LUT3   |    93|
|5     |LUT4   |    82|
|6     |LUT5   |    25|
|7     |LUT6   |    62|
|8     |MUXCY  |    64|
|9     |MUXF7  |     2|
|10    |FDR    |    12|
|11    |FDRE   |   228|
+------+-------+------+
Finished Writing Synthesis Report : Time (s): cpu = 00:00:30 ; elapsed = 00:00:32 . Memory (MB): peak = 1712.051 ; gain = 520.246 ; free physical = 43682 ; free virtual = 85066
synth_design: Time (s): cpu = 00:00:32 ; elapsed = 00:00:34 . Memory (MB): peak = 1720.059 ; gain = 540.836 ; free physical = 43666 ; free virtual = 85050
