23:02:02 **** Auto Build of configuration Debug for project Lab5_hw ****
make pre-build main-build 
a9-linaro-pre-build-step
' '
'Building file: ../src/main.c'
'Invoking: ARM v7 gcc compiler'
arm-none-eabi-gcc -Wall -O0 -g3 -c -fmessage-length=0 -MT"src/main.o" -mcpu=cortex-a9 -mfpu=vfpv3 -mfloat-abi=hard -I../../Lab5_hw_bsp/ps7_cortexa9_0/include -MMD -MP -MF"src/main.d" -MT"src/main.o" -o "src/main.o" "../src/main.c"
../src/main.c:2:1: warning: "/*" within comment [-Wcomment]
 /*
  
../src/main.c: In function 'main':
../src/main.c:46:12: warning: format '%d' expects argument of type 'int *', but argument 2 has type 'u32 * {aka long unsigned int *}' [-Wformat=]
    scanf("%d", &data_in[i]);
           ~^   ~~~~~~~~~~~
           %ld
../src/main.c:47:14: warning: format '%d' expects argument of type 'int', but argument 2 has type 'u32 {aka long unsigned int}' [-Wformat=]
    printf(" %d\r\n", data_in[i]);
             ~^       ~~~~~~~~~~
             %ld
../src/main.c:52:39: warning: format '%d' expects argument of type 'int', but argument 2 has type 'u32 {aka long unsigned int}' [-Wformat=]
   for(int i = 0 ; i<8 ; i++) printf("%d\r\n", data_in[i]);
                                      ~^       ~~~~~~~~~~
                                      %ld
../src/main.c:60:39: warning: format '%d' expects argument of type 'int', but argument 2 has type 'u32 {aka long unsigned int}' [-Wformat=]
   for(int i = 0 ; i<8 ; i++) printf("%d\r\n", data_out[i]);
                                      ~^       ~~~~~~~~~~~
                                      %ld
../src/main.c:69:11: warning: format '%d' expects argument of type 'int *', but argument 2 has type 's32 * {aka long int *}' [-Wformat=]
   scanf("%d", &Ari_A);
          ~^   ~~~~~~
          %ld
../src/main.c:70:13: warning: format '%d' expects argument of type 'int', but argument 2 has type 's32 {aka long int}' [-Wformat=]
   printf(" %d\r\n", Ari_A);
            ~^
            %ld
../src/main.c:77:11: warning: format '%d' expects argument of type 'int *', but argument 2 has type 's32 * {aka long int *}' [-Wformat=]
   scanf("%d", &Ari_B);
          ~^   ~~~~~~
          %ld
../src/main.c:78:13: warning: format '%d' expects argument of type 'int', but argument 2 has type 's32 {aka long int}' [-Wformat=]
   printf(" %d\r\n", Ari_B);
            ~^
            %ld
../src/main.c:94:12: warning: format '%d' expects argument of type 'int', but argument 2 has type 's32 {aka long int}' [-Wformat=]
   printf("%d%c%d=%d\r\n", Ari_A , Ari_unit_c , Ari_B , Ari_Result);
           ~^
           %ld
../src/main.c:94:16: warning: format '%d' expects argument of type 'int', but argument 4 has type 's32 {aka long int}' [-Wformat=]
   printf("%d%c%d=%d\r\n", Ari_A , Ari_unit_c , Ari_B , Ari_Result);
               ~^
               %ld
../src/main.c:94:19: warning: format '%d' expects argument of type 'int', but argument 5 has type 's32 {aka long int}' [-Wformat=]
   printf("%d%c%d=%d\r\n", Ari_A , Ari_unit_c , Ari_B , Ari_Result);
                  ~^
                  %ld
../src/main.c:105:11: warning: format '%s' expects argument of type 'char *', but argument 2 has type 'char (*)[4]' [-Wformat=]
   scanf("%s", &Parity_data);
          ~^   ~~~~~~~~~~~~
../src/main.c:110:30: warning: format '%d' expects argument of type 'int', but argument 2 has type 'u32 {aka long unsigned int}' [-Wformat=]
   printf("The parity bit is %d\r\n", Parity_result);
                             ~^
                             %ld
../src/main.c:121:11: warning: format '%s' expects argument of type 'char *', but argument 2 has type 'char (*)[20]' [-Wformat=]
   scanf("%s", &djb2_data);
          ~^   ~~~~~~~~~~
../src/main.c:128:20: warning: comparison between pointer and integer
    if(djb2_data[i] != NULL) length ++ ;
                    ^~
../src/main.c:134:38: warning: format '%d' expects argument of type 'int', but argument 3 has type 'u32 {aka long unsigned int}' [-Wformat=]
   printf("The hash value of %s is : %d .\r\n",djb2_data , hash_result);
                                     ~^
                                     %ld
../src/main.c:157:11: warning: implicit declaration of function 'PWM' [-Wimplicit-function-declaration]
   value = PWM(XPAR_PWM_CTRL_0_S00_AXI_BASEADDR , sw);
           ^~~
../src/main.c:35:11: warning: variable 'value' set but not used [-Wunused-but-set-variable]
  int sw , value ;
           ^~~~~
'Finished building: ../src/main.c'
' '
'Building target: Lab5_hw.elf'
'Invoking: ARM v7 gcc linker'
arm-none-eabi-gcc -mcpu=cortex-a9 -mfpu=vfpv3 -mfloat-abi=hard -Wl,-build-id=none -specs=Xilinx.spec -Wl,-T -Wl,../src/lscript.ld -L../../Lab5_hw_bsp/ps7_cortexa9_0/lib -o "Lab5_hw.elf"  ./src/main.o   -Wl,--start-group,-lxil,-lgcc,-lc,--end-group
'Finished building target: Lab5_hw.elf'
' '
'Invoking: ARM v7 Print Size'
arm-none-eabi-size Lab5_hw.elf  |tee "Lab5_hw.elf.size"
   text	   data	    bss	    dec	    hex	filename
 121916	   2580	  23328	 147824	  24170	Lab5_hw.elf
'Finished building: Lab5_hw.elf.size'
' '

23:02:03 Build Finished (took 1s.32ms)

