Copyright 1986-2018 Xilinx, Inc. All Rights Reserved.
------------------------------------------------------------------------------------
| Tool Version : Vivado v.2018.1 (win64) Build 2188600 Wed Apr  4 18:40:38 MDT 2018
| Date         : Sun Dec  9 15:19:40 2018
| Host         : MSI running 64-bit major release  (build 9200)
| Command      : upgrade_ip
| Device       : xc7z020clg400-1
------------------------------------------------------------------------------------

Upgrade Log for IP 'design_1_Matrix_Processor_3X3_0_0'

1. Summary
----------

SUCCESS in the upgrade of design_1_Matrix_Processor_3X3_0_0 (xilinx.com:user:Matrix_Processor_3X3:1.0) from (Rev. 16) to (Rev. 17)






Copyright 1986-2018 Xilinx, Inc. All Rights Reserved.
------------------------------------------------------------------------------------
| Tool Version : Vivado v.2018.1 (win64) Build 2188600 Wed Apr  4 18:40:38 MDT 2018
| Date         : Sun Dec  9 15:11:34 2018
| Host         : MSI running 64-bit major release  (build 9200)
| Command      : upgrade_ip
| Device       : xc7z020clg400-1
------------------------------------------------------------------------------------

Upgrade Log for IP 'design_1_Matrix_Processor_3X3_0_0'

1. Summary
----------

CAUTION (success, with warnings) in the upgrade of design_1_Matrix_Processor_3X3_0_0 (xilinx.com:user:Matrix_Processor_3X3:1.0) from (Rev. 15) to (Rev. 16)

After upgrade, an IP may have parameter and port differences compared to the original customization. Please review the parameters within the IP customization GUI to ensure proper functionality. Also, please review the updated IP instantiation template to ensure proper connectivity, and update your design if required.

2. Connection Warnings
----------------------

Detected external port differences while upgrading 'design_1_Matrix_Processor_3X3_0_0'. These changes may impact your design.


-Upgrade has added port 'led'







Copyright 1986-2018 Xilinx, Inc. All Rights Reserved.
------------------------------------------------------------------------------------
| Tool Version : Vivado v.2018.1 (win64) Build 2188600 Wed Apr  4 18:40:38 MDT 2018
| Date         : Sun Dec  9 01:56:18 2018
| Host         : MSI running 64-bit major release  (build 9200)
| Command      : upgrade_ip
| Device       : xc7z020clg400-1
------------------------------------------------------------------------------------

Upgrade Log for IP 'design_1_Matrix_Processor_3X3_0_0'

1. Summary
----------

SUCCESS in the upgrade of design_1_Matrix_Processor_3X3_0_0 (xilinx.com:user:Matrix_Processor_3X3:1.0) from (Rev. 14) to (Rev. 15)






Copyright 1986-2018 Xilinx, Inc. All Rights Reserved.
------------------------------------------------------------------------------------
| Tool Version : Vivado v.2018.1 (win64) Build 2188600 Wed Apr  4 18:40:38 MDT 2018
| Date         : Sun Dec  9 01:32:38 2018
| Host         : MSI running 64-bit major release  (build 9200)
| Command      : upgrade_ip
| Device       : xc7z020clg400-1
------------------------------------------------------------------------------------

Upgrade Log for IP 'design_1_Matrix_Processor_3X3_0_0'

1. Summary
----------

SUCCESS in the upgrade of design_1_Matrix_Processor_3X3_0_0 (xilinx.com:user:Matrix_Processor_3X3:1.0) from (Rev. 13) to (Rev. 14)






Copyright 1986-2018 Xilinx, Inc. All Rights Reserved.
------------------------------------------------------------------------------------
| Tool Version : Vivado v.2018.1 (win64) Build 2188600 Wed Apr  4 18:40:38 MDT 2018
| Date         : Sun Dec  9 01:13:41 2018
| Host         : MSI running 64-bit major release  (build 9200)
| Command      : upgrade_ip
| Device       : xc7z020clg400-1
------------------------------------------------------------------------------------

Upgrade Log for IP 'design_1_Matrix_Processor_3X3_0_0'

1. Summary
----------

SUCCESS in the upgrade of design_1_Matrix_Processor_3X3_0_0 (xilinx.com:user:Matrix_Processor_3X3:1.0) from (Rev. 11) to (Rev. 13)






Copyright 1986-2018 Xilinx, Inc. All Rights Reserved.
------------------------------------------------------------------------------------
| Tool Version : Vivado v.2018.1 (win64) Build 2188600 Wed Apr  4 18:40:38 MDT 2018
| Date         : Sun Dec  9 00:07:59 2018
| Host         : MSI running 64-bit major release  (build 9200)
| Command      : upgrade_ip
| Device       : xc7z020clg400-1
------------------------------------------------------------------------------------

Upgrade Log for IP 'design_1_Matrix_Processor_3X3_0_0'

1. Summary
----------

SUCCESS in the upgrade of design_1_Matrix_Processor_3X3_0_0 (xilinx.com:user:Matrix_Processor_3X3:1.0) from (Rev. 10) to (Rev. 11)






Copyright 1986-2018 Xilinx, Inc. All Rights Reserved.
------------------------------------------------------------------------------------
| Tool Version : Vivado v.2018.1 (win64) Build 2188600 Wed Apr  4 18:40:38 MDT 2018
| Date         : Sat Dec  8 23:31:45 2018
| Host         : MSI running 64-bit major release  (build 9200)
| Command      : upgrade_ip
| Device       : xc7z020clg400-1
------------------------------------------------------------------------------------

Upgrade Log for IP 'design_1_Matrix_Processor_3X3_0_0'

1. Summary
----------

SUCCESS in the upgrade of design_1_Matrix_Processor_3X3_0_0 (xilinx.com:user:Matrix_Processor_3X3:1.0) from (Rev. 9) to (Rev. 10)






Copyright 1986-2018 Xilinx, Inc. All Rights Reserved.
------------------------------------------------------------------------------------
| Tool Version : Vivado v.2018.1 (win64) Build 2188600 Wed Apr  4 18:40:38 MDT 2018
| Date         : Sat Dec  8 22:53:01 2018
| Host         : MSI running 64-bit major release  (build 9200)
| Command      : upgrade_ip
| Device       : xc7z020clg400-1
------------------------------------------------------------------------------------

Upgrade Log for IP 'design_1_Matrix_Processor_3X3_0_0'

1. Summary
----------

SUCCESS in the upgrade of design_1_Matrix_Processor_3X3_0_0 (xilinx.com:user:Matrix_Processor_3X3:1.0) from (Rev. 8) to (Rev. 9)






Copyright 1986-2018 Xilinx, Inc. All Rights Reserved.
------------------------------------------------------------------------------------
| Tool Version : Vivado v.2018.1 (win64) Build 2188600 Wed Apr  4 18:40:38 MDT 2018
| Date         : Sat Dec  8 22:10:42 2018
| Host         : MSI running 64-bit major release  (build 9200)
| Command      : upgrade_ip
| Device       : xc7z020clg400-1
------------------------------------------------------------------------------------

Upgrade Log for IP 'design_1_Matrix_Processor_3X3_0_0'

1. Summary
----------

SUCCESS in the upgrade of design_1_Matrix_Processor_3X3_0_0 (xilinx.com:user:Matrix_Processor_3X3:1.0) from (Rev. 7) to (Rev. 8)






Copyright 1986-2018 Xilinx, Inc. All Rights Reserved.
------------------------------------------------------------------------------------
| Tool Version : Vivado v.2018.1 (win64) Build 2188600 Wed Apr  4 18:40:38 MDT 2018
| Date         : Sat Dec  8 21:49:22 2018
| Host         : MSI running 64-bit major release  (build 9200)
| Command      : upgrade_ip
| Device       : xc7z020clg400-1
------------------------------------------------------------------------------------

Upgrade Log for IP 'design_1_Matrix_Processor_3X3_0_0'

1. Summary
----------

SUCCESS in the upgrade of design_1_Matrix_Processor_3X3_0_0 (xilinx.com:user:Matrix_Processor_3X3:1.0) from (Rev. 6) to (Rev. 7)






Copyright 1986-2018 Xilinx, Inc. All Rights Reserved.
------------------------------------------------------------------------------------
| Tool Version : Vivado v.2018.1 (win64) Build 2188600 Wed Apr  4 18:40:38 MDT 2018
| Date         : Sat Dec  8 21:25:21 2018
| Host         : MSI running 64-bit major release  (build 9200)
| Command      : upgrade_ip
| Device       : xc7z020clg400-1
------------------------------------------------------------------------------------

Upgrade Log for IP 'design_1_Matrix_Processor_3X3_0_0'

1. Summary
----------

SUCCESS in the upgrade of design_1_Matrix_Processor_3X3_0_0 (xilinx.com:user:Matrix_Processor_3X3:1.0) from (Rev. 5) to (Rev. 6)






Copyright 1986-2018 Xilinx, Inc. All Rights Reserved.
------------------------------------------------------------------------------------
| Tool Version : Vivado v.2018.1 (win64) Build 2188600 Wed Apr  4 18:40:38 MDT 2018
| Date         : Sat Dec  8 20:59:34 2018
| Host         : MSI running 64-bit major release  (build 9200)
| Command      : upgrade_ip
| Device       : xc7z020clg400-1
------------------------------------------------------------------------------------

Upgrade Log for IP 'design_1_Matrix_Processor_3X3_0_0'

1. Summary
----------

SUCCESS in the upgrade of design_1_Matrix_Processor_3X3_0_0 (xilinx.com:user:Matrix_Processor_3X3:1.0) from (Rev. 4) to (Rev. 5)






Copyright 1986-2018 Xilinx, Inc. All Rights Reserved.
------------------------------------------------------------------------------------
| Tool Version : Vivado v.2018.1 (win64) Build 2188600 Wed Apr  4 18:40:38 MDT 2018
| Date         : Sat Dec  8 20:48:35 2018
| Host         : MSI running 64-bit major release  (build 9200)
| Command      : upgrade_ip
| Device       : xc7z020clg400-1
------------------------------------------------------------------------------------

Upgrade Log for IP 'design_1_Matrix_Processor_3X3_0_0'

1. Summary
----------

SUCCESS in the upgrade of design_1_Matrix_Processor_3X3_0_0 (xilinx.com:user:Matrix_Processor_3X3:1.0) from (Rev. 3) to (Rev. 4)






Copyright 1986-2018 Xilinx, Inc. All Rights Reserved.
------------------------------------------------------------------------------------
| Tool Version : Vivado v.2018.1 (win64) Build 2188600 Wed Apr  4 18:40:38 MDT 2018
| Date         : Sat Dec  8 20:34:58 2018
| Host         : MSI running 64-bit major release  (build 9200)
| Command      : upgrade_ip
| Device       : xc7z020clg400-1
------------------------------------------------------------------------------------

Upgrade Log for IP 'design_1_Matrix_Processor_3X3_0_0'

1. Summary
----------

SUCCESS in the upgrade of design_1_Matrix_Processor_3X3_0_0 (xilinx.com:user:Matrix_Processor_3X3:1.0) from (Rev. 1) to (Rev. 3)

