
*** Running vivado
    with args -log hw5_arithmetic_0_0.vds -m64 -product Vivado -mode batch -messageDb vivado.pb -notrace -source hw5_arithmetic_0_0.tcl


****** Vivado v2018.2 (64-bit)
  **** SW Build 2258646 on Thu Jun 14 20:03:12 MDT 2018
  **** IP Build 2256618 on Thu Jun 14 22:10:49 MDT 2018
    ** Copyright 1986-2018 Xilinx, Inc. All Rights Reserved.

source hw5_arithmetic_0_0.tcl -notrace
Command: synth_design -top hw5_arithmetic_0_0 -part xc7z020clg400-1 -mode out_of_context
Starting synth_design
Attempting to get a license for feature 'Synthesis' and/or device 'xc7z020'
INFO: [Common 17-349] Got license for feature 'Synthesis' and/or device 'xc7z020'
INFO: Launching helper process for spawning children vivado processes
INFO: Helper process launched with PID 270964 
---------------------------------------------------------------------------------
Starting RTL Elaboration : Time (s): cpu = 00:00:04 ; elapsed = 00:00:05 . Memory (MB): peak = 389.473 ; gain = 97.742
---------------------------------------------------------------------------------
INFO: [Synth 8-6157] synthesizing module 'hw5_arithmetic_0_0' [c:/Users/user/Documents/GitHub/F84051053/hw5/hw5_pj/hw5_pj.srcs/sources_1/bd/hw5/ip/hw5_arithmetic_0_0/synth/hw5_arithmetic_0_0.v:57]
INFO: [Synth 8-6157] synthesizing module 'arithmetic_v1_0' [c:/Users/user/Documents/GitHub/F84051053/hw5/hw5_pj/hw5_pj.srcs/sources_1/bd/hw5/ipshared/c749/hdl/arithmetic_v1_0.v:4]
	Parameter C_S00_AXI_DATA_WIDTH bound to: 32 - type: integer 
	Parameter C_S00_AXI_ADDR_WIDTH bound to: 4 - type: integer 
INFO: [Synth 8-6157] synthesizing module 'arithmetic_v1_0_S00_AXI' [c:/Users/user/Documents/GitHub/F84051053/hw5/hw5_pj/hw5_pj.srcs/sources_1/bd/hw5/ipshared/c749/hdl/arithmetic_v1_0_S00_AXI.v:4]
	Parameter C_S_AXI_DATA_WIDTH bound to: 32 - type: integer 
	Parameter C_S_AXI_ADDR_WIDTH bound to: 4 - type: integer 
	Parameter ADDR_LSB bound to: 2 - type: integer 
	Parameter OPT_MEM_ADDR_BITS bound to: 1 - type: integer 
INFO: [Synth 8-226] default block is never used [c:/Users/user/Documents/GitHub/F84051053/hw5/hw5_pj/hw5_pj.srcs/sources_1/bd/hw5/ipshared/c749/hdl/arithmetic_v1_0_S00_AXI.v:231]
INFO: [Synth 8-226] default block is never used [c:/Users/user/Documents/GitHub/F84051053/hw5/hw5_pj/hw5_pj.srcs/sources_1/bd/hw5/ipshared/c749/hdl/arithmetic_v1_0_S00_AXI.v:372]
INFO: [Synth 8-6157] synthesizing module 'arithmetic' [c:/Users/user/Documents/GitHub/F84051053/hw5/hw5_pj/hw5_pj.srcs/sources_1/bd/hw5/ipshared/c749/src/arithmetic.v:1]
INFO: [Synth 8-6155] done synthesizing module 'arithmetic' (1#1) [c:/Users/user/Documents/GitHub/F84051053/hw5/hw5_pj/hw5_pj.srcs/sources_1/bd/hw5/ipshared/c749/src/arithmetic.v:1]
WARNING: [Synth 8-6014] Unused sequential element slv_reg1_reg was removed.  [c:/Users/user/Documents/GitHub/F84051053/hw5/hw5_pj/hw5_pj.srcs/sources_1/bd/hw5/ipshared/c749/hdl/arithmetic_v1_0_S00_AXI.v:224]
INFO: [Synth 8-6155] done synthesizing module 'arithmetic_v1_0_S00_AXI' (2#1) [c:/Users/user/Documents/GitHub/F84051053/hw5/hw5_pj/hw5_pj.srcs/sources_1/bd/hw5/ipshared/c749/hdl/arithmetic_v1_0_S00_AXI.v:4]
INFO: [Synth 8-6155] done synthesizing module 'arithmetic_v1_0' (3#1) [c:/Users/user/Documents/GitHub/F84051053/hw5/hw5_pj/hw5_pj.srcs/sources_1/bd/hw5/ipshared/c749/hdl/arithmetic_v1_0.v:4]
INFO: [Synth 8-6155] done synthesizing module 'hw5_arithmetic_0_0' (4#1) [c:/Users/user/Documents/GitHub/F84051053/hw5/hw5_pj/hw5_pj.srcs/sources_1/bd/hw5/ip/hw5_arithmetic_0_0/synth/hw5_arithmetic_0_0.v:57]
WARNING: [Synth 8-3331] design arithmetic_v1_0_S00_AXI has unconnected port S_AXI_AWPROT[2]
WARNING: [Synth 8-3331] design arithmetic_v1_0_S00_AXI has unconnected port S_AXI_AWPROT[1]
WARNING: [Synth 8-3331] design arithmetic_v1_0_S00_AXI has unconnected port S_AXI_AWPROT[0]
WARNING: [Synth 8-3331] design arithmetic_v1_0_S00_AXI has unconnected port S_AXI_ARPROT[2]
WARNING: [Synth 8-3331] design arithmetic_v1_0_S00_AXI has unconnected port S_AXI_ARPROT[1]
WARNING: [Synth 8-3331] design arithmetic_v1_0_S00_AXI has unconnected port S_AXI_ARPROT[0]
---------------------------------------------------------------------------------
Finished RTL Elaboration : Time (s): cpu = 00:00:06 ; elapsed = 00:00:07 . Memory (MB): peak = 444.434 ; gain = 152.703
---------------------------------------------------------------------------------

Report Check Netlist: 
+------+------------------+-------+---------+-------+------------------+
|      |Item              |Errors |Warnings |Status |Description       |
+------+------------------+-------+---------+-------+------------------+
|1     |multi_driven_nets |      0|        0|Passed |Multi driven nets |
+------+------------------+-------+---------+-------+------------------+
---------------------------------------------------------------------------------
Start Handling Custom Attributes
---------------------------------------------------------------------------------
---------------------------------------------------------------------------------
Finished Handling Custom Attributes : Time (s): cpu = 00:00:06 ; elapsed = 00:00:07 . Memory (MB): peak = 444.434 ; gain = 152.703
---------------------------------------------------------------------------------
---------------------------------------------------------------------------------
Finished RTL Optimization Phase 1 : Time (s): cpu = 00:00:06 ; elapsed = 00:00:07 . Memory (MB): peak = 444.434 ; gain = 152.703
---------------------------------------------------------------------------------
INFO: [Device 21-403] Loading part xc7z020clg400-1
INFO: [Project 1-570] Preparing netlist for logic optimization

Processing XDC Constraints
Initializing timing engine
Parsing XDC File [c:/Users/user/Documents/GitHub/F84051053/hw5/hw5_pj/hw5_pj.srcs/sources_1/bd/xdc/arithmetic_ooc.xdc] for cell 'inst'
Finished Parsing XDC File [c:/Users/user/Documents/GitHub/F84051053/hw5/hw5_pj/hw5_pj.srcs/sources_1/bd/xdc/arithmetic_ooc.xdc] for cell 'inst'
Parsing XDC File [C:/Users/user/Documents/GitHub/F84051053/hw5/hw5_pj/hw5_pj.runs/hw5_arithmetic_0_0_synth_1/dont_touch.xdc]
Finished Parsing XDC File [C:/Users/user/Documents/GitHub/F84051053/hw5/hw5_pj/hw5_pj.runs/hw5_arithmetic_0_0_synth_1/dont_touch.xdc]
Completed Processing XDC Constraints

INFO: [Project 1-111] Unisim Transformation Summary:
No Unisim elements were transformed.

Constraint Validation Runtime : Time (s): cpu = 00:00:00 ; elapsed = 00:00:00.124 . Memory (MB): peak = 800.824 ; gain = 1.316
---------------------------------------------------------------------------------
Finished Constraint Validation : Time (s): cpu = 00:00:22 ; elapsed = 00:00:27 . Memory (MB): peak = 800.824 ; gain = 509.094
---------------------------------------------------------------------------------
---------------------------------------------------------------------------------
Start Loading Part and Timing Information
---------------------------------------------------------------------------------
Loading part: xc7z020clg400-1
---------------------------------------------------------------------------------
Finished Loading Part and Timing Information : Time (s): cpu = 00:00:22 ; elapsed = 00:00:27 . Memory (MB): peak = 800.824 ; gain = 509.094
---------------------------------------------------------------------------------
---------------------------------------------------------------------------------
Start Applying 'set_property' XDC Constraints
---------------------------------------------------------------------------------
Applied set_property DONT_TOUCH = true for inst. (constraint file  C:/Users/user/Documents/GitHub/F84051053/hw5/hw5_pj/hw5_pj.runs/hw5_arithmetic_0_0_synth_1/dont_touch.xdc, line 9).
---------------------------------------------------------------------------------
Finished applying 'set_property' XDC Constraints : Time (s): cpu = 00:00:22 ; elapsed = 00:00:27 . Memory (MB): peak = 800.824 ; gain = 509.094
---------------------------------------------------------------------------------
INFO: [Synth 8-5818] HDL ADVISOR - The operator resource <adder> is shared. To prevent sharing consider applying a KEEP on the output of the operator [c:/Users/user/Documents/GitHub/F84051053/hw5/hw5_pj/hw5_pj.srcs/sources_1/bd/hw5/ipshared/c749/src/arithmetic.v:12]
---------------------------------------------------------------------------------
Finished RTL Optimization Phase 2 : Time (s): cpu = 00:00:22 ; elapsed = 00:00:27 . Memory (MB): peak = 800.824 ; gain = 509.094
---------------------------------------------------------------------------------

Report RTL Partitions: 
+-+--------------+------------+----------+
| |RTL Partition |Replication |Instances |
+-+--------------+------------+----------+
+-+--------------+------------+----------+
---------------------------------------------------------------------------------
Start RTL Component Statistics 
---------------------------------------------------------------------------------
Detailed RTL Component Info : 
+---Adders : 
	   3 Input      8 Bit       Adders := 1     
	   2 Input      5 Bit       Adders := 1     
+---Registers : 
	               32 Bit    Registers := 4     
	                4 Bit    Registers := 2     
	                2 Bit    Registers := 2     
	                1 Bit    Registers := 6     
+---Muxes : 
	   2 Input     32 Bit        Muxes := 3     
	   4 Input     32 Bit        Muxes := 4     
	   2 Input      8 Bit        Muxes := 1     
	   4 Input      8 Bit        Muxes := 1     
	   2 Input      4 Bit        Muxes := 1     
	   2 Input      1 Bit        Muxes := 5     
---------------------------------------------------------------------------------
Finished RTL Component Statistics 
---------------------------------------------------------------------------------
---------------------------------------------------------------------------------
Start RTL Hierarchical Component Statistics 
---------------------------------------------------------------------------------
Hierarchical RTL Component report 
Module arithmetic 
Detailed RTL Component Info : 
+---Adders : 
	   3 Input      8 Bit       Adders := 1     
	   2 Input      5 Bit       Adders := 1     
+---Muxes : 
	   2 Input      8 Bit        Muxes := 1     
	   4 Input      8 Bit        Muxes := 1     
	   2 Input      4 Bit        Muxes := 1     
Module arithmetic_v1_0_S00_AXI 
Detailed RTL Component Info : 
+---Registers : 
	               32 Bit    Registers := 4     
	                4 Bit    Registers := 2     
	                2 Bit    Registers := 2     
	                1 Bit    Registers := 6     
+---Muxes : 
	   2 Input     32 Bit        Muxes := 3     
	   4 Input     32 Bit        Muxes := 4     
	   2 Input      1 Bit        Muxes := 5     
---------------------------------------------------------------------------------
Finished RTL Hierarchical Component Statistics
---------------------------------------------------------------------------------
---------------------------------------------------------------------------------
Start Part Resource Summary
---------------------------------------------------------------------------------
Part Resources:
DSPs: 220 (col length:60)
BRAMs: 280 (col length: RAMB18 60 RAMB36 30)
---------------------------------------------------------------------------------
Finished Part Resource Summary
---------------------------------------------------------------------------------
---------------------------------------------------------------------------------
Start Cross Boundary and Area Optimization
---------------------------------------------------------------------------------
Warning: Parallel synthesis criteria is not met 
WARNING: [Synth 8-3331] design arithmetic_v1_0 has unconnected port s00_axi_awprot[2]
WARNING: [Synth 8-3331] design arithmetic_v1_0 has unconnected port s00_axi_awprot[1]
WARNING: [Synth 8-3331] design arithmetic_v1_0 has unconnected port s00_axi_awprot[0]
WARNING: [Synth 8-3331] design arithmetic_v1_0 has unconnected port s00_axi_arprot[2]
WARNING: [Synth 8-3331] design arithmetic_v1_0 has unconnected port s00_axi_arprot[1]
WARNING: [Synth 8-3331] design arithmetic_v1_0 has unconnected port s00_axi_arprot[0]
INFO: [Synth 8-3886] merging instance 'inst/arithmetic_v1_0_S00_AXI_inst/axi_rresp_reg[0]' (FDRE) to 'inst/arithmetic_v1_0_S00_AXI_inst/axi_rresp_reg[1]'
INFO: [Synth 8-3333] propagating constant 0 across sequential element (inst/\arithmetic_v1_0_S00_AXI_inst/axi_rresp_reg[1] )
INFO: [Synth 8-3886] merging instance 'inst/arithmetic_v1_0_S00_AXI_inst/axi_bresp_reg[0]' (FDRE) to 'inst/arithmetic_v1_0_S00_AXI_inst/axi_bresp_reg[1]'
INFO: [Synth 8-3333] propagating constant 0 across sequential element (inst/\arithmetic_v1_0_S00_AXI_inst/axi_bresp_reg[1] )
WARNING: [Synth 8-3332] Sequential element (arithmetic_v1_0_S00_AXI_inst/axi_awaddr_reg[1]) is unused and will be removed from module arithmetic_v1_0.
WARNING: [Synth 8-3332] Sequential element (arithmetic_v1_0_S00_AXI_inst/axi_awaddr_reg[0]) is unused and will be removed from module arithmetic_v1_0.
WARNING: [Synth 8-3332] Sequential element (arithmetic_v1_0_S00_AXI_inst/axi_bresp_reg[1]) is unused and will be removed from module arithmetic_v1_0.
WARNING: [Synth 8-3332] Sequential element (arithmetic_v1_0_S00_AXI_inst/axi_araddr_reg[1]) is unused and will be removed from module arithmetic_v1_0.
WARNING: [Synth 8-3332] Sequential element (arithmetic_v1_0_S00_AXI_inst/axi_araddr_reg[0]) is unused and will be removed from module arithmetic_v1_0.
WARNING: [Synth 8-3332] Sequential element (arithmetic_v1_0_S00_AXI_inst/axi_rresp_reg[1]) is unused and will be removed from module arithmetic_v1_0.
---------------------------------------------------------------------------------
Finished Cross Boundary and Area Optimization : Time (s): cpu = 00:00:24 ; elapsed = 00:00:29 . Memory (MB): peak = 800.824 ; gain = 509.094
---------------------------------------------------------------------------------

Report RTL Partitions: 
+-+--------------+------------+----------+
| |RTL Partition |Replication |Instances |
+-+--------------+------------+----------+
+-+--------------+------------+----------+
---------------------------------------------------------------------------------
Start Applying XDC Timing Constraints
---------------------------------------------------------------------------------
---------------------------------------------------------------------------------
Finished Applying XDC Timing Constraints : Time (s): cpu = 00:00:40 ; elapsed = 00:00:47 . Memory (MB): peak = 800.824 ; gain = 509.094
---------------------------------------------------------------------------------
---------------------------------------------------------------------------------
Start Timing Optimization
---------------------------------------------------------------------------------
---------------------------------------------------------------------------------
Finished Timing Optimization : Time (s): cpu = 00:00:41 ; elapsed = 00:00:48 . Memory (MB): peak = 821.141 ; gain = 529.410
---------------------------------------------------------------------------------

Report RTL Partitions: 
+-+--------------+------------+----------+
| |RTL Partition |Replication |Instances |
+-+--------------+------------+----------+
+-+--------------+------------+----------+
---------------------------------------------------------------------------------
Start Technology Mapping
---------------------------------------------------------------------------------
---------------------------------------------------------------------------------
Finished Technology Mapping : Time (s): cpu = 00:00:41 ; elapsed = 00:00:48 . Memory (MB): peak = 821.141 ; gain = 529.410
---------------------------------------------------------------------------------

Report RTL Partitions: 
+-+--------------+------------+----------+
| |RTL Partition |Replication |Instances |
+-+--------------+------------+----------+
+-+--------------+------------+----------+
---------------------------------------------------------------------------------
Start IO Insertion
---------------------------------------------------------------------------------
---------------------------------------------------------------------------------
Start Flattening Before IO Insertion
---------------------------------------------------------------------------------
---------------------------------------------------------------------------------
Finished Flattening Before IO Insertion
---------------------------------------------------------------------------------
---------------------------------------------------------------------------------
Start Final Netlist Cleanup
---------------------------------------------------------------------------------
---------------------------------------------------------------------------------
Finished Final Netlist Cleanup
---------------------------------------------------------------------------------
---------------------------------------------------------------------------------
Finished IO Insertion : Time (s): cpu = 00:00:43 ; elapsed = 00:00:50 . Memory (MB): peak = 821.141 ; gain = 529.410
---------------------------------------------------------------------------------

Report Check Netlist: 
+------+------------------+-------+---------+-------+------------------+
|      |Item              |Errors |Warnings |Status |Description       |
+------+------------------+-------+---------+-------+------------------+
|1     |multi_driven_nets |      0|        0|Passed |Multi driven nets |
+------+------------------+-------+---------+-------+------------------+
---------------------------------------------------------------------------------
Start Renaming Generated Instances
---------------------------------------------------------------------------------
---------------------------------------------------------------------------------
Finished Renaming Generated Instances : Time (s): cpu = 00:00:43 ; elapsed = 00:00:50 . Memory (MB): peak = 821.141 ; gain = 529.410
---------------------------------------------------------------------------------

Report RTL Partitions: 
+-+--------------+------------+----------+
| |RTL Partition |Replication |Instances |
+-+--------------+------------+----------+
+-+--------------+------------+----------+
---------------------------------------------------------------------------------
Start Rebuilding User Hierarchy
---------------------------------------------------------------------------------
---------------------------------------------------------------------------------
Finished Rebuilding User Hierarchy : Time (s): cpu = 00:00:43 ; elapsed = 00:00:50 . Memory (MB): peak = 821.141 ; gain = 529.410
---------------------------------------------------------------------------------
---------------------------------------------------------------------------------
Start Renaming Generated Ports
---------------------------------------------------------------------------------
---------------------------------------------------------------------------------
Finished Renaming Generated Ports : Time (s): cpu = 00:00:43 ; elapsed = 00:00:50 . Memory (MB): peak = 821.141 ; gain = 529.410
---------------------------------------------------------------------------------
---------------------------------------------------------------------------------
Start Handling Custom Attributes
---------------------------------------------------------------------------------
---------------------------------------------------------------------------------
Finished Handling Custom Attributes : Time (s): cpu = 00:00:43 ; elapsed = 00:00:50 . Memory (MB): peak = 821.141 ; gain = 529.410
---------------------------------------------------------------------------------
---------------------------------------------------------------------------------
Start Renaming Generated Nets
---------------------------------------------------------------------------------
---------------------------------------------------------------------------------
Finished Renaming Generated Nets : Time (s): cpu = 00:00:43 ; elapsed = 00:00:50 . Memory (MB): peak = 821.141 ; gain = 529.410
---------------------------------------------------------------------------------
---------------------------------------------------------------------------------
Start Writing Synthesis Report
---------------------------------------------------------------------------------

Report BlackBoxes: 
+-+--------------+----------+
| |BlackBox name |Instances |
+-+--------------+----------+
+-+--------------+----------+

Report Cell Usage: 
+------+-------+------+
|      |Cell   |Count |
+------+-------+------+
|1     |CARRY4 |     2|
|2     |LUT1   |     1|
|3     |LUT2   |    14|
|4     |LUT3   |     1|
|5     |LUT4   |    24|
|6     |LUT5   |    34|
|7     |LUT6   |    37|
|8     |FDRE   |   137|
|9     |FDSE   |     1|
+------+-------+------+

Report Instance Areas: 
+------+---------------------------------+------------------------+------+
|      |Instance                         |Module                  |Cells |
+------+---------------------------------+------------------------+------+
|1     |top                              |                        |   251|
|2     |  inst                           |arithmetic_v1_0         |   251|
|3     |    arithmetic_v1_0_S00_AXI_inst |arithmetic_v1_0_S00_AXI |   251|
|4     |      arithmetic_i               |arithmetic              |     9|
+------+---------------------------------+------------------------+------+
---------------------------------------------------------------------------------
Finished Writing Synthesis Report : Time (s): cpu = 00:00:43 ; elapsed = 00:00:50 . Memory (MB): peak = 821.141 ; gain = 529.410
---------------------------------------------------------------------------------
Synthesis finished with 0 errors, 0 critical warnings and 12 warnings.
Synthesis Optimization Runtime : Time (s): cpu = 00:00:25 ; elapsed = 00:00:35 . Memory (MB): peak = 821.141 ; gain = 173.020
Synthesis Optimization Complete : Time (s): cpu = 00:00:43 ; elapsed = 00:00:50 . Memory (MB): peak = 821.141 ; gain = 529.410
INFO: [Project 1-571] Translating synthesized netlist
INFO: [Netlist 29-17] Analyzing 2 Unisim elements for replacement
INFO: [Netlist 29-28] Unisim Transformation completed in 0 CPU seconds
INFO: [Project 1-570] Preparing netlist for logic optimization
INFO: [Opt 31-138] Pushed 0 inverter(s) to 0 load pin(s).
INFO: [Project 1-111] Unisim Transformation Summary:
No Unisim elements were transformed.

INFO: [Common 17-83] Releasing license: Synthesis
26 Infos, 19 Warnings, 0 Critical Warnings and 0 Errors encountered.
synth_design completed successfully
synth_design: Time (s): cpu = 00:00:46 ; elapsed = 00:00:54 . Memory (MB): peak = 821.141 ; gain = 536.809
WARNING: [Constraints 18-5210] No constraint will be written out.
INFO: [Common 17-1381] The checkpoint 'C:/Users/user/Documents/GitHub/F84051053/hw5/hw5_pj/hw5_pj.runs/hw5_arithmetic_0_0_synth_1/hw5_arithmetic_0_0.dcp' has been generated.
