#-----------------------------------------------------------
# Webtalk v2018.2 (64-bit)
# SW Build 2258646 on Thu Jun 14 20:03:12 MDT 2018
# 
# Start of session at: Sun Dec  2 16:34:38 2018
# Process ID: 345236
# Current directory: C:/Users/user/Documents/GitHub/F84051053/hw5/hw5_pj/hw5_pj.sdk/webtalk
# Command line: wbtcv.exe -mode batch -source sdk_webtalk.tcl
# Log file: C:/Users/user/Documents/GitHub/F84051053/hw5/hw5_pj/hw5_pj.sdk/webtalk/webtalk.log
# Journal file: C:/Users/user/Documents/GitHub/F84051053/hw5/hw5_pj/hw5_pj.sdk/webtalk\webtalk.jou
#-----------------------------------------------------------
source sdk_webtalk.tcl
# webtalk_init -webtalk_dir C:\\Users\\user\\Documents\\GitHub\\F84051053\\hw5\\hw5_pj\\hw5_pj.sdk\\webtalk
# webtalk_register_client -client project
# webtalk_add_data -client project -key date_generated -value "2018-12-02 16:34:36" -context "software_version_and_target_device"
# webtalk_add_data -client project -key product_version -value "SDK v2018.2" -context "software_version_and_target_device"
# webtalk_add_data -client project -key build_version -value "2018.2" -context "software_version_and_target_device"
# webtalk_add_data -client project -key os_platform -value "amd64" -context "software_version_and_target_device"
# webtalk_add_data -client project -key registration_id -value "" -context "software_version_and_target_device"
# webtalk_add_data -client project -key tool_flow -value "SDK" -context "software_version_and_target_device"
# webtalk_add_data -client project -key beta -value "false" -context "software_version_and_target_device"
# webtalk_add_data -client project -key route_design -value "NA" -context "software_version_and_target_device"
# webtalk_add_data -client project -key target_family -value "NA" -context "software_version_and_target_device"
# webtalk_add_data -client project -key target_device -value "NA" -context "software_version_and_target_device"
# webtalk_add_data -client project -key target_package -value "NA" -context "software_version_and_target_device"
# webtalk_add_data -client project -key target_speed -value "NA" -context "software_version_and_target_device"
# webtalk_add_data -client project -key random_id -value "qoeonhjbrbuv2orjubntjov7jp" -context "software_version_and_target_device"
# webtalk_add_data -client project -key project_id -value "2018.2_18" -context "software_version_and_target_device"
# webtalk_add_data -client project -key project_iteration -value "18" -context "software_version_and_target_device"
# webtalk_add_data -client project -key os_name -value "Microsoft Windows 8 or later , 64-bit" -context "user_environment"
# webtalk_add_data -client project -key os_release -value "major release  (build 9200)" -context "user_environment"
# webtalk_add_data -client project -key cpu_name -value "Intel(R) Core(TM) i5-6200U CPU @ 2.30GHz" -context "user_environment"
# webtalk_add_data -client project -key cpu_speed -value "2400 MHz" -context "user_environment"
# webtalk_add_data -client project -key total_processors -value "1" -context "user_environment"
# webtalk_add_data -client project -key system_ram -value "8.458 GB" -context "user_environment"
# webtalk_register_client -client sdk
# webtalk_add_data -client sdk -key uid -value "1543735166765" -context "sdk\\\\hardware/1543735166765"
# webtalk_add_data -client sdk -key isZynq -value "true" -context "sdk\\\\hardware/1543735166765"
# webtalk_add_data -client sdk -key isZynqMP -value "false" -context "sdk\\\\hardware/1543735166765"
# webtalk_add_data -client sdk -key Processors -value "2" -context "sdk\\\\hardware/1543735166765"
# webtalk_add_data -client sdk -key VivadoVersion -value "2018.2" -context "sdk\\\\hardware/1543735166765"
# webtalk_add_data -client sdk -key Arch -value "zynq" -context "sdk\\\\hardware/1543735166765"
# webtalk_add_data -client sdk -key Device -value "7z020" -context "sdk\\\\hardware/1543735166765"
# webtalk_add_data -client sdk -key IsHandoff -value "true" -context "sdk\\\\hardware/1543735166765"
# webtalk_add_data -client sdk -key os -value "NA" -context "sdk\\\\hardware/1543735166765"
# webtalk_add_data -client sdk -key apptemplate -value "NA" -context "sdk\\\\hardware/1543735166765"
# webtalk_add_data -client sdk -key RecordType -value "HWCreation" -context "sdk\\\\hardware/1543735166765"
# webtalk_add_data -client sdk -key uid -value "1543735345669" -context "sdk\\\\bsp/1543735345669"
# webtalk_add_data -client sdk -key hwid -value "1543735166765" -context "sdk\\\\bsp/1543735345669"
# webtalk_add_data -client sdk -key os -value "standalone" -context "sdk\\\\bsp/1543735345669"
# webtalk_add_data -client sdk -key apptemplate -value "hello_world" -context "sdk\\\\bsp/1543735345669"
# webtalk_add_data -client sdk -key RecordType -value "BSPCreation" -context "sdk\\\\bsp/1543735345669"
# webtalk_add_data -client sdk -key uid -value "1543735362056" -context "sdk\\\\application/1543735362056"
# webtalk_add_data -client sdk -key hwid -value "1543735166765" -context "sdk\\\\application/1543735362056"
# webtalk_add_data -client sdk -key bspid -value "1543735345669" -context "sdk\\\\application/1543735362056"
# webtalk_add_data -client sdk -key newbsp -value "true" -context "sdk\\\\application/1543735362056"
# webtalk_add_data -client sdk -key os -value "standalone" -context "sdk\\\\application/1543735362056"
# webtalk_add_data -client sdk -key apptemplate -value "hello_world" -context "sdk\\\\application/1543735362056"
# webtalk_add_data -client sdk -key RecordType -value "APPCreation" -context "sdk\\\\application/1543735362056"
# webtalk_add_data -client sdk -key LangUsed -value "C" -context "sdk\\\\application/1543735362056"
# webtalk_add_data -client sdk -key Procused -value "ps7_cortexa9" -context "sdk\\\\application/1543735362056"
# webtalk_add_data -client sdk -key projSize -value "836.71875" -context "sdk\\\\application/1543735362056"
# webtalk_add_data -client sdk -key uid -value "NA" -context "sdk\\\\bsp/1543739676339"
# webtalk_add_data -client sdk -key RecordType -value "ToolUsage" -context "sdk\\\\bsp/1543739676339"
# webtalk_add_data -client sdk -key BootgenCount -value "0" -context "sdk\\\\bsp/1543739676339"
# webtalk_add_data -client sdk -key DebugCount -value "0" -context "sdk\\\\bsp/1543739676339"
# webtalk_add_data -client sdk -key PerfCount -value "0" -context "sdk\\\\bsp/1543739676339"
# webtalk_add_data -client sdk -key FlashCount -value "0" -context "sdk\\\\bsp/1543739676339"
# webtalk_add_data -client sdk -key CrossTriggCount -value "0" -context "sdk\\\\bsp/1543739676339"
# webtalk_add_data -client sdk -key QemuDebugCount -value "0" -context "sdk\\\\bsp/1543739676339"
# webtalk_transmit -clientid 1980066775 -regid "" -xml C:\\Users\\user\\Documents\\GitHub\\F84051053\\hw5\\hw5_pj\\hw5_pj.sdk\\webtalk\\usage_statistics_ext_sdk.xml -html C:\\Users\\user\\Documents\\GitHub\\F84051053\\hw5\\hw5_pj\\hw5_pj.sdk\\webtalk\\usage_statistics_ext_sdk.html -wdm C:\\Users\\user\\Documents\\GitHub\\F84051053\\hw5\\hw5_pj\\hw5_pj.sdk\\webtalk\\sdk_webtalk.wdm -intro "<H3>SDK Usage Report</H3><BR>"
INFO: [Common 17-186] 'C:\Users\user\Documents\GitHub\F84051053\hw5\hw5_pj\hw5_pj.sdk\webtalk\usage_statistics_ext_sdk.xml' has been successfully sent to Xilinx on Sun Dec  2 16:34:50 2018. For additional details about this file, please refer to the WebTalk help file at D:/SDK/2018.2/doc/webtalk_introduction.html.
# webtalk_terminate
INFO: [Common 17-206] Exiting Webtalk at Sun Dec  2 16:34:50 2018...
