
*** Running vivado
    with args -log design_1_djb2_0_0.vds -m64 -product Vivado -mode batch -messageDb vivado.pb -notrace -source design_1_djb2_0_0.tcl


****** Vivado v2018.1 (64-bit)
  **** SW Build 2188600 on Wed Apr  4 18:40:38 MDT 2018
  **** IP Build 2185939 on Wed Apr  4 20:55:05 MDT 2018
    ** Copyright 1986-2018 Xilinx, Inc. All Rights Reserved.

source design_1_djb2_0_0.tcl -notrace
Command: synth_design -top design_1_djb2_0_0 -part xc7z020clg400-1 -mode out_of_context
Starting synth_design
Attempting to get a license for feature 'Synthesis' and/or device 'xc7z020'
INFO: [Common 17-349] Got license for feature 'Synthesis' and/or device 'xc7z020'
INFO: Launching helper process for spawning children vivado processes
INFO: Helper process launched with PID 12384 
---------------------------------------------------------------------------------
Starting RTL Elaboration : Time (s): cpu = 00:00:07 ; elapsed = 00:00:07 . Memory (MB): peak = 404.152 ; gain = 99.852
---------------------------------------------------------------------------------
INFO: [Synth 8-6157] synthesizing module 'design_1_djb2_0_0' [d:/123NCKU/FPGA/Lab5_HW_v2/Lab5_HW_v2.srcs/sources_1/bd/design_1/ip/design_1_djb2_0_0/synth/design_1_djb2_0_0.v:57]
INFO: [Synth 8-6157] synthesizing module 'djb2_v3_0' [d:/123NCKU/FPGA/Lab5_HW_v2/Lab5_HW_v2.srcs/sources_1/bd/design_1/ipshared/00cb/hdl/djb2_v3_0.v:4]
	Parameter C_S00_AXI_DATA_WIDTH bound to: 32 - type: integer 
	Parameter C_S00_AXI_ADDR_WIDTH bound to: 4 - type: integer 
INFO: [Synth 8-6157] synthesizing module 'djb2_v3_0_S00_AXI' [d:/123NCKU/FPGA/Lab5_HW_v2/Lab5_HW_v2.srcs/sources_1/bd/design_1/ipshared/00cb/hdl/djb2_v3_0_S00_AXI.v:4]
	Parameter C_S_AXI_DATA_WIDTH bound to: 32 - type: integer 
	Parameter C_S_AXI_ADDR_WIDTH bound to: 4 - type: integer 
	Parameter ADDR_LSB bound to: 2 - type: integer 
	Parameter OPT_MEM_ADDR_BITS bound to: 1 - type: integer 
INFO: [Synth 8-226] default block is never used [d:/123NCKU/FPGA/Lab5_HW_v2/Lab5_HW_v2.srcs/sources_1/bd/design_1/ipshared/00cb/hdl/djb2_v3_0_S00_AXI.v:231]
INFO: [Synth 8-226] default block is never used [d:/123NCKU/FPGA/Lab5_HW_v2/Lab5_HW_v2.srcs/sources_1/bd/design_1/ipshared/00cb/hdl/djb2_v3_0_S00_AXI.v:372]
INFO: [Synth 8-6157] synthesizing module 'djb2' [d:/123NCKU/FPGA/Lab5_HW_v2/Lab5_HW_v2.srcs/sources_1/bd/design_1/ipshared/00cb/src/djb2.v:23]
INFO: [Synth 8-6155] done synthesizing module 'djb2' (1#1) [d:/123NCKU/FPGA/Lab5_HW_v2/Lab5_HW_v2.srcs/sources_1/bd/design_1/ipshared/00cb/src/djb2.v:23]
WARNING: [Synth 8-6014] Unused sequential element slv_reg2_reg was removed.  [d:/123NCKU/FPGA/Lab5_HW_v2/Lab5_HW_v2.srcs/sources_1/bd/design_1/ipshared/00cb/hdl/djb2_v3_0_S00_AXI.v:225]
INFO: [Synth 8-6155] done synthesizing module 'djb2_v3_0_S00_AXI' (2#1) [d:/123NCKU/FPGA/Lab5_HW_v2/Lab5_HW_v2.srcs/sources_1/bd/design_1/ipshared/00cb/hdl/djb2_v3_0_S00_AXI.v:4]
INFO: [Synth 8-6155] done synthesizing module 'djb2_v3_0' (3#1) [d:/123NCKU/FPGA/Lab5_HW_v2/Lab5_HW_v2.srcs/sources_1/bd/design_1/ipshared/00cb/hdl/djb2_v3_0.v:4]
INFO: [Synth 8-6155] done synthesizing module 'design_1_djb2_0_0' (4#1) [d:/123NCKU/FPGA/Lab5_HW_v2/Lab5_HW_v2.srcs/sources_1/bd/design_1/ip/design_1_djb2_0_0/synth/design_1_djb2_0_0.v:57]
WARNING: [Synth 8-3331] design djb2_v3_0_S00_AXI has unconnected port S_AXI_AWPROT[2]
WARNING: [Synth 8-3331] design djb2_v3_0_S00_AXI has unconnected port S_AXI_AWPROT[1]
WARNING: [Synth 8-3331] design djb2_v3_0_S00_AXI has unconnected port S_AXI_AWPROT[0]
WARNING: [Synth 8-3331] design djb2_v3_0_S00_AXI has unconnected port S_AXI_ARPROT[2]
WARNING: [Synth 8-3331] design djb2_v3_0_S00_AXI has unconnected port S_AXI_ARPROT[1]
WARNING: [Synth 8-3331] design djb2_v3_0_S00_AXI has unconnected port S_AXI_ARPROT[0]
---------------------------------------------------------------------------------
Finished RTL Elaboration : Time (s): cpu = 00:00:08 ; elapsed = 00:00:08 . Memory (MB): peak = 459.242 ; gain = 154.941
---------------------------------------------------------------------------------

Report Check Netlist: 
+------+------------------+-------+---------+-------+------------------+
|      |Item              |Errors |Warnings |Status |Description       |
+------+------------------+-------+---------+-------+------------------+
|1     |multi_driven_nets |      0|        0|Passed |Multi driven nets |
+------+------------------+-------+---------+-------+------------------+
---------------------------------------------------------------------------------
Start Handling Custom Attributes
---------------------------------------------------------------------------------
---------------------------------------------------------------------------------
Finished Handling Custom Attributes : Time (s): cpu = 00:00:08 ; elapsed = 00:00:08 . Memory (MB): peak = 459.242 ; gain = 154.941
---------------------------------------------------------------------------------
---------------------------------------------------------------------------------
Finished RTL Optimization Phase 1 : Time (s): cpu = 00:00:08 ; elapsed = 00:00:08 . Memory (MB): peak = 459.242 ; gain = 154.941
---------------------------------------------------------------------------------
INFO: [Device 21-403] Loading part xc7z020clg400-1
INFO: [Project 1-570] Preparing netlist for logic optimization

Processing XDC Constraints
Initializing timing engine
Completed Processing XDC Constraints

INFO: [Project 1-111] Unisim Transformation Summary:
No Unisim elements were transformed.

Constraint Validation Runtime : Time (s): cpu = 00:00:00 ; elapsed = 00:00:00.019 . Memory (MB): peak = 803.645 ; gain = 0.000
---------------------------------------------------------------------------------
Finished Constraint Validation : Time (s): cpu = 00:00:22 ; elapsed = 00:00:23 . Memory (MB): peak = 803.645 ; gain = 499.344
---------------------------------------------------------------------------------
---------------------------------------------------------------------------------
Start Loading Part and Timing Information
---------------------------------------------------------------------------------
Loading part: xc7z020clg400-1
---------------------------------------------------------------------------------
Finished Loading Part and Timing Information : Time (s): cpu = 00:00:22 ; elapsed = 00:00:23 . Memory (MB): peak = 803.645 ; gain = 499.344
---------------------------------------------------------------------------------
---------------------------------------------------------------------------------
Start Applying 'set_property' XDC Constraints
---------------------------------------------------------------------------------
---------------------------------------------------------------------------------
Finished applying 'set_property' XDC Constraints : Time (s): cpu = 00:00:22 ; elapsed = 00:00:23 . Memory (MB): peak = 803.645 ; gain = 499.344
---------------------------------------------------------------------------------
---------------------------------------------------------------------------------
Finished RTL Optimization Phase 2 : Time (s): cpu = 00:00:22 ; elapsed = 00:00:23 . Memory (MB): peak = 803.645 ; gain = 499.344
---------------------------------------------------------------------------------

Report RTL Partitions: 
+-+--------------+------------+----------+
| |RTL Partition |Replication |Instances |
+-+--------------+------------+----------+
+-+--------------+------------+----------+
---------------------------------------------------------------------------------
Start RTL Component Statistics 
---------------------------------------------------------------------------------
Detailed RTL Component Info : 
+---Adders : 
	   3 Input     32 Bit       Adders := 1     
+---Registers : 
	               32 Bit    Registers := 4     
	                4 Bit    Registers := 2     
	                2 Bit    Registers := 2     
	                1 Bit    Registers := 6     
+---Muxes : 
	   2 Input     32 Bit        Muxes := 3     
	   4 Input     32 Bit        Muxes := 4     
	   2 Input      1 Bit        Muxes := 5     
---------------------------------------------------------------------------------
Finished RTL Component Statistics 
---------------------------------------------------------------------------------
---------------------------------------------------------------------------------
Start RTL Hierarchical Component Statistics 
---------------------------------------------------------------------------------
Hierarchical RTL Component report 
Module djb2 
Detailed RTL Component Info : 
+---Adders : 
	   3 Input     32 Bit       Adders := 1     
Module djb2_v3_0_S00_AXI 
Detailed RTL Component Info : 
+---Registers : 
	               32 Bit    Registers := 4     
	                4 Bit    Registers := 2     
	                2 Bit    Registers := 2     
	                1 Bit    Registers := 6     
+---Muxes : 
	   2 Input     32 Bit        Muxes := 3     
	   4 Input     32 Bit        Muxes := 4     
	   2 Input      1 Bit        Muxes := 5     
---------------------------------------------------------------------------------
Finished RTL Hierarchical Component Statistics
---------------------------------------------------------------------------------
---------------------------------------------------------------------------------
Start Part Resource Summary
---------------------------------------------------------------------------------
Part Resources:
DSPs: 220 (col length:60)
BRAMs: 280 (col length: RAMB18 60 RAMB36 30)
---------------------------------------------------------------------------------
Finished Part Resource Summary
---------------------------------------------------------------------------------
---------------------------------------------------------------------------------
Start Cross Boundary and Area Optimization
---------------------------------------------------------------------------------
Warning: Parallel synthesis criteria is not met 
WARNING: [Synth 8-3331] design design_1_djb2_0_0 has unconnected port s00_axi_awprot[2]
WARNING: [Synth 8-3331] design design_1_djb2_0_0 has unconnected port s00_axi_awprot[1]
WARNING: [Synth 8-3331] design design_1_djb2_0_0 has unconnected port s00_axi_awprot[0]
WARNING: [Synth 8-3331] design design_1_djb2_0_0 has unconnected port s00_axi_arprot[2]
WARNING: [Synth 8-3331] design design_1_djb2_0_0 has unconnected port s00_axi_arprot[1]
WARNING: [Synth 8-3331] design design_1_djb2_0_0 has unconnected port s00_axi_arprot[0]
INFO: [Synth 8-3886] merging instance 'inst/djb2_v3_0_S00_AXI_inst/axi_rresp_reg[0]' (FDRE) to 'inst/djb2_v3_0_S00_AXI_inst/axi_rresp_reg[1]'
INFO: [Synth 8-3333] propagating constant 0 across sequential element (\inst/djb2_v3_0_S00_AXI_inst/axi_rresp_reg[1] )
INFO: [Synth 8-3886] merging instance 'inst/djb2_v3_0_S00_AXI_inst/axi_bresp_reg[0]' (FDRE) to 'inst/djb2_v3_0_S00_AXI_inst/axi_bresp_reg[1]'
INFO: [Synth 8-3333] propagating constant 0 across sequential element (\inst/djb2_v3_0_S00_AXI_inst/axi_bresp_reg[1] )
INFO: [Synth 8-3332] Sequential element (inst/djb2_v3_0_S00_AXI_inst/axi_bresp_reg[1]) is unused and will be removed from module design_1_djb2_0_0.
INFO: [Synth 8-3332] Sequential element (inst/djb2_v3_0_S00_AXI_inst/axi_araddr_reg[1]) is unused and will be removed from module design_1_djb2_0_0.
INFO: [Synth 8-3332] Sequential element (inst/djb2_v3_0_S00_AXI_inst/axi_araddr_reg[0]) is unused and will be removed from module design_1_djb2_0_0.
INFO: [Synth 8-3332] Sequential element (inst/djb2_v3_0_S00_AXI_inst/axi_awaddr_reg[1]) is unused and will be removed from module design_1_djb2_0_0.
INFO: [Synth 8-3332] Sequential element (inst/djb2_v3_0_S00_AXI_inst/axi_awaddr_reg[0]) is unused and will be removed from module design_1_djb2_0_0.
INFO: [Synth 8-3332] Sequential element (inst/djb2_v3_0_S00_AXI_inst/axi_rresp_reg[1]) is unused and will be removed from module design_1_djb2_0_0.
---------------------------------------------------------------------------------
Finished Cross Boundary and Area Optimization : Time (s): cpu = 00:00:23 ; elapsed = 00:00:24 . Memory (MB): peak = 803.645 ; gain = 499.344
---------------------------------------------------------------------------------

Report RTL Partitions: 
+-+--------------+------------+----------+
| |RTL Partition |Replication |Instances |
+-+--------------+------------+----------+
+-+--------------+------------+----------+
---------------------------------------------------------------------------------
Start Applying XDC Timing Constraints
---------------------------------------------------------------------------------
---------------------------------------------------------------------------------
Finished Applying XDC Timing Constraints : Time (s): cpu = 00:00:34 ; elapsed = 00:00:36 . Memory (MB): peak = 809.211 ; gain = 504.910
---------------------------------------------------------------------------------
---------------------------------------------------------------------------------
Start Timing Optimization
---------------------------------------------------------------------------------
---------------------------------------------------------------------------------
Finished Timing Optimization : Time (s): cpu = 00:00:35 ; elapsed = 00:00:36 . Memory (MB): peak = 809.363 ; gain = 505.063
---------------------------------------------------------------------------------

Report RTL Partitions: 
+-+--------------+------------+----------+
| |RTL Partition |Replication |Instances |
+-+--------------+------------+----------+
+-+--------------+------------+----------+
---------------------------------------------------------------------------------
Start Technology Mapping
---------------------------------------------------------------------------------
---------------------------------------------------------------------------------
Finished Technology Mapping : Time (s): cpu = 00:00:35 ; elapsed = 00:00:36 . Memory (MB): peak = 820.211 ; gain = 515.910
---------------------------------------------------------------------------------

Report RTL Partitions: 
+-+--------------+------------+----------+
| |RTL Partition |Replication |Instances |
+-+--------------+------------+----------+
+-+--------------+------------+----------+
---------------------------------------------------------------------------------
Start IO Insertion
---------------------------------------------------------------------------------
---------------------------------------------------------------------------------
Start Flattening Before IO Insertion
---------------------------------------------------------------------------------
---------------------------------------------------------------------------------
Finished Flattening Before IO Insertion
---------------------------------------------------------------------------------
---------------------------------------------------------------------------------
Start Final Netlist Cleanup
---------------------------------------------------------------------------------
---------------------------------------------------------------------------------
Finished Final Netlist Cleanup
---------------------------------------------------------------------------------
---------------------------------------------------------------------------------
Finished IO Insertion : Time (s): cpu = 00:00:36 ; elapsed = 00:00:37 . Memory (MB): peak = 820.211 ; gain = 515.910
---------------------------------------------------------------------------------

Report Check Netlist: 
+------+------------------+-------+---------+-------+------------------+
|      |Item              |Errors |Warnings |Status |Description       |
+------+------------------+-------+---------+-------+------------------+
|1     |multi_driven_nets |      0|        0|Passed |Multi driven nets |
+------+------------------+-------+---------+-------+------------------+
---------------------------------------------------------------------------------
Start Renaming Generated Instances
---------------------------------------------------------------------------------
---------------------------------------------------------------------------------
Finished Renaming Generated Instances : Time (s): cpu = 00:00:36 ; elapsed = 00:00:37 . Memory (MB): peak = 820.211 ; gain = 515.910
---------------------------------------------------------------------------------

Report RTL Partitions: 
+-+--------------+------------+----------+
| |RTL Partition |Replication |Instances |
+-+--------------+------------+----------+
+-+--------------+------------+----------+
---------------------------------------------------------------------------------
Start Rebuilding User Hierarchy
---------------------------------------------------------------------------------
---------------------------------------------------------------------------------
Finished Rebuilding User Hierarchy : Time (s): cpu = 00:00:36 ; elapsed = 00:00:37 . Memory (MB): peak = 820.211 ; gain = 515.910
---------------------------------------------------------------------------------
---------------------------------------------------------------------------------
Start Renaming Generated Ports
---------------------------------------------------------------------------------
---------------------------------------------------------------------------------
Finished Renaming Generated Ports : Time (s): cpu = 00:00:36 ; elapsed = 00:00:37 . Memory (MB): peak = 820.211 ; gain = 515.910
---------------------------------------------------------------------------------
---------------------------------------------------------------------------------
Start Handling Custom Attributes
---------------------------------------------------------------------------------
---------------------------------------------------------------------------------
Finished Handling Custom Attributes : Time (s): cpu = 00:00:36 ; elapsed = 00:00:37 . Memory (MB): peak = 820.211 ; gain = 515.910
---------------------------------------------------------------------------------
---------------------------------------------------------------------------------
Start Renaming Generated Nets
---------------------------------------------------------------------------------
---------------------------------------------------------------------------------
Finished Renaming Generated Nets : Time (s): cpu = 00:00:36 ; elapsed = 00:00:37 . Memory (MB): peak = 820.211 ; gain = 515.910
---------------------------------------------------------------------------------
---------------------------------------------------------------------------------
Start Writing Synthesis Report
---------------------------------------------------------------------------------

Report BlackBoxes: 
+-+--------------+----------+
| |BlackBox name |Instances |
+-+--------------+----------+
+-+--------------+----------+

Report Cell Usage: 
+------+-------+------+
|      |Cell   |Count |
+------+-------+------+
|1     |CARRY4 |     8|
|2     |LUT1   |     1|
|3     |LUT2   |    28|
|4     |LUT3   |     5|
|5     |LUT4   |    42|
|6     |LUT5   |     2|
|7     |LUT6   |    36|
|8     |FDRE   |   137|
|9     |FDSE   |     1|
+------+-------+------+

Report Instance Areas: 
+------+---------------------------+------------------+------+
|      |Instance                   |Module            |Cells |
+------+---------------------------+------------------+------+
|1     |top                        |                  |   260|
|2     |  inst                     |djb2_v3_0         |   260|
|3     |    djb2_v3_0_S00_AXI_inst |djb2_v3_0_S00_AXI |   260|
|4     |      djb2_i               |djb2              |     8|
+------+---------------------------+------------------+------+
---------------------------------------------------------------------------------
Finished Writing Synthesis Report : Time (s): cpu = 00:00:36 ; elapsed = 00:00:37 . Memory (MB): peak = 820.211 ; gain = 515.910
---------------------------------------------------------------------------------
Synthesis finished with 0 errors, 0 critical warnings and 6 warnings.
Synthesis Optimization Runtime : Time (s): cpu = 00:00:20 ; elapsed = 00:00:28 . Memory (MB): peak = 820.211 ; gain = 171.508
Synthesis Optimization Complete : Time (s): cpu = 00:00:36 ; elapsed = 00:00:37 . Memory (MB): peak = 820.211 ; gain = 515.910
INFO: [Project 1-571] Translating synthesized netlist
INFO: [Netlist 29-17] Analyzing 8 Unisim elements for replacement
INFO: [Netlist 29-28] Unisim Transformation completed in 0 CPU seconds
INFO: [Project 1-570] Preparing netlist for logic optimization
INFO: [Opt 31-138] Pushed 0 inverter(s) to 0 load pin(s).
INFO: [Project 1-111] Unisim Transformation Summary:
No Unisim elements were transformed.

INFO: [Common 17-83] Releasing license: Synthesis
31 Infos, 13 Warnings, 0 Critical Warnings and 0 Errors encountered.
synth_design completed successfully
synth_design: Time (s): cpu = 00:00:38 ; elapsed = 00:00:40 . Memory (MB): peak = 834.977 ; gain = 542.145
INFO: [Common 17-1381] The checkpoint 'D:/123NCKU/FPGA/Lab5_HW_v2/Lab5_HW_v2.runs/design_1_djb2_0_0_synth_1/design_1_djb2_0_0.dcp' has been generated.
