
*** Running vivado
    with args -log design_timer_processing_system7_0_0.vds -m64 -product Vivado -mode batch -messageDb vivado.pb -notrace -source design_timer_processing_system7_0_0.tcl


****** Vivado v2017.2 (64-bit)
  **** SW Build 1909853 on Thu Jun 15 18:39:10 MDT 2017
  **** IP Build 1909766 on Thu Jun 15 19:58:00 MDT 2017
    ** Copyright 1986-2017 Xilinx, Inc. All Rights Reserved.

source design_timer_processing_system7_0_0.tcl -notrace
Starting RTL Elaboration : Time (s): cpu = 00:00:05 ; elapsed = 00:00:05 . Memory (MB): peak = 1278.816 ; gain = 76.992 ; free physical = 716 ; free virtual = 77363
INFO: [Synth 8-638] synthesizing module 'design_timer_processing_system7_0_0' [/home/ldap-users/shiyong/Downloads/FPGA/Timer/Timer.srcs/sources_1/bd/design_timer/ip/design_timer_processing_system7_0_0/synth/design_timer_processing_system7_0_0.v:60]
INFO: [Synth 8-638] synthesizing module 'processing_system7_v5_5_processing_system7' [/home/ldap-users/shiyong/Downloads/FPGA/Timer/Timer.srcs/sources_1/bd/design_timer/ip/design_timer_processing_system7_0_0/hdl/verilog/processing_system7_v5_5_processing_system7.v:161]
INFO: [Synth 8-638] synthesizing module 'BUFG' [/opt/Xilinx/Vivado/2017.2/scripts/rt/data/unisim_comp.v:607]
INFO: [Synth 8-256] done synthesizing module 'BUFG' (1#1) [/opt/Xilinx/Vivado/2017.2/scripts/rt/data/unisim_comp.v:607]
INFO: [Synth 8-638] synthesizing module 'BIBUF' [/opt/Xilinx/Vivado/2017.2/scripts/rt/data/unisim_comp.v:268]
INFO: [Synth 8-256] done synthesizing module 'BIBUF' (2#1) [/opt/Xilinx/Vivado/2017.2/scripts/rt/data/unisim_comp.v:268]
INFO: [Synth 8-638] synthesizing module 'PS7' [/opt/Xilinx/Vivado/2017.2/scripts/rt/data/unisim_comp.v:33527]
INFO: [Synth 8-256] done synthesizing module 'PS7' (3#1) [/opt/Xilinx/Vivado/2017.2/scripts/rt/data/unisim_comp.v:33527]
INFO: [Synth 8-256] done synthesizing module 'processing_system7_v5_5_processing_system7' (4#1) [/home/ldap-users/shiyong/Downloads/FPGA/Timer/Timer.srcs/sources_1/bd/design_timer/ip/design_timer_processing_system7_0_0/hdl/verilog/processing_system7_v5_5_processing_system7.v:161]
INFO: [Synth 8-256] done synthesizing module 'design_timer_processing_system7_0_0' (5#1) [/home/ldap-users/shiyong/Downloads/FPGA/Timer/Timer.srcs/sources_1/bd/design_timer/ip/design_timer_processing_system7_0_0/synth/design_timer_processing_system7_0_0.v:60]
Finished RTL Elaboration : Time (s): cpu = 00:00:06 ; elapsed = 00:00:06 . Memory (MB): peak = 1319.324 ; gain = 117.500 ; free physical = 741 ; free virtual = 77391
Finished RTL Optimization Phase 1 : Time (s): cpu = 00:00:06 ; elapsed = 00:00:06 . Memory (MB): peak = 1319.324 ; gain = 117.500 ; free physical = 719 ; free virtual = 77369
INFO: [Device 21-403] Loading part xc7z020clg400-1
Constraint Validation Runtime : Time (s): cpu = 00:00:00.05 ; elapsed = 00:00:00.04 . Memory (MB): peak = 1664.988 ; gain = 0.008 ; free physical = 475 ; free virtual = 76510
Finished Constraint Validation : Time (s): cpu = 00:00:19 ; elapsed = 00:00:20 . Memory (MB): peak = 1664.988 ; gain = 463.164 ; free physical = 509 ; free virtual = 76544
Finished Loading Part and Timing Information : Time (s): cpu = 00:00:19 ; elapsed = 00:00:20 . Memory (MB): peak = 1664.988 ; gain = 463.164 ; free physical = 511 ; free virtual = 76546
Finished applying 'set_property' XDC Constraints : Time (s): cpu = 00:00:20 ; elapsed = 00:00:20 . Memory (MB): peak = 1664.988 ; gain = 463.164 ; free physical = 484 ; free virtual = 76520
Finished RTL Optimization Phase 2 : Time (s): cpu = 00:00:20 ; elapsed = 00:00:21 . Memory (MB): peak = 1664.988 ; gain = 463.164 ; free physical = 455 ; free virtual = 76490
Finished Cross Boundary and Area Optimization : Time (s): cpu = 00:00:20 ; elapsed = 00:00:21 . Memory (MB): peak = 1664.988 ; gain = 463.164 ; free physical = 427 ; free virtual = 76462
Finished Applying XDC Timing Constraints : Time (s): cpu = 00:00:28 ; elapsed = 00:00:30 . Memory (MB): peak = 1839.973 ; gain = 638.148 ; free physical = 390 ; free virtual = 75877
Finished Timing Optimization : Time (s): cpu = 00:00:28 ; elapsed = 00:00:30 . Memory (MB): peak = 1859.980 ; gain = 658.156 ; free physical = 379 ; free virtual = 75866
Finished Technology Mapping : Time (s): cpu = 00:00:30 ; elapsed = 00:00:31 . Memory (MB): peak = 1867.988 ; gain = 666.164 ; free physical = 1979 ; free virtual = 77466
Finished IO Insertion : Time (s): cpu = 00:00:31 ; elapsed = 00:00:33 . Memory (MB): peak = 1867.988 ; gain = 666.164 ; free physical = 1902 ; free virtual = 77388
Finished Renaming Generated Instances : Time (s): cpu = 00:00:31 ; elapsed = 00:00:33 . Memory (MB): peak = 1867.988 ; gain = 666.164 ; free physical = 1901 ; free virtual = 77388
Finished Rebuilding User Hierarchy : Time (s): cpu = 00:00:31 ; elapsed = 00:00:33 . Memory (MB): peak = 1867.988 ; gain = 666.164 ; free physical = 1901 ; free virtual = 77387
Finished Renaming Generated Ports : Time (s): cpu = 00:00:31 ; elapsed = 00:00:33 . Memory (MB): peak = 1867.988 ; gain = 666.164 ; free physical = 1901 ; free virtual = 77387
Finished Handling Custom Attributes : Time (s): cpu = 00:00:31 ; elapsed = 00:00:33 . Memory (MB): peak = 1867.988 ; gain = 666.164 ; free physical = 1901 ; free virtual = 77387
Finished Renaming Generated Nets : Time (s): cpu = 00:00:31 ; elapsed = 00:00:33 . Memory (MB): peak = 1867.988 ; gain = 666.164 ; free physical = 1901 ; free virtual = 77387

Report Cell Usage: 
+------+------+------+
|      |Cell  |Count |
+------+------+------+
|1     |BIBUF |   130|
|2     |BUFG  |     1|
|3     |LUT1  |   112|
|4     |PS7   |     1|
+------+------+------+
Finished Writing Synthesis Report : Time (s): cpu = 00:00:31 ; elapsed = 00:00:33 . Memory (MB): peak = 1867.988 ; gain = 666.164 ; free physical = 1901 ; free virtual = 77387
synth_design: Time (s): cpu = 00:00:33 ; elapsed = 00:00:35 . Memory (MB): peak = 1869.988 ; gain = 680.754 ; free physical = 2112 ; free virtual = 77599
