#-----------------------------------------------------------
# Vivado v2018.2 (64-bit)
# SW Build 2258646 on Thu Jun 14 20:03:12 MDT 2018
# IP Build 2256618 on Thu Jun 14 22:10:49 MDT 2018
# Start of session at: Mon Nov  5 01:04:19 2018
# Process ID: 1198208
# Current directory: C:/Users/user/Documents/GitHub/External_hw/hw3/hw/Lab3-2/vivado_prj
# Command line: vivado.exe -gui_launcher_event rodinguilauncherevent1198516 C:\Users\user\Documents\GitHub\External_hw\hw3\hw\Lab3-2\vivado_prj\vivado_prj.xpr
# Log file: C:/Users/user/Documents/GitHub/External_hw/hw3/hw/Lab3-2/vivado_prj/vivado.log
# Journal file: C:/Users/user/Documents/GitHub/External_hw/hw3/hw/Lab3-2/vivado_prj\vivado.jou
#-----------------------------------------------------------
start_gui
open_project C:/Users/user/Documents/GitHub/External_hw/hw3/hw/Lab3-2/vivado_prj/vivado_prj.xpr
INFO: [Project 1-313] Project file moved from 'C:/Users/VLSILAB/Documents/GitHub/FPGA_Design/Lab03/Lab3-2/vivado_prj' since last save.
Scanning sources...
Finished scanning sources
WARNING: [filemgmt 56-2] IPUserFilesDir: Could not find the directory 'C:/Users/user/Documents/GitHub/External_hw/hw3/hw/Lab3-2/vivado_prj/vivado_prj.ip_user_files', nor could it be found using path 'C:/Users/VLSILAB/Documents/GitHub/FPGA_Design/Lab03/Lab3-2/vivado_prj/vivado_prj.ip_user_files'.
INFO: [IP_Flow 19-234] Refreshing IP repositories
INFO: [IP_Flow 19-1704] No user IP repositories specified
INFO: [IP_Flow 19-2313] Loaded Vivado IP repository 'D:/Vivado/2018.2/data/ip'.
open_project: Time (s): cpu = 00:00:28 ; elapsed = 00:00:31 . Memory (MB): peak = 841.160 ; gain = 106.207uupdate_compile_order -fileset sources_1eINFO: [Vivado 12-4158] Exported Hardware file is out of date. Exported hardware information may be inconsistent with respect to the current state of the design. It is recommended that you re-export the design and launch SDK otherwise SDK is launched with out of date hardware system file.
launch_sdk -workspace C:/Users/user/Documents/GitHub/External_hw/hw3/hw/Lab3-2/vivado_prj/vivado_prj.sdk -hwspec C:/Users/user/Documents/GitHub/External_hw/hw3/hw/Lab3-2/vivado_prj/vivado_prj.sdk/led_ctrl_wrapper.hdf
INFO: [Vivado 12-393] Launching SDK...
INFO: [Vivado 12-417] Running xsdk -workspace C:/Users/user/Documents/GitHub/External_hw/hw3/hw/Lab3-2/vivado_prj/vivado_prj.sdk -hwspec C:/Users/user/Documents/GitHub/External_hw/hw3/hw/Lab3-2/vivado_prj/vivado_prj.sdk/led_ctrl_wrapper.hdf
INFO: [Vivado 12-3157] SDK launch initiated. Please check console for any further messages.
exit
INFO: [Common 17-206] Exiting Vivado at Mon Nov  5 01:15:59 2018...
