
*** Running vivado
    with args -log design_timer_axi_gpio_1_0.vds -m64 -product Vivado -mode batch -messageDb vivado.pb -notrace -source design_timer_axi_gpio_1_0.tcl


****** Vivado v2017.2 (64-bit)
  **** SW Build 1909853 on Thu Jun 15 18:39:10 MDT 2017
  **** IP Build 1909766 on Thu Jun 15 19:58:00 MDT 2017
    ** Copyright 1986-2017 Xilinx, Inc. All Rights Reserved.

source design_timer_axi_gpio_1_0.tcl -notrace
Starting RTL Elaboration : Time (s): cpu = 00:00:04 ; elapsed = 00:00:05 . Memory (MB): peak = 1274.801 ; gain = 74.992 ; free physical = 2771 ; free virtual = 78485
INFO: [Synth 8-638] synthesizing module 'design_timer_axi_gpio_1_0' [/home/ldap-users/shiyong/Downloads/FPGA/Timer/Timer.srcs/sources_1/bd/design_timer/ip/design_timer_axi_gpio_1_0/synth/design_timer_axi_gpio_1_0.vhd:85]
INFO: [Synth 8-638] synthesizing module 'axi_gpio' [/home/ldap-users/shiyong/Downloads/FPGA/Timer/Timer.srcs/sources_1/bd/design_timer/ipshared/cb07/hdl/axi_gpio_v2_0_vh_rfs.vhd:1257]
INFO: [Synth 8-638] synthesizing module 'axi_lite_ipif' [/home/ldap-users/shiyong/Downloads/FPGA/Timer/Timer.srcs/sources_1/bd/design_timer/ipshared/0ba0/hdl/axi_lite_ipif_v3_0_vh_rfs.vhd:2948]
INFO: [Synth 8-638] synthesizing module 'slave_attachment' [/home/ldap-users/shiyong/Downloads/FPGA/Timer/Timer.srcs/sources_1/bd/design_timer/ipshared/0ba0/hdl/axi_lite_ipif_v3_0_vh_rfs.vhd:2341]
INFO: [Synth 8-638] synthesizing module 'address_decoder' [/home/ldap-users/shiyong/Downloads/FPGA/Timer/Timer.srcs/sources_1/bd/design_timer/ipshared/0ba0/hdl/axi_lite_ipif_v3_0_vh_rfs.vhd:1775]
INFO: [Synth 8-638] synthesizing module 'pselect_f' [/home/ldap-users/shiyong/Downloads/FPGA/Timer/Timer.srcs/sources_1/bd/design_timer/ipshared/0ba0/hdl/axi_lite_ipif_v3_0_vh_rfs.vhd:1534]
INFO: [Synth 8-256] done synthesizing module 'pselect_f' (1#1) [/home/ldap-users/shiyong/Downloads/FPGA/Timer/Timer.srcs/sources_1/bd/design_timer/ipshared/0ba0/hdl/axi_lite_ipif_v3_0_vh_rfs.vhd:1534]
INFO: [Synth 8-638] synthesizing module 'pselect_f__parameterized0' [/home/ldap-users/shiyong/Downloads/FPGA/Timer/Timer.srcs/sources_1/bd/design_timer/ipshared/0ba0/hdl/axi_lite_ipif_v3_0_vh_rfs.vhd:1534]
INFO: [Synth 8-256] done synthesizing module 'pselect_f__parameterized0' (1#1) [/home/ldap-users/shiyong/Downloads/FPGA/Timer/Timer.srcs/sources_1/bd/design_timer/ipshared/0ba0/hdl/axi_lite_ipif_v3_0_vh_rfs.vhd:1534]
INFO: [Synth 8-638] synthesizing module 'pselect_f__parameterized1' [/home/ldap-users/shiyong/Downloads/FPGA/Timer/Timer.srcs/sources_1/bd/design_timer/ipshared/0ba0/hdl/axi_lite_ipif_v3_0_vh_rfs.vhd:1534]
INFO: [Synth 8-256] done synthesizing module 'pselect_f__parameterized1' (1#1) [/home/ldap-users/shiyong/Downloads/FPGA/Timer/Timer.srcs/sources_1/bd/design_timer/ipshared/0ba0/hdl/axi_lite_ipif_v3_0_vh_rfs.vhd:1534]
INFO: [Synth 8-638] synthesizing module 'pselect_f__parameterized2' [/home/ldap-users/shiyong/Downloads/FPGA/Timer/Timer.srcs/sources_1/bd/design_timer/ipshared/0ba0/hdl/axi_lite_ipif_v3_0_vh_rfs.vhd:1534]
INFO: [Synth 8-256] done synthesizing module 'pselect_f__parameterized2' (1#1) [/home/ldap-users/shiyong/Downloads/FPGA/Timer/Timer.srcs/sources_1/bd/design_timer/ipshared/0ba0/hdl/axi_lite_ipif_v3_0_vh_rfs.vhd:1534]
INFO: [Synth 8-638] synthesizing module 'pselect_f__parameterized3' [/home/ldap-users/shiyong/Downloads/FPGA/Timer/Timer.srcs/sources_1/bd/design_timer/ipshared/0ba0/hdl/axi_lite_ipif_v3_0_vh_rfs.vhd:1534]
INFO: [Synth 8-256] done synthesizing module 'pselect_f__parameterized3' (1#1) [/home/ldap-users/shiyong/Downloads/FPGA/Timer/Timer.srcs/sources_1/bd/design_timer/ipshared/0ba0/hdl/axi_lite_ipif_v3_0_vh_rfs.vhd:1534]
INFO: [Synth 8-638] synthesizing module 'pselect_f__parameterized4' [/home/ldap-users/shiyong/Downloads/FPGA/Timer/Timer.srcs/sources_1/bd/design_timer/ipshared/0ba0/hdl/axi_lite_ipif_v3_0_vh_rfs.vhd:1534]
INFO: [Synth 8-256] done synthesizing module 'pselect_f__parameterized4' (1#1) [/home/ldap-users/shiyong/Downloads/FPGA/Timer/Timer.srcs/sources_1/bd/design_timer/ipshared/0ba0/hdl/axi_lite_ipif_v3_0_vh_rfs.vhd:1534]
INFO: [Synth 8-638] synthesizing module 'pselect_f__parameterized5' [/home/ldap-users/shiyong/Downloads/FPGA/Timer/Timer.srcs/sources_1/bd/design_timer/ipshared/0ba0/hdl/axi_lite_ipif_v3_0_vh_rfs.vhd:1534]
INFO: [Synth 8-256] done synthesizing module 'pselect_f__parameterized5' (1#1) [/home/ldap-users/shiyong/Downloads/FPGA/Timer/Timer.srcs/sources_1/bd/design_timer/ipshared/0ba0/hdl/axi_lite_ipif_v3_0_vh_rfs.vhd:1534]
INFO: [Synth 8-638] synthesizing module 'pselect_f__parameterized6' [/home/ldap-users/shiyong/Downloads/FPGA/Timer/Timer.srcs/sources_1/bd/design_timer/ipshared/0ba0/hdl/axi_lite_ipif_v3_0_vh_rfs.vhd:1534]
INFO: [Synth 8-256] done synthesizing module 'pselect_f__parameterized6' (1#1) [/home/ldap-users/shiyong/Downloads/FPGA/Timer/Timer.srcs/sources_1/bd/design_timer/ipshared/0ba0/hdl/axi_lite_ipif_v3_0_vh_rfs.vhd:1534]
INFO: [Synth 8-638] synthesizing module 'pselect_f__parameterized7' [/home/ldap-users/shiyong/Downloads/FPGA/Timer/Timer.srcs/sources_1/bd/design_timer/ipshared/0ba0/hdl/axi_lite_ipif_v3_0_vh_rfs.vhd:1534]
INFO: [Synth 8-256] done synthesizing module 'pselect_f__parameterized7' (1#1) [/home/ldap-users/shiyong/Downloads/FPGA/Timer/Timer.srcs/sources_1/bd/design_timer/ipshared/0ba0/hdl/axi_lite_ipif_v3_0_vh_rfs.vhd:1534]
INFO: [Synth 8-638] synthesizing module 'pselect_f__parameterized8' [/home/ldap-users/shiyong/Downloads/FPGA/Timer/Timer.srcs/sources_1/bd/design_timer/ipshared/0ba0/hdl/axi_lite_ipif_v3_0_vh_rfs.vhd:1534]
INFO: [Synth 8-256] done synthesizing module 'pselect_f__parameterized8' (1#1) [/home/ldap-users/shiyong/Downloads/FPGA/Timer/Timer.srcs/sources_1/bd/design_timer/ipshared/0ba0/hdl/axi_lite_ipif_v3_0_vh_rfs.vhd:1534]
INFO: [Synth 8-638] synthesizing module 'pselect_f__parameterized9' [/home/ldap-users/shiyong/Downloads/FPGA/Timer/Timer.srcs/sources_1/bd/design_timer/ipshared/0ba0/hdl/axi_lite_ipif_v3_0_vh_rfs.vhd:1534]
INFO: [Synth 8-256] done synthesizing module 'pselect_f__parameterized9' (1#1) [/home/ldap-users/shiyong/Downloads/FPGA/Timer/Timer.srcs/sources_1/bd/design_timer/ipshared/0ba0/hdl/axi_lite_ipif_v3_0_vh_rfs.vhd:1534]
INFO: [Synth 8-638] synthesizing module 'pselect_f__parameterized10' [/home/ldap-users/shiyong/Downloads/FPGA/Timer/Timer.srcs/sources_1/bd/design_timer/ipshared/0ba0/hdl/axi_lite_ipif_v3_0_vh_rfs.vhd:1534]
INFO: [Synth 8-256] done synthesizing module 'pselect_f__parameterized10' (1#1) [/home/ldap-users/shiyong/Downloads/FPGA/Timer/Timer.srcs/sources_1/bd/design_timer/ipshared/0ba0/hdl/axi_lite_ipif_v3_0_vh_rfs.vhd:1534]
INFO: [Synth 8-638] synthesizing module 'pselect_f__parameterized11' [/home/ldap-users/shiyong/Downloads/FPGA/Timer/Timer.srcs/sources_1/bd/design_timer/ipshared/0ba0/hdl/axi_lite_ipif_v3_0_vh_rfs.vhd:1534]
INFO: [Synth 8-256] done synthesizing module 'pselect_f__parameterized11' (1#1) [/home/ldap-users/shiyong/Downloads/FPGA/Timer/Timer.srcs/sources_1/bd/design_timer/ipshared/0ba0/hdl/axi_lite_ipif_v3_0_vh_rfs.vhd:1534]
INFO: [Synth 8-638] synthesizing module 'pselect_f__parameterized12' [/home/ldap-users/shiyong/Downloads/FPGA/Timer/Timer.srcs/sources_1/bd/design_timer/ipshared/0ba0/hdl/axi_lite_ipif_v3_0_vh_rfs.vhd:1534]
INFO: [Synth 8-256] done synthesizing module 'pselect_f__parameterized12' (1#1) [/home/ldap-users/shiyong/Downloads/FPGA/Timer/Timer.srcs/sources_1/bd/design_timer/ipshared/0ba0/hdl/axi_lite_ipif_v3_0_vh_rfs.vhd:1534]
INFO: [Synth 8-638] synthesizing module 'pselect_f__parameterized13' [/home/ldap-users/shiyong/Downloads/FPGA/Timer/Timer.srcs/sources_1/bd/design_timer/ipshared/0ba0/hdl/axi_lite_ipif_v3_0_vh_rfs.vhd:1534]
INFO: [Synth 8-256] done synthesizing module 'pselect_f__parameterized13' (1#1) [/home/ldap-users/shiyong/Downloads/FPGA/Timer/Timer.srcs/sources_1/bd/design_timer/ipshared/0ba0/hdl/axi_lite_ipif_v3_0_vh_rfs.vhd:1534]
INFO: [Synth 8-638] synthesizing module 'pselect_f__parameterized14' [/home/ldap-users/shiyong/Downloads/FPGA/Timer/Timer.srcs/sources_1/bd/design_timer/ipshared/0ba0/hdl/axi_lite_ipif_v3_0_vh_rfs.vhd:1534]
INFO: [Synth 8-256] done synthesizing module 'pselect_f__parameterized14' (1#1) [/home/ldap-users/shiyong/Downloads/FPGA/Timer/Timer.srcs/sources_1/bd/design_timer/ipshared/0ba0/hdl/axi_lite_ipif_v3_0_vh_rfs.vhd:1534]
INFO: [Synth 8-638] synthesizing module 'pselect_f__parameterized15' [/home/ldap-users/shiyong/Downloads/FPGA/Timer/Timer.srcs/sources_1/bd/design_timer/ipshared/0ba0/hdl/axi_lite_ipif_v3_0_vh_rfs.vhd:1534]
INFO: [Synth 8-256] done synthesizing module 'pselect_f__parameterized15' (1#1) [/home/ldap-users/shiyong/Downloads/FPGA/Timer/Timer.srcs/sources_1/bd/design_timer/ipshared/0ba0/hdl/axi_lite_ipif_v3_0_vh_rfs.vhd:1534]
INFO: [Synth 8-638] synthesizing module 'pselect_f__parameterized16' [/home/ldap-users/shiyong/Downloads/FPGA/Timer/Timer.srcs/sources_1/bd/design_timer/ipshared/0ba0/hdl/axi_lite_ipif_v3_0_vh_rfs.vhd:1534]
INFO: [Synth 8-256] done synthesizing module 'pselect_f__parameterized16' (1#1) [/home/ldap-users/shiyong/Downloads/FPGA/Timer/Timer.srcs/sources_1/bd/design_timer/ipshared/0ba0/hdl/axi_lite_ipif_v3_0_vh_rfs.vhd:1534]
INFO: [Synth 8-638] synthesizing module 'pselect_f__parameterized17' [/home/ldap-users/shiyong/Downloads/FPGA/Timer/Timer.srcs/sources_1/bd/design_timer/ipshared/0ba0/hdl/axi_lite_ipif_v3_0_vh_rfs.vhd:1534]
INFO: [Synth 8-256] done synthesizing module 'pselect_f__parameterized17' (1#1) [/home/ldap-users/shiyong/Downloads/FPGA/Timer/Timer.srcs/sources_1/bd/design_timer/ipshared/0ba0/hdl/axi_lite_ipif_v3_0_vh_rfs.vhd:1534]
INFO: [Synth 8-638] synthesizing module 'pselect_f__parameterized18' [/home/ldap-users/shiyong/Downloads/FPGA/Timer/Timer.srcs/sources_1/bd/design_timer/ipshared/0ba0/hdl/axi_lite_ipif_v3_0_vh_rfs.vhd:1534]
INFO: [Synth 8-256] done synthesizing module 'pselect_f__parameterized18' (1#1) [/home/ldap-users/shiyong/Downloads/FPGA/Timer/Timer.srcs/sources_1/bd/design_timer/ipshared/0ba0/hdl/axi_lite_ipif_v3_0_vh_rfs.vhd:1534]
INFO: [Synth 8-638] synthesizing module 'pselect_f__parameterized19' [/home/ldap-users/shiyong/Downloads/FPGA/Timer/Timer.srcs/sources_1/bd/design_timer/ipshared/0ba0/hdl/axi_lite_ipif_v3_0_vh_rfs.vhd:1534]
INFO: [Synth 8-256] done synthesizing module 'pselect_f__parameterized19' (1#1) [/home/ldap-users/shiyong/Downloads/FPGA/Timer/Timer.srcs/sources_1/bd/design_timer/ipshared/0ba0/hdl/axi_lite_ipif_v3_0_vh_rfs.vhd:1534]
INFO: [Synth 8-638] synthesizing module 'pselect_f__parameterized20' [/home/ldap-users/shiyong/Downloads/FPGA/Timer/Timer.srcs/sources_1/bd/design_timer/ipshared/0ba0/hdl/axi_lite_ipif_v3_0_vh_rfs.vhd:1534]
INFO: [Synth 8-256] done synthesizing module 'pselect_f__parameterized20' (1#1) [/home/ldap-users/shiyong/Downloads/FPGA/Timer/Timer.srcs/sources_1/bd/design_timer/ipshared/0ba0/hdl/axi_lite_ipif_v3_0_vh_rfs.vhd:1534]
INFO: [Synth 8-256] done synthesizing module 'address_decoder' (2#1) [/home/ldap-users/shiyong/Downloads/FPGA/Timer/Timer.srcs/sources_1/bd/design_timer/ipshared/0ba0/hdl/axi_lite_ipif_v3_0_vh_rfs.vhd:1775]
INFO: [Synth 8-256] done synthesizing module 'slave_attachment' (3#1) [/home/ldap-users/shiyong/Downloads/FPGA/Timer/Timer.srcs/sources_1/bd/design_timer/ipshared/0ba0/hdl/axi_lite_ipif_v3_0_vh_rfs.vhd:2341]
INFO: [Synth 8-256] done synthesizing module 'axi_lite_ipif' (4#1) [/home/ldap-users/shiyong/Downloads/FPGA/Timer/Timer.srcs/sources_1/bd/design_timer/ipshared/0ba0/hdl/axi_lite_ipif_v3_0_vh_rfs.vhd:2948]
INFO: [Synth 8-638] synthesizing module 'interrupt_control' [/home/ldap-users/shiyong/Downloads/FPGA/Timer/Timer.srcs/sources_1/bd/design_timer/ipshared/e956/hdl/interrupt_control_v3_1_vh_rfs.vhd:259]
INFO: [Synth 8-256] done synthesizing module 'interrupt_control' (5#1) [/home/ldap-users/shiyong/Downloads/FPGA/Timer/Timer.srcs/sources_1/bd/design_timer/ipshared/e956/hdl/interrupt_control_v3_1_vh_rfs.vhd:259]
INFO: [Synth 8-638] synthesizing module 'GPIO_Core' [/home/ldap-users/shiyong/Downloads/FPGA/Timer/Timer.srcs/sources_1/bd/design_timer/ipshared/cb07/hdl/axi_gpio_v2_0_vh_rfs.vhd:177]
INFO: [Synth 8-638] synthesizing module 'cdc_sync' [/home/ldap-users/shiyong/Downloads/FPGA/Timer/Timer.srcs/sources_1/bd/design_timer/ipshared/52cb/hdl/lib_cdc_v1_0_rfs.vhd:106]
INFO: [Synth 8-256] done synthesizing module 'cdc_sync' (6#1) [/home/ldap-users/shiyong/Downloads/FPGA/Timer/Timer.srcs/sources_1/bd/design_timer/ipshared/52cb/hdl/lib_cdc_v1_0_rfs.vhd:106]
INFO: [Synth 8-256] done synthesizing module 'GPIO_Core' (7#1) [/home/ldap-users/shiyong/Downloads/FPGA/Timer/Timer.srcs/sources_1/bd/design_timer/ipshared/cb07/hdl/axi_gpio_v2_0_vh_rfs.vhd:177]
INFO: [Synth 8-256] done synthesizing module 'axi_gpio' (8#1) [/home/ldap-users/shiyong/Downloads/FPGA/Timer/Timer.srcs/sources_1/bd/design_timer/ipshared/cb07/hdl/axi_gpio_v2_0_vh_rfs.vhd:1257]
INFO: [Synth 8-256] done synthesizing module 'design_timer_axi_gpio_1_0' (9#1) [/home/ldap-users/shiyong/Downloads/FPGA/Timer/Timer.srcs/sources_1/bd/design_timer/ip/design_timer_axi_gpio_1_0/synth/design_timer_axi_gpio_1_0.vhd:85]
Finished RTL Elaboration : Time (s): cpu = 00:00:06 ; elapsed = 00:00:06 . Memory (MB): peak = 1317.309 ; gain = 117.500 ; free physical = 2735 ; free virtual = 78449
Finished RTL Optimization Phase 1 : Time (s): cpu = 00:00:06 ; elapsed = 00:00:06 . Memory (MB): peak = 1317.309 ; gain = 117.500 ; free physical = 2724 ; free virtual = 78438
INFO: [Device 21-403] Loading part xc7z020clg400-1
Constraint Validation Runtime : Time (s): cpu = 00:00:00.05 ; elapsed = 00:00:00.04 . Memory (MB): peak = 1736.363 ; gain = 0.008 ; free physical = 2085 ; free virtual = 77799
Finished Constraint Validation : Time (s): cpu = 00:00:18 ; elapsed = 00:00:20 . Memory (MB): peak = 1736.363 ; gain = 536.555 ; free physical = 2241 ; free virtual = 77956
Finished Loading Part and Timing Information : Time (s): cpu = 00:00:18 ; elapsed = 00:00:20 . Memory (MB): peak = 1736.363 ; gain = 536.555 ; free physical = 2241 ; free virtual = 77956
Finished applying 'set_property' XDC Constraints : Time (s): cpu = 00:00:18 ; elapsed = 00:00:20 . Memory (MB): peak = 1736.363 ; gain = 536.555 ; free physical = 2241 ; free virtual = 77956
Finished RTL Optimization Phase 2 : Time (s): cpu = 00:00:19 ; elapsed = 00:00:20 . Memory (MB): peak = 1736.363 ; gain = 536.555 ; free physical = 2244 ; free virtual = 77959
Finished Cross Boundary and Area Optimization : Time (s): cpu = 00:00:19 ; elapsed = 00:00:21 . Memory (MB): peak = 1736.363 ; gain = 536.555 ; free physical = 2225 ; free virtual = 77940
Finished Applying XDC Timing Constraints : Time (s): cpu = 00:00:26 ; elapsed = 00:00:28 . Memory (MB): peak = 1736.363 ; gain = 536.555 ; free physical = 1914 ; free virtual = 77629
Finished Timing Optimization : Time (s): cpu = 00:00:26 ; elapsed = 00:00:28 . Memory (MB): peak = 1736.363 ; gain = 536.555 ; free physical = 1891 ; free virtual = 77606
Finished Technology Mapping : Time (s): cpu = 00:00:26 ; elapsed = 00:00:28 . Memory (MB): peak = 1736.363 ; gain = 536.555 ; free physical = 1886 ; free virtual = 77601
Finished IO Insertion : Time (s): cpu = 00:00:27 ; elapsed = 00:00:29 . Memory (MB): peak = 1736.363 ; gain = 536.555 ; free physical = 1865 ; free virtual = 77579
Finished Renaming Generated Instances : Time (s): cpu = 00:00:27 ; elapsed = 00:00:29 . Memory (MB): peak = 1736.363 ; gain = 536.555 ; free physical = 1865 ; free virtual = 77579
Finished Rebuilding User Hierarchy : Time (s): cpu = 00:00:27 ; elapsed = 00:00:29 . Memory (MB): peak = 1736.363 ; gain = 536.555 ; free physical = 1862 ; free virtual = 77576
Finished Renaming Generated Ports : Time (s): cpu = 00:00:27 ; elapsed = 00:00:29 . Memory (MB): peak = 1736.363 ; gain = 536.555 ; free physical = 1863 ; free virtual = 77578
Finished Handling Custom Attributes : Time (s): cpu = 00:00:27 ; elapsed = 00:00:29 . Memory (MB): peak = 1736.363 ; gain = 536.555 ; free physical = 1862 ; free virtual = 77577
Finished Renaming Generated Nets : Time (s): cpu = 00:00:27 ; elapsed = 00:00:29 . Memory (MB): peak = 1736.363 ; gain = 536.555 ; free physical = 1862 ; free virtual = 77577

Report Cell Usage: 
+------+-----+------+
|      |Cell |Count |
+------+-----+------+
|1     |LUT1 |     2|
|2     |LUT2 |     9|
|3     |LUT3 |     6|
|4     |LUT4 |    18|
|5     |LUT5 |    18|
|6     |LUT6 |    30|
|7     |FDR  |    16|
|8     |FDRE |    81|
|9     |FDSE |     6|
+------+-----+------+
Finished Writing Synthesis Report : Time (s): cpu = 00:00:27 ; elapsed = 00:00:29 . Memory (MB): peak = 1736.363 ; gain = 536.555 ; free physical = 1862 ; free virtual = 77576
synth_design: Time (s): cpu = 00:00:29 ; elapsed = 00:00:30 . Memory (MB): peak = 1736.363 ; gain = 549.145 ; free physical = 2214 ; free virtual = 77929
