Copyright 1986-2018 Xilinx, Inc. All Rights Reserved.
------------------------------------------------------------------------------------
| Tool Version : Vivado v.2018.2 (win64) Build 2258646 Thu Jun 14 20:03:12 MDT 2018
| Date         : Sun Dec  2 20:40:47 2018
| Host         : LAPTOP-BJA1B3DR running 64-bit major release  (build 9200)
| Command      : upgrade_ip
| Device       : xc7z020clg400-1
------------------------------------------------------------------------------------

Upgrade Log for IP 'hw5_sorting_0_0'

1. Summary
----------

SUCCESS in the upgrade of hw5_sorting_0_0 (xilinx.com:user:sorting:1.0) from (Rev. 2) to (Rev. 3)






Copyright 1986-2018 Xilinx, Inc. All Rights Reserved.
------------------------------------------------------------------------------------
| Tool Version : Vivado v.2018.2 (win64) Build 2258646 Thu Jun 14 20:03:12 MDT 2018
| Date         : Sun Dec  2 20:40:47 2018
| Host         : LAPTOP-BJA1B3DR running 64-bit major release  (build 9200)
| Command      : upgrade_ip
| Device       : xc7z020clg400-1
------------------------------------------------------------------------------------

Upgrade Log for IP 'hw5_parity_0_1'

1. Summary
----------

SUCCESS in the upgrade of hw5_parity_0_1 (xilinx.com:user:parity:1.0) from (Rev. 3) to (Rev. 4)






Copyright 1986-2018 Xilinx, Inc. All Rights Reserved.
------------------------------------------------------------------------------------
| Tool Version : Vivado v.2018.2 (win64) Build 2258646 Thu Jun 14 20:03:12 MDT 2018
| Date         : Sun Dec  2 20:40:47 2018
| Host         : LAPTOP-BJA1B3DR running 64-bit major release  (build 9200)
| Command      : upgrade_ip
| Device       : xc7z020clg400-1
------------------------------------------------------------------------------------

Upgrade Log for IP 'hw5_djb2_0_0'

1. Summary
----------

SUCCESS in the upgrade of hw5_djb2_0_0 (xilinx.com:user:djb2:1.0) from (Rev. 2) to (Rev. 3)






Copyright 1986-2018 Xilinx, Inc. All Rights Reserved.
------------------------------------------------------------------------------------
| Tool Version : Vivado v.2018.2 (win64) Build 2258646 Thu Jun 14 20:03:12 MDT 2018
| Date         : Sun Dec  2 20:40:47 2018
| Host         : LAPTOP-BJA1B3DR running 64-bit major release  (build 9200)
| Command      : upgrade_ip
| Device       : xc7z020clg400-1
------------------------------------------------------------------------------------

Upgrade Log for IP 'hw5_calculator_0_0'

1. Summary
----------

SUCCESS in the upgrade of hw5_calculator_0_0 (xilinx.com:user:calculator:1.0) from (Rev. 2) to (Rev. 3)






Copyright 1986-2018 Xilinx, Inc. All Rights Reserved.
------------------------------------------------------------------------------------
| Tool Version : Vivado v.2018.2 (win64) Build 2258646 Thu Jun 14 20:03:12 MDT 2018
| Date         : Sun Dec  2 20:40:47 2018
| Host         : LAPTOP-BJA1B3DR running 64-bit major release  (build 9200)
| Command      : upgrade_ip
| Device       : xc7z020clg400-1
------------------------------------------------------------------------------------

Upgrade Log for IP 'hw5_PWM_0_0'

1. Summary
----------

SUCCESS in the upgrade of hw5_PWM_0_0 (xilinx.com:user:PWM:1.0) from (Rev. 3) to (Rev. 4)

