
*** Running vivado
    with args -log design_1_ParityGenerator_0_0.vds -m64 -product Vivado -mode batch -messageDb vivado.pb -notrace -source design_1_ParityGenerator_0_0.tcl


****** Vivado v2018.1 (64-bit)
  **** SW Build 2188600 on Wed Apr  4 18:40:38 MDT 2018
  **** IP Build 2185939 on Wed Apr  4 20:55:05 MDT 2018
    ** Copyright 1986-2018 Xilinx, Inc. All Rights Reserved.

source design_1_ParityGenerator_0_0.tcl -notrace
Command: synth_design -top design_1_ParityGenerator_0_0 -part xc7z020clg400-1 -mode out_of_context
Starting synth_design
Attempting to get a license for feature 'Synthesis' and/or device 'xc7z020'
INFO: [Common 17-349] Got license for feature 'Synthesis' and/or device 'xc7z020'
INFO: Launching helper process for spawning children vivado processes
INFO: Helper process launched with PID 32284 
---------------------------------------------------------------------------------
Starting RTL Elaboration : Time (s): cpu = 00:00:07 ; elapsed = 00:00:07 . Memory (MB): peak = 403.875 ; gain = 99.266
---------------------------------------------------------------------------------
INFO: [Synth 8-6157] synthesizing module 'design_1_ParityGenerator_0_0' [d:/123NCKU/FPGA/Lab5_HW_v2/Lab5_HW_v2.srcs/sources_1/bd/design_1/ip/design_1_ParityGenerator_0_0/synth/design_1_ParityGenerator_0_0.v:57]
INFO: [Synth 8-6157] synthesizing module 'ParityGenerator_v1_0' [d:/123NCKU/FPGA/Lab5_HW_v2/Lab5_HW_v2.srcs/sources_1/bd/design_1/ipshared/5a72/hdl/ParityGenerator_v1_0.v:4]
	Parameter C_S00_AXI_DATA_WIDTH bound to: 32 - type: integer 
	Parameter C_S00_AXI_ADDR_WIDTH bound to: 4 - type: integer 
INFO: [Synth 8-6157] synthesizing module 'ParityGenerator_v1_0_S00_AXI' [d:/123NCKU/FPGA/Lab5_HW_v2/Lab5_HW_v2.srcs/sources_1/bd/design_1/ipshared/5a72/hdl/ParityGenerator_v1_0_S00_AXI.v:4]
	Parameter C_S_AXI_DATA_WIDTH bound to: 32 - type: integer 
	Parameter C_S_AXI_ADDR_WIDTH bound to: 4 - type: integer 
	Parameter ADDR_LSB bound to: 2 - type: integer 
	Parameter OPT_MEM_ADDR_BITS bound to: 1 - type: integer 
INFO: [Synth 8-226] default block is never used [d:/123NCKU/FPGA/Lab5_HW_v2/Lab5_HW_v2.srcs/sources_1/bd/design_1/ipshared/5a72/hdl/ParityGenerator_v1_0_S00_AXI.v:231]
INFO: [Synth 8-226] default block is never used [d:/123NCKU/FPGA/Lab5_HW_v2/Lab5_HW_v2.srcs/sources_1/bd/design_1/ipshared/5a72/hdl/ParityGenerator_v1_0_S00_AXI.v:372]
INFO: [Synth 8-6157] synthesizing module 'ParityGen' [d:/123NCKU/FPGA/Lab5_HW_v2/Lab5_HW_v2.srcs/sources_1/bd/design_1/Lab5_HW/ParityGen.v:23]
INFO: [Synth 8-6155] done synthesizing module 'ParityGen' (1#1) [d:/123NCKU/FPGA/Lab5_HW_v2/Lab5_HW_v2.srcs/sources_1/bd/design_1/Lab5_HW/ParityGen.v:23]
WARNING: [Synth 8-6014] Unused sequential element slv_reg1_reg was removed.  [d:/123NCKU/FPGA/Lab5_HW_v2/Lab5_HW_v2.srcs/sources_1/bd/design_1/ipshared/5a72/hdl/ParityGenerator_v1_0_S00_AXI.v:224]
INFO: [Synth 8-6155] done synthesizing module 'ParityGenerator_v1_0_S00_AXI' (2#1) [d:/123NCKU/FPGA/Lab5_HW_v2/Lab5_HW_v2.srcs/sources_1/bd/design_1/ipshared/5a72/hdl/ParityGenerator_v1_0_S00_AXI.v:4]
INFO: [Synth 8-6155] done synthesizing module 'ParityGenerator_v1_0' (3#1) [d:/123NCKU/FPGA/Lab5_HW_v2/Lab5_HW_v2.srcs/sources_1/bd/design_1/ipshared/5a72/hdl/ParityGenerator_v1_0.v:4]
INFO: [Synth 8-6155] done synthesizing module 'design_1_ParityGenerator_0_0' (4#1) [d:/123NCKU/FPGA/Lab5_HW_v2/Lab5_HW_v2.srcs/sources_1/bd/design_1/ip/design_1_ParityGenerator_0_0/synth/design_1_ParityGenerator_0_0.v:57]
WARNING: [Synth 8-3331] design ParityGenerator_v1_0_S00_AXI has unconnected port S_AXI_AWPROT[2]
WARNING: [Synth 8-3331] design ParityGenerator_v1_0_S00_AXI has unconnected port S_AXI_AWPROT[1]
WARNING: [Synth 8-3331] design ParityGenerator_v1_0_S00_AXI has unconnected port S_AXI_AWPROT[0]
WARNING: [Synth 8-3331] design ParityGenerator_v1_0_S00_AXI has unconnected port S_AXI_ARPROT[2]
WARNING: [Synth 8-3331] design ParityGenerator_v1_0_S00_AXI has unconnected port S_AXI_ARPROT[1]
WARNING: [Synth 8-3331] design ParityGenerator_v1_0_S00_AXI has unconnected port S_AXI_ARPROT[0]
---------------------------------------------------------------------------------
Finished RTL Elaboration : Time (s): cpu = 00:00:08 ; elapsed = 00:00:08 . Memory (MB): peak = 459.262 ; gain = 154.652
---------------------------------------------------------------------------------

Report Check Netlist: 
+------+------------------+-------+---------+-------+------------------+
|      |Item              |Errors |Warnings |Status |Description       |
+------+------------------+-------+---------+-------+------------------+
|1     |multi_driven_nets |      0|        0|Passed |Multi driven nets |
+------+------------------+-------+---------+-------+------------------+
---------------------------------------------------------------------------------
Start Handling Custom Attributes
---------------------------------------------------------------------------------
---------------------------------------------------------------------------------
Finished Handling Custom Attributes : Time (s): cpu = 00:00:08 ; elapsed = 00:00:08 . Memory (MB): peak = 459.262 ; gain = 154.652
---------------------------------------------------------------------------------
---------------------------------------------------------------------------------
Finished RTL Optimization Phase 1 : Time (s): cpu = 00:00:08 ; elapsed = 00:00:08 . Memory (MB): peak = 459.262 ; gain = 154.652
---------------------------------------------------------------------------------
INFO: [Device 21-403] Loading part xc7z020clg400-1
INFO: [Project 1-570] Preparing netlist for logic optimization

Processing XDC Constraints
Initializing timing engine
Completed Processing XDC Constraints

INFO: [Project 1-111] Unisim Transformation Summary:
No Unisim elements were transformed.

Constraint Validation Runtime : Time (s): cpu = 00:00:00 ; elapsed = 00:00:00.021 . Memory (MB): peak = 803.266 ; gain = 0.004
---------------------------------------------------------------------------------
Finished Constraint Validation : Time (s): cpu = 00:00:22 ; elapsed = 00:00:23 . Memory (MB): peak = 803.266 ; gain = 498.656
---------------------------------------------------------------------------------
---------------------------------------------------------------------------------
Start Loading Part and Timing Information
---------------------------------------------------------------------------------
Loading part: xc7z020clg400-1
---------------------------------------------------------------------------------
Finished Loading Part and Timing Information : Time (s): cpu = 00:00:22 ; elapsed = 00:00:23 . Memory (MB): peak = 803.266 ; gain = 498.656
---------------------------------------------------------------------------------
---------------------------------------------------------------------------------
Start Applying 'set_property' XDC Constraints
---------------------------------------------------------------------------------
---------------------------------------------------------------------------------
Finished applying 'set_property' XDC Constraints : Time (s): cpu = 00:00:22 ; elapsed = 00:00:23 . Memory (MB): peak = 803.266 ; gain = 498.656
---------------------------------------------------------------------------------
---------------------------------------------------------------------------------
Finished RTL Optimization Phase 2 : Time (s): cpu = 00:00:22 ; elapsed = 00:00:24 . Memory (MB): peak = 803.266 ; gain = 498.656
---------------------------------------------------------------------------------

Report RTL Partitions: 
+-+--------------+------------+----------+
| |RTL Partition |Replication |Instances |
+-+--------------+------------+----------+
+-+--------------+------------+----------+
---------------------------------------------------------------------------------
Start RTL Component Statistics 
---------------------------------------------------------------------------------
Detailed RTL Component Info : 
+---XORs : 
	  32 Input      1 Bit         XORs := 1     
+---Registers : 
	               32 Bit    Registers := 4     
	                4 Bit    Registers := 2     
	                2 Bit    Registers := 2     
	                1 Bit    Registers := 6     
+---Muxes : 
	   2 Input     32 Bit        Muxes := 3     
	   4 Input     32 Bit        Muxes := 4     
	   2 Input      1 Bit        Muxes := 5     
---------------------------------------------------------------------------------
Finished RTL Component Statistics 
---------------------------------------------------------------------------------
---------------------------------------------------------------------------------
Start RTL Hierarchical Component Statistics 
---------------------------------------------------------------------------------
Hierarchical RTL Component report 
Module ParityGen 
Detailed RTL Component Info : 
+---XORs : 
	  32 Input      1 Bit         XORs := 1     
Module ParityGenerator_v1_0_S00_AXI 
Detailed RTL Component Info : 
+---Registers : 
	               32 Bit    Registers := 4     
	                4 Bit    Registers := 2     
	                2 Bit    Registers := 2     
	                1 Bit    Registers := 6     
+---Muxes : 
	   2 Input     32 Bit        Muxes := 3     
	   4 Input     32 Bit        Muxes := 4     
	   2 Input      1 Bit        Muxes := 5     
---------------------------------------------------------------------------------
Finished RTL Hierarchical Component Statistics
---------------------------------------------------------------------------------
---------------------------------------------------------------------------------
Start Part Resource Summary
---------------------------------------------------------------------------------
Part Resources:
DSPs: 220 (col length:60)
BRAMs: 280 (col length: RAMB18 60 RAMB36 30)
---------------------------------------------------------------------------------
Finished Part Resource Summary
---------------------------------------------------------------------------------
---------------------------------------------------------------------------------
Start Cross Boundary and Area Optimization
---------------------------------------------------------------------------------
Warning: Parallel synthesis criteria is not met 
WARNING: [Synth 8-3331] design design_1_ParityGenerator_0_0 has unconnected port s00_axi_awprot[2]
WARNING: [Synth 8-3331] design design_1_ParityGenerator_0_0 has unconnected port s00_axi_awprot[1]
WARNING: [Synth 8-3331] design design_1_ParityGenerator_0_0 has unconnected port s00_axi_awprot[0]
WARNING: [Synth 8-3331] design design_1_ParityGenerator_0_0 has unconnected port s00_axi_arprot[2]
WARNING: [Synth 8-3331] design design_1_ParityGenerator_0_0 has unconnected port s00_axi_arprot[1]
WARNING: [Synth 8-3331] design design_1_ParityGenerator_0_0 has unconnected port s00_axi_arprot[0]
INFO: [Synth 8-3886] merging instance 'inst/ParityGenerator_v1_0_S00_AXI_inst/axi_rresp_reg[0]' (FDRE) to 'inst/ParityGenerator_v1_0_S00_AXI_inst/axi_rresp_reg[1]'
INFO: [Synth 8-3333] propagating constant 0 across sequential element (\inst/ParityGenerator_v1_0_S00_AXI_inst/axi_rresp_reg[1] )
INFO: [Synth 8-3886] merging instance 'inst/ParityGenerator_v1_0_S00_AXI_inst/axi_bresp_reg[0]' (FDRE) to 'inst/ParityGenerator_v1_0_S00_AXI_inst/axi_bresp_reg[1]'
INFO: [Synth 8-3333] propagating constant 0 across sequential element (\inst/ParityGenerator_v1_0_S00_AXI_inst/axi_bresp_reg[1] )
INFO: [Synth 8-3332] Sequential element (inst/ParityGenerator_v1_0_S00_AXI_inst/axi_bresp_reg[1]) is unused and will be removed from module design_1_ParityGenerator_0_0.
INFO: [Synth 8-3332] Sequential element (inst/ParityGenerator_v1_0_S00_AXI_inst/axi_awaddr_reg[1]) is unused and will be removed from module design_1_ParityGenerator_0_0.
INFO: [Synth 8-3332] Sequential element (inst/ParityGenerator_v1_0_S00_AXI_inst/axi_awaddr_reg[0]) is unused and will be removed from module design_1_ParityGenerator_0_0.
INFO: [Synth 8-3332] Sequential element (inst/ParityGenerator_v1_0_S00_AXI_inst/axi_araddr_reg[1]) is unused and will be removed from module design_1_ParityGenerator_0_0.
INFO: [Synth 8-3332] Sequential element (inst/ParityGenerator_v1_0_S00_AXI_inst/axi_araddr_reg[0]) is unused and will be removed from module design_1_ParityGenerator_0_0.
INFO: [Synth 8-3332] Sequential element (inst/ParityGenerator_v1_0_S00_AXI_inst/axi_rresp_reg[1]) is unused and will be removed from module design_1_ParityGenerator_0_0.
---------------------------------------------------------------------------------
Finished Cross Boundary and Area Optimization : Time (s): cpu = 00:00:23 ; elapsed = 00:00:24 . Memory (MB): peak = 803.266 ; gain = 498.656
---------------------------------------------------------------------------------

Report RTL Partitions: 
+-+--------------+------------+----------+
| |RTL Partition |Replication |Instances |
+-+--------------+------------+----------+
+-+--------------+------------+----------+
---------------------------------------------------------------------------------
Start Applying XDC Timing Constraints
---------------------------------------------------------------------------------
---------------------------------------------------------------------------------
Finished Applying XDC Timing Constraints : Time (s): cpu = 00:00:35 ; elapsed = 00:00:37 . Memory (MB): peak = 807.813 ; gain = 503.203
---------------------------------------------------------------------------------
---------------------------------------------------------------------------------
Start Timing Optimization
---------------------------------------------------------------------------------
---------------------------------------------------------------------------------
Finished Timing Optimization : Time (s): cpu = 00:00:35 ; elapsed = 00:00:37 . Memory (MB): peak = 807.965 ; gain = 503.355
---------------------------------------------------------------------------------

Report RTL Partitions: 
+-+--------------+------------+----------+
| |RTL Partition |Replication |Instances |
+-+--------------+------------+----------+
+-+--------------+------------+----------+
---------------------------------------------------------------------------------
Start Technology Mapping
---------------------------------------------------------------------------------
---------------------------------------------------------------------------------
Finished Technology Mapping : Time (s): cpu = 00:00:35 ; elapsed = 00:00:37 . Memory (MB): peak = 818.250 ; gain = 513.641
---------------------------------------------------------------------------------

Report RTL Partitions: 
+-+--------------+------------+----------+
| |RTL Partition |Replication |Instances |
+-+--------------+------------+----------+
+-+--------------+------------+----------+
---------------------------------------------------------------------------------
Start IO Insertion
---------------------------------------------------------------------------------
---------------------------------------------------------------------------------
Start Flattening Before IO Insertion
---------------------------------------------------------------------------------
---------------------------------------------------------------------------------
Finished Flattening Before IO Insertion
---------------------------------------------------------------------------------
---------------------------------------------------------------------------------
Start Final Netlist Cleanup
---------------------------------------------------------------------------------
---------------------------------------------------------------------------------
Finished Final Netlist Cleanup
---------------------------------------------------------------------------------
---------------------------------------------------------------------------------
Finished IO Insertion : Time (s): cpu = 00:00:36 ; elapsed = 00:00:38 . Memory (MB): peak = 818.250 ; gain = 513.641
---------------------------------------------------------------------------------

Report Check Netlist: 
+------+------------------+-------+---------+-------+------------------+
|      |Item              |Errors |Warnings |Status |Description       |
+------+------------------+-------+---------+-------+------------------+
|1     |multi_driven_nets |      0|        0|Passed |Multi driven nets |
+------+------------------+-------+---------+-------+------------------+
---------------------------------------------------------------------------------
Start Renaming Generated Instances
---------------------------------------------------------------------------------
---------------------------------------------------------------------------------
Finished Renaming Generated Instances : Time (s): cpu = 00:00:36 ; elapsed = 00:00:38 . Memory (MB): peak = 818.250 ; gain = 513.641
---------------------------------------------------------------------------------

Report RTL Partitions: 
+-+--------------+------------+----------+
| |RTL Partition |Replication |Instances |
+-+--------------+------------+----------+
+-+--------------+------------+----------+
---------------------------------------------------------------------------------
Start Rebuilding User Hierarchy
---------------------------------------------------------------------------------
---------------------------------------------------------------------------------
Finished Rebuilding User Hierarchy : Time (s): cpu = 00:00:36 ; elapsed = 00:00:38 . Memory (MB): peak = 818.250 ; gain = 513.641
---------------------------------------------------------------------------------
---------------------------------------------------------------------------------
Start Renaming Generated Ports
---------------------------------------------------------------------------------
---------------------------------------------------------------------------------
Finished Renaming Generated Ports : Time (s): cpu = 00:00:36 ; elapsed = 00:00:38 . Memory (MB): peak = 818.250 ; gain = 513.641
---------------------------------------------------------------------------------
---------------------------------------------------------------------------------
Start Handling Custom Attributes
---------------------------------------------------------------------------------
---------------------------------------------------------------------------------
Finished Handling Custom Attributes : Time (s): cpu = 00:00:36 ; elapsed = 00:00:38 . Memory (MB): peak = 818.250 ; gain = 513.641
---------------------------------------------------------------------------------
---------------------------------------------------------------------------------
Start Renaming Generated Nets
---------------------------------------------------------------------------------
---------------------------------------------------------------------------------
Finished Renaming Generated Nets : Time (s): cpu = 00:00:36 ; elapsed = 00:00:38 . Memory (MB): peak = 818.250 ; gain = 513.641
---------------------------------------------------------------------------------
---------------------------------------------------------------------------------
Start Writing Synthesis Report
---------------------------------------------------------------------------------

Report BlackBoxes: 
+-+--------------+----------+
| |BlackBox name |Instances |
+-+--------------+----------+
+-+--------------+----------+

Report Cell Usage: 
+------+-----+------+
|      |Cell |Count |
+------+-----+------+
|1     |LUT1 |     1|
|2     |LUT2 |     1|
|3     |LUT3 |     2|
|4     |LUT4 |    29|
|5     |LUT5 |    35|
|6     |LUT6 |     5|
|7     |FDRE |   137|
|8     |FDSE |     1|
+------+-----+------+

Report Instance Areas: 
+------+--------------------------------------+-----------------------------+------+
|      |Instance                              |Module                       |Cells |
+------+--------------------------------------+-----------------------------+------+
|1     |top                                   |                             |   211|
|2     |  inst                                |ParityGenerator_v1_0         |   211|
|3     |    ParityGenerator_v1_0_S00_AXI_inst |ParityGenerator_v1_0_S00_AXI |   211|
+------+--------------------------------------+-----------------------------+------+
---------------------------------------------------------------------------------
Finished Writing Synthesis Report : Time (s): cpu = 00:00:36 ; elapsed = 00:00:38 . Memory (MB): peak = 818.250 ; gain = 513.641
---------------------------------------------------------------------------------
Synthesis finished with 0 errors, 0 critical warnings and 6 warnings.
Synthesis Optimization Runtime : Time (s): cpu = 00:00:20 ; elapsed = 00:00:29 . Memory (MB): peak = 818.250 ; gain = 169.637
Synthesis Optimization Complete : Time (s): cpu = 00:00:36 ; elapsed = 00:00:38 . Memory (MB): peak = 818.250 ; gain = 513.641
INFO: [Project 1-571] Translating synthesized netlist
INFO: [Project 1-570] Preparing netlist for logic optimization
INFO: [Opt 31-138] Pushed 0 inverter(s) to 0 load pin(s).
INFO: [Project 1-111] Unisim Transformation Summary:
No Unisim elements were transformed.

INFO: [Common 17-83] Releasing license: Synthesis
29 Infos, 13 Warnings, 0 Critical Warnings and 0 Errors encountered.
synth_design completed successfully
synth_design: Time (s): cpu = 00:00:38 ; elapsed = 00:00:40 . Memory (MB): peak = 829.855 ; gain = 536.723
INFO: [Common 17-1381] The checkpoint 'D:/123NCKU/FPGA/Lab5_HW_v2/Lab5_HW_v2.runs/design_1_ParityGenerator_0_0_synth_1/design_1_ParityGenerator_0_0.dcp' has been generated.
INFO: [Coretcl 2-1482] Added synthesis output to IP cache for IP d:/123NCKU/FPGA/Lab5_HW_v2/Lab5_HW_v2.srcs/sources_1/bd/design_1/ip/design_1_ParityGenerator_0_0/design_1_ParityGenerator_0_0.xci
INFO: [Coretcl 2-1174] Renamed 2 cell refs.
INFO: [Common 17-1381] The checkpoint 'D:/123NCKU/FPGA/Lab5_HW_v2/Lab5_HW_v2.runs/design_1_ParityGenerator_0_0_synth_1/design_1_ParityGenerator_0_0.dcp' has been generated.
INFO: [runtcl-4] Executing : report_utilization -file design_1_ParityGenerator_0_0_utilization_synth.rpt -pb design_1_ParityGenerator_0_0_utilization_synth.pb
report_utilization: Time (s): cpu = 00:00:00 ; elapsed = 00:00:00.029 . Memory (MB): peak = 829.855 ; gain = 0.000
INFO: [Common 17-206] Exiting Vivado at Sun Dec  2 18:16:36 2018...
