#-----------------------------------------------------------
# Webtalk v2017.2 (64-bit)
# SW Build 1909853 on Thu Jun 15 18:39:10 MDT 2017
# 
# Start of session at: Tue Oct  2 17:08:58 2018
# Process ID: 23150
# Current directory: /home/ldap-users/shiyong/Downloads/FPGA/Timer/Timer.sdk/webtalk
# Command line: wbtcv -mode batch -source sdk_webtalk.tcl
# Log file: /home/ldap-users/shiyong/Downloads/FPGA/Timer/Timer.sdk/webtalk/webtalk.log
# Journal file: /home/ldap-users/shiyong/Downloads/FPGA/Timer/Timer.sdk/webtalk/webtalk.jou
#-----------------------------------------------------------
source sdk_webtalk.tcl
# webtalk_init -webtalk_dir /home/ldap-users/shiyong/Downloads/FPGA/Timer/Timer.sdk/webtalk
# webtalk_register_client -client project
# webtalk_add_data -client project -key date_generated -value "2018-10-02 17:08:58" -context "software_version_and_target_device"
# webtalk_add_data -client project -key product_version -value "SDK v2017.2" -context "software_version_and_target_device"
# webtalk_add_data -client project -key build_version -value "2017.2" -context "software_version_and_target_device"
# webtalk_add_data -client project -key os_platform -value "amd64" -context "software_version_and_target_device"
# webtalk_add_data -client project -key registration_id -value "210633467_174112215_210541164_529" -context "software_version_and_target_device"
# webtalk_add_data -client project -key tool_flow -value "SDK" -context "software_version_and_target_device"
# webtalk_add_data -client project -key beta -value "false" -context "software_version_and_target_device"
# webtalk_add_data -client project -key route_design -value "NA" -context "software_version_and_target_device"
# webtalk_add_data -client project -key target_family -value "NA" -context "software_version_and_target_device"
# webtalk_add_data -client project -key target_device -value "NA" -context "software_version_and_target_device"
# webtalk_add_data -client project -key target_package -value "NA" -context "software_version_and_target_device"
# webtalk_add_data -client project -key target_speed -value "NA" -context "software_version_and_target_device"
# webtalk_add_data -client project -key random_id -value "5ipj9id2e1os5ce8htdfb9nhib" -context "software_version_and_target_device"
# webtalk_add_data -client project -key project_id -value "2017.2_16" -context "software_version_and_target_device"
# webtalk_add_data -client project -key project_iteration -value "16" -context "software_version_and_target_device"
# webtalk_add_data -client project -key os_name -value "CentOS" -context "user_environment"
# webtalk_add_data -client project -key os_release -value "CentOS Linux release 7.4.1708 (Core)" -context "user_environment"
# webtalk_add_data -client project -key cpu_name -value "Intel(R) Xeon(R) CPU E5-2630 v4 @ 2.20GHz" -context "user_environment"
# webtalk_add_data -client project -key cpu_speed -value "1329.796 MHz" -context "user_environment"
# webtalk_add_data -client project -key total_processors -value "2" -context "user_environment"
# webtalk_add_data -client project -key system_ram -value "67.000 GB" -context "user_environment"
# webtalk_register_client -client sdk
# webtalk_add_data -client sdk -key uid -value "1538469360000" -context "sdk\\\\bsp/1538469360000"
# webtalk_add_data -client sdk -key hwid -value "1535371207000" -context "sdk\\\\bsp/1538469360000"
# webtalk_add_data -client sdk -key os -value "standalone" -context "sdk\\\\bsp/1538469360000"
# webtalk_add_data -client sdk -key apptemplate -value "hello_world" -context "sdk\\\\bsp/1538469360000"
# webtalk_add_data -client sdk -key RecordType -value "BSPCreation" -context "sdk\\\\bsp/1538469360000"
# webtalk_add_data -client sdk -key uid -value "1538469361000" -context "sdk\\\\application/1538469361000"
# webtalk_add_data -client sdk -key hwid -value "1535371207000" -context "sdk\\\\application/1538469361000"
# webtalk_add_data -client sdk -key bspid -value "1538469360000" -context "sdk\\\\application/1538469361000"
# webtalk_add_data -client sdk -key newbsp -value "true" -context "sdk\\\\application/1538469361000"
# webtalk_add_data -client sdk -key os -value "standalone" -context "sdk\\\\application/1538469361000"
# webtalk_add_data -client sdk -key apptemplate -value "hello_world" -context "sdk\\\\application/1538469361000"
# webtalk_add_data -client sdk -key RecordType -value "APPCreation" -context "sdk\\\\application/1538469361000"
# webtalk_add_data -client sdk -key LangUsed -value "C" -context "sdk\\\\application/1538469361000"
# webtalk_add_data -client sdk -key Procused -value "ps7_cortexa9" -context "sdk\\\\application/1538469361000"
# webtalk_add_data -client sdk -key projSize -value "163.921875" -context "sdk\\\\application/1538469361000"
# webtalk_add_data -client sdk -key uid -value "NA" -context "sdk\\\\bsp/1538471338189"
# webtalk_add_data -client sdk -key RecordType -value "ToolUsage" -context "sdk\\\\bsp/1538471338189"
# webtalk_add_data -client sdk -key BootgenCount -value "0" -context "sdk\\\\bsp/1538471338189"
# webtalk_add_data -client sdk -key DebugCount -value "0" -context "sdk\\\\bsp/1538471338189"
# webtalk_add_data -client sdk -key PerfCount -value "0" -context "sdk\\\\bsp/1538471338189"
# webtalk_add_data -client sdk -key FlashCount -value "0" -context "sdk\\\\bsp/1538471338189"
# webtalk_add_data -client sdk -key CrossTriggCount -value "0" -context "sdk\\\\bsp/1538471338189"
# webtalk_add_data -client sdk -key QemuDebugCount -value "0" -context "sdk\\\\bsp/1538471338189"
# webtalk_transmit -clientid 1674797866 -regid "210633467_174112215_210541164_529" -xml /home/ldap-users/shiyong/Downloads/FPGA/Timer/Timer.sdk/webtalk/usage_statistics_ext_sdk.xml -html /home/ldap-users/shiyong/Downloads/FPGA/Timer/Timer.sdk/webtalk/usage_statistics_ext_sdk.html -wdm /home/ldap-users/shiyong/Downloads/FPGA/Timer/Timer.sdk/webtalk/sdk_webtalk.wdm -intro "<H3>SDK Usage Report</H3><BR>"
# webtalk_terminate
INFO: [Common 17-206] Exiting Webtalk at Tue Oct  2 17:08:58 2018...
