Copyright 1986-2018 Xilinx, Inc. All Rights Reserved.
---------------------------------------------------------------------------------------------
| Tool Version : Vivado v.2018.1 (win64) Build 2188600 Wed Apr  4 18:40:38 MDT 2018
| Date         : Sun Dec  2 22:41:28 2018
| Host         : MSI running 64-bit major release  (build 9200)
| Command      : report_control_sets -verbose -file design_1_wrapper_control_sets_placed.rpt
| Design       : design_1_wrapper
| Device       : xc7z020
---------------------------------------------------------------------------------------------

Control Set Information

Table of Contents
-----------------
1. Summary
2. Histogram
3. Flip-Flop Distribution
4. Detailed Control Set Information

1. Summary
----------

+----------------------------------------------------------+-------+
|                          Status                          | Count |
+----------------------------------------------------------+-------+
| Number of unique control sets                            |   129 |
| Unused register locations in slices containing registers |    95 |
+----------------------------------------------------------+-------+


2. Histogram
------------

+--------+--------------+
| Fanout | Control Sets |
+--------+--------------+
|      2 |            1 |
|      4 |            4 |
|      5 |            3 |
|      6 |            2 |
|      8 |           90 |
|     10 |            4 |
|     13 |            2 |
|     14 |            2 |
|    16+ |           21 |
+--------+--------------+


3. Flip-Flop Distribution
-------------------------

+--------------+-----------------------+------------------------+-----------------+--------------+
| Clock Enable | Synchronous Set/Reset | Asynchronous Set/Reset | Total Registers | Total Slices |
+--------------+-----------------------+------------------------+-----------------+--------------+
| No           | No                    | No                     |             163 |           66 |
| No           | No                    | Yes                    |               8 |            3 |
| No           | Yes                   | No                     |             132 |           45 |
| Yes          | No                    | No                     |             909 |          293 |
| Yes          | No                    | Yes                    |               0 |            0 |
| Yes          | Yes                   | No                     |             885 |          241 |
+--------------+-----------------------+------------------------+-----------------+--------------+


4. Detailed Control Set Information
-----------------------------------

+-------------------------------------------------+----------------------------------------------------------------------------------------------------------------------------------------------------------------+--------------------------------------------------------------------------------------------------------------------------------------------+------------------+----------------+
|                   Clock Signal                  |                                                                          Enable Signal                                                                         |                                                              Set/Reset Signal                                                              | Slice Load Count | Bel Load Count |
+-------------------------------------------------+----------------------------------------------------------------------------------------------------------------------------------------------------------------+--------------------------------------------------------------------------------------------------------------------------------------------+------------------+----------------+
|  design_1_i/processing_system7_0/inst/FCLK_CLK0 | design_1_i/ps7_0_axi_periph/s00_couplers/auto_pc/inst/gen_axilite.gen_b2s_conv.axilite_b2s/WR.b_channel_0/bid_fifo_0/bresp_push                                |                                                                                                                                            |                1 |              2 |
|  design_1_i/processing_system7_0/inst/FCLK_CLK0 |                                                                                                                                                                | design_1_i/ps7_0_axi_periph/s00_couplers/auto_pc/inst/gen_axilite.gen_b2s_conv.axilite_b2s/SI_REG/ar.ar_pipe/m_valid_i_reg_0               |                2 |              4 |
|  design_1_i/processing_system7_0/inst/FCLK_CLK0 |                                                                                                                                                                | design_1_i/ps7_0_axi_periph/s00_couplers/auto_pc/inst/gen_axilite.gen_b2s_conv.axilite_b2s/SI_REG/aw.aw_pipe/s_ready_i_reg_0               |                1 |              4 |
|  design_1_i/processing_system7_0/inst/FCLK_CLK0 | design_1_i/ps7_0_axi_periph/s00_couplers/auto_pc/inst/gen_axilite.gen_b2s_conv.axilite_b2s/RD.ar_channel_0/ar_cmd_fsm_0/E[0]                                   | design_1_i/ps7_0_axi_periph/s00_couplers/auto_pc/inst/gen_axilite.gen_b2s_conv.axilite_b2s/RD.ar_channel_0/ar_cmd_fsm_0/axlen_cnt_reg[7]   |                2 |              4 |
|  design_1_i/processing_system7_0/inst/FCLK_CLK0 | design_1_i/ps7_0_axi_periph/s00_couplers/auto_pc/inst/gen_axilite.gen_b2s_conv.axilite_b2s/WR.aw_channel_0/aw_cmd_fsm_0/axaddr_wrap_reg[11][0]                 | design_1_i/ps7_0_axi_periph/s00_couplers/auto_pc/inst/gen_axilite.gen_b2s_conv.axilite_b2s/WR.aw_channel_0/aw_cmd_fsm_0/axlen_cnt_reg[7]_1 |                1 |              4 |
|  design_1_i/processing_system7_0/inst/FCLK_CLK0 | design_1_i/Sorting_0/inst/Sorting_v2_0_S00_AXI_inst/axi_arready0                                                                                               | design_1_i/Sorting_0/inst/Sorting_v2_0_S00_AXI_inst/axi_awready_i_1_n_0                                                                    |                1 |              5 |
|  design_1_i/processing_system7_0/inst/FCLK_CLK0 | design_1_i/Sorting_0/inst/Sorting_v2_0_S00_AXI_inst/axi_awready0                                                                                               | design_1_i/Sorting_0/inst/Sorting_v2_0_S00_AXI_inst/axi_awready_i_1_n_0                                                                    |                1 |              5 |
|  design_1_i/processing_system7_0/inst/FCLK_CLK0 |                                                                                                                                                                | design_1_i/rst_ps7_0_100M/U0/EXT_LPF/lpf_int                                                                                               |                3 |              5 |
|  design_1_i/processing_system7_0/inst/FCLK_CLK0 | design_1_i/rst_ps7_0_100M/U0/SEQ/seq_cnt_en                                                                                                                    | design_1_i/rst_ps7_0_100M/U0/SEQ/SEQ_COUNTER/clear                                                                                         |                1 |              6 |
|  design_1_i/processing_system7_0/inst/FCLK_CLK0 |                                                                                                                                                                | design_1_i/Sorting_0/inst/Sorting_v2_0_S00_AXI_inst/axi_awready_i_1_n_0                                                                    |                2 |              6 |
|  design_1_i/processing_system7_0/inst/FCLK_CLK0 | design_1_i/Arithmetic_0/inst/Arithmetic_v1_0_S00_AXI_inst/slv_reg0[23]_i_1_n_0                                                                                 | design_1_i/Arithmetic_0/inst/Arithmetic_v1_0_S00_AXI_inst/axi_awready_i_1_n_0                                                              |                1 |              8 |
|  design_1_i/processing_system7_0/inst/FCLK_CLK0 | design_1_i/Sorting_0/inst/Sorting_v2_0_S00_AXI_inst/slv_reg5[15]_i_1_n_0                                                                                       | design_1_i/Sorting_0/inst/Sorting_v2_0_S00_AXI_inst/axi_awready_i_1_n_0                                                                    |                2 |              8 |
|  design_1_i/processing_system7_0/inst/FCLK_CLK0 | design_1_i/Sorting_0/inst/Sorting_v2_0_S00_AXI_inst/slv_reg6[15]_i_1_n_0                                                                                       | design_1_i/Sorting_0/inst/Sorting_v2_0_S00_AXI_inst/axi_awready_i_1_n_0                                                                    |                1 |              8 |
|  design_1_i/processing_system7_0/inst/FCLK_CLK0 | design_1_i/Sorting_0/inst/Sorting_v2_0_S00_AXI_inst/slv_reg8[31]_i_1_n_0                                                                                       | design_1_i/Sorting_0/inst/Sorting_v2_0_S00_AXI_inst/axi_awready_i_1_n_0                                                                    |                2 |              8 |
|  design_1_i/processing_system7_0/inst/FCLK_CLK0 |                                                                                                                                                                | design_1_i/PWM_ctrl_0/inst/PWM_ctrl_v2_0_S00_AXI_inst/rst                                                                                  |                3 |              8 |
|  design_1_i/processing_system7_0/inst/FCLK_CLK0 | design_1_i/Sorting_0/inst/Sorting_v2_0_S00_AXI_inst/slv_reg4[15]_i_1_n_0                                                                                       | design_1_i/Sorting_0/inst/Sorting_v2_0_S00_AXI_inst/axi_awready_i_1_n_0                                                                    |                1 |              8 |
|  design_1_i/processing_system7_0/inst/FCLK_CLK0 | design_1_i/Sorting_0/inst/Sorting_v2_0_S00_AXI_inst/slv_reg7[31]_i_1_n_0                                                                                       | design_1_i/Sorting_0/inst/Sorting_v2_0_S00_AXI_inst/axi_awready_i_1_n_0                                                                    |                1 |              8 |
|  design_1_i/processing_system7_0/inst/FCLK_CLK0 | design_1_i/Sorting_0/inst/Sorting_v2_0_S00_AXI_inst/p_1_in[15]                                                                                                 | design_1_i/Sorting_0/inst/Sorting_v2_0_S00_AXI_inst/axi_awready_i_1_n_0                                                                    |                8 |              8 |
|  design_1_i/processing_system7_0/inst/FCLK_CLK0 | design_1_i/Arithmetic_0/inst/Arithmetic_v1_0_S00_AXI_inst/slv_reg0[7]_i_1_n_0                                                                                  | design_1_i/Arithmetic_0/inst/Arithmetic_v1_0_S00_AXI_inst/axi_awready_i_1_n_0                                                              |                3 |              8 |
|  design_1_i/processing_system7_0/inst/FCLK_CLK0 | design_1_i/Arithmetic_0/inst/Arithmetic_v1_0_S00_AXI_inst/slv_reg2[31]_i_1_n_0                                                                                 | design_1_i/Arithmetic_0/inst/Arithmetic_v1_0_S00_AXI_inst/axi_awready_i_1_n_0                                                              |                2 |              8 |
|  design_1_i/processing_system7_0/inst/FCLK_CLK0 | design_1_i/Arithmetic_0/inst/Arithmetic_v1_0_S00_AXI_inst/slv_reg2[7]_i_1_n_0                                                                                  | design_1_i/Arithmetic_0/inst/Arithmetic_v1_0_S00_AXI_inst/axi_awready_i_1_n_0                                                              |                4 |              8 |
|  design_1_i/processing_system7_0/inst/FCLK_CLK0 | design_1_i/Sorting_0/inst/Sorting_v2_0_S00_AXI_inst/p_1_in[23]                                                                                                 | design_1_i/Sorting_0/inst/Sorting_v2_0_S00_AXI_inst/axi_awready_i_1_n_0                                                                    |                8 |              8 |
|  design_1_i/processing_system7_0/inst/FCLK_CLK0 | design_1_i/ParityGenerator_0/inst/ParityGenerator_v1_0_S00_AXI_inst/slv_reg0[15]_i_1_n_0                                                                       | design_1_i/ParityGenerator_0/inst/ParityGenerator_v1_0_S00_AXI_inst/axi_awready_i_1_n_0                                                    |                2 |              8 |
|  design_1_i/processing_system7_0/inst/FCLK_CLK0 | design_1_i/Arithmetic_0/inst/Arithmetic_v1_0_S00_AXI_inst/slv_reg0[15]_i_1_n_0                                                                                 | design_1_i/Arithmetic_0/inst/Arithmetic_v1_0_S00_AXI_inst/axi_awready_i_1_n_0                                                              |                3 |              8 |
|  design_1_i/processing_system7_0/inst/FCLK_CLK0 | design_1_i/Arithmetic_0/inst/Arithmetic_v1_0_S00_AXI_inst/slv_reg0[31]_i_1_n_0                                                                                 | design_1_i/Arithmetic_0/inst/Arithmetic_v1_0_S00_AXI_inst/axi_awready_i_1_n_0                                                              |                2 |              8 |
|  design_1_i/processing_system7_0/inst/FCLK_CLK0 | design_1_i/Arithmetic_0/inst/Arithmetic_v1_0_S00_AXI_inst/slv_reg2[15]_i_1_n_0                                                                                 | design_1_i/Arithmetic_0/inst/Arithmetic_v1_0_S00_AXI_inst/axi_awready_i_1_n_0                                                              |                2 |              8 |
|  design_1_i/processing_system7_0/inst/FCLK_CLK0 | design_1_i/Arithmetic_0/inst/Arithmetic_v1_0_S00_AXI_inst/slv_reg2[23]_i_1_n_0                                                                                 | design_1_i/Arithmetic_0/inst/Arithmetic_v1_0_S00_AXI_inst/axi_awready_i_1_n_0                                                              |                1 |              8 |
|  design_1_i/processing_system7_0/inst/FCLK_CLK0 | design_1_i/Arithmetic_0/inst/Arithmetic_v1_0_S00_AXI_inst/p_1_in[15]                                                                                           | design_1_i/Arithmetic_0/inst/Arithmetic_v1_0_S00_AXI_inst/axi_awready_i_1_n_0                                                              |                4 |              8 |
|  design_1_i/processing_system7_0/inst/FCLK_CLK0 | design_1_i/Arithmetic_0/inst/Arithmetic_v1_0_S00_AXI_inst/p_1_in[23]                                                                                           | design_1_i/Arithmetic_0/inst/Arithmetic_v1_0_S00_AXI_inst/axi_awready_i_1_n_0                                                              |                2 |              8 |
|  design_1_i/processing_system7_0/inst/FCLK_CLK0 | design_1_i/Arithmetic_0/inst/Arithmetic_v1_0_S00_AXI_inst/p_1_in[31]                                                                                           | design_1_i/Arithmetic_0/inst/Arithmetic_v1_0_S00_AXI_inst/axi_awready_i_1_n_0                                                              |                3 |              8 |
|  design_1_i/processing_system7_0/inst/FCLK_CLK0 | design_1_i/Arithmetic_0/inst/Arithmetic_v1_0_S00_AXI_inst/p_1_in[7]                                                                                            | design_1_i/Arithmetic_0/inst/Arithmetic_v1_0_S00_AXI_inst/axi_awready_i_1_n_0                                                              |                2 |              8 |
|  design_1_i/processing_system7_0/inst/FCLK_CLK0 | design_1_i/ParityGenerator_0/inst/ParityGenerator_v1_0_S00_AXI_inst/slv_reg2[15]_i_1_n_0                                                                       | design_1_i/ParityGenerator_0/inst/ParityGenerator_v1_0_S00_AXI_inst/axi_awready_i_1_n_0                                                    |                2 |              8 |
|  design_1_i/processing_system7_0/inst/FCLK_CLK0 | design_1_i/ParityGenerator_0/inst/ParityGenerator_v1_0_S00_AXI_inst/slv_reg0[23]_i_1_n_0                                                                       | design_1_i/ParityGenerator_0/inst/ParityGenerator_v1_0_S00_AXI_inst/axi_awready_i_1_n_0                                                    |                2 |              8 |
|  design_1_i/processing_system7_0/inst/FCLK_CLK0 | design_1_i/ParityGenerator_0/inst/ParityGenerator_v1_0_S00_AXI_inst/slv_reg2[7]_i_1_n_0                                                                        | design_1_i/ParityGenerator_0/inst/ParityGenerator_v1_0_S00_AXI_inst/axi_awready_i_1_n_0                                                    |                1 |              8 |
|  design_1_i/processing_system7_0/inst/FCLK_CLK0 | design_1_i/ParityGenerator_0/inst/ParityGenerator_v1_0_S00_AXI_inst/p_1_in[7]                                                                                  | design_1_i/ParityGenerator_0/inst/ParityGenerator_v1_0_S00_AXI_inst/axi_awready_i_1_n_0                                                    |                1 |              8 |
|  design_1_i/processing_system7_0/inst/FCLK_CLK0 | design_1_i/ParityGenerator_0/inst/ParityGenerator_v1_0_S00_AXI_inst/slv_reg2[23]_i_1_n_0                                                                       | design_1_i/ParityGenerator_0/inst/ParityGenerator_v1_0_S00_AXI_inst/axi_awready_i_1_n_0                                                    |                1 |              8 |
|  design_1_i/processing_system7_0/inst/FCLK_CLK0 | design_1_i/Sorting_0/inst/Sorting_v2_0_S00_AXI_inst/p_1_in[31]                                                                                                 | design_1_i/Sorting_0/inst/Sorting_v2_0_S00_AXI_inst/axi_awready_i_1_n_0                                                                    |                8 |              8 |
|  design_1_i/processing_system7_0/inst/FCLK_CLK0 | design_1_i/ParityGenerator_0/inst/ParityGenerator_v1_0_S00_AXI_inst/p_1_in[15]                                                                                 | design_1_i/ParityGenerator_0/inst/ParityGenerator_v1_0_S00_AXI_inst/axi_awready_i_1_n_0                                                    |                1 |              8 |
|  design_1_i/processing_system7_0/inst/FCLK_CLK0 | design_1_i/ps7_0_axi_periph/s00_couplers/auto_pc/inst/gen_axilite.gen_b2s_conv.axilite_b2s/WR.b_channel_0/mhandshake_r                                         | design_1_i/ps7_0_axi_periph/s00_couplers/auto_pc/inst/gen_axilite.gen_b2s_conv.axilite_b2s/WR.b_channel_0/bid_fifo_0/SR[0]                 |                3 |              8 |
|  design_1_i/processing_system7_0/inst/FCLK_CLK0 | design_1_i/ParityGenerator_0/inst/ParityGenerator_v1_0_S00_AXI_inst/p_1_in[31]                                                                                 | design_1_i/ParityGenerator_0/inst/ParityGenerator_v1_0_S00_AXI_inst/axi_awready_i_1_n_0                                                    |                1 |              8 |
|  design_1_i/processing_system7_0/inst/FCLK_CLK0 | design_1_i/ParityGenerator_0/inst/ParityGenerator_v1_0_S00_AXI_inst/slv_reg0[31]_i_1_n_0                                                                       | design_1_i/ParityGenerator_0/inst/ParityGenerator_v1_0_S00_AXI_inst/axi_awready_i_1_n_0                                                    |                2 |              8 |
|  design_1_i/processing_system7_0/inst/FCLK_CLK0 | design_1_i/ParityGenerator_0/inst/ParityGenerator_v1_0_S00_AXI_inst/slv_reg2[31]_i_1_n_0                                                                       | design_1_i/ParityGenerator_0/inst/ParityGenerator_v1_0_S00_AXI_inst/axi_awready_i_1_n_0                                                    |                2 |              8 |
|  design_1_i/processing_system7_0/inst/FCLK_CLK0 | design_1_i/ParityGenerator_0/inst/ParityGenerator_v1_0_S00_AXI_inst/slv_reg0[7]_i_1_n_0                                                                        | design_1_i/ParityGenerator_0/inst/ParityGenerator_v1_0_S00_AXI_inst/axi_awready_i_1_n_0                                                    |                3 |              8 |
|  design_1_i/processing_system7_0/inst/FCLK_CLK0 | design_1_i/ParityGenerator_0/inst/ParityGenerator_v1_0_S00_AXI_inst/p_1_in[23]                                                                                 | design_1_i/ParityGenerator_0/inst/ParityGenerator_v1_0_S00_AXI_inst/axi_awready_i_1_n_0                                                    |                1 |              8 |
|  design_1_i/processing_system7_0/inst/FCLK_CLK0 | design_1_i/PWM_ctrl_0/inst/PWM_ctrl_v2_0_S00_AXI_inst/slv_reg0[15]_i_1_n_0                                                                                     | design_1_i/PWM_ctrl_0/inst/PWM_ctrl_v2_0_S00_AXI_inst/axi_awready_i_1_n_0                                                                  |                1 |              8 |
|  design_1_i/processing_system7_0/inst/FCLK_CLK0 | design_1_i/PWM_ctrl_0/inst/PWM_ctrl_v2_0_S00_AXI_inst/slv_reg0[23]_i_1_n_0                                                                                     | design_1_i/PWM_ctrl_0/inst/PWM_ctrl_v2_0_S00_AXI_inst/axi_awready_i_1_n_0                                                                  |                1 |              8 |
|  design_1_i/processing_system7_0/inst/FCLK_CLK0 | design_1_i/PWM_ctrl_0/inst/PWM_ctrl_v2_0_S00_AXI_inst/slv_reg0[31]_i_1_n_0                                                                                     | design_1_i/PWM_ctrl_0/inst/PWM_ctrl_v2_0_S00_AXI_inst/axi_awready_i_1_n_0                                                                  |                1 |              8 |
|  design_1_i/processing_system7_0/inst/FCLK_CLK0 | design_1_i/PWM_ctrl_0/inst/PWM_ctrl_v2_0_S00_AXI_inst/slv_reg0[7]_i_1_n_0                                                                                      | design_1_i/PWM_ctrl_0/inst/PWM_ctrl_v2_0_S00_AXI_inst/axi_awready_i_1_n_0                                                                  |                1 |              8 |
|  design_1_i/processing_system7_0/inst/FCLK_CLK0 | design_1_i/PWM_ctrl_0/inst/PWM_ctrl_v2_0_S00_AXI_inst/slv_reg2[23]_i_1_n_0                                                                                     | design_1_i/PWM_ctrl_0/inst/PWM_ctrl_v2_0_S00_AXI_inst/axi_awready_i_1_n_0                                                                  |                1 |              8 |
|  design_1_i/processing_system7_0/inst/FCLK_CLK0 | design_1_i/PWM_ctrl_0/inst/PWM_ctrl_v2_0_S00_AXI_inst/slv_reg2[7]_i_1_n_0                                                                                      | design_1_i/PWM_ctrl_0/inst/PWM_ctrl_v2_0_S00_AXI_inst/axi_awready_i_1_n_0                                                                  |                1 |              8 |
|  design_1_i/processing_system7_0/inst/FCLK_CLK0 | design_1_i/ps7_0_axi_periph/s00_couplers/auto_pc/inst/gen_axilite.gen_b2s_conv.axilite_b2s/WR.aw_channel_0/aw_cmd_fsm_0/E[0]                                   |                                                                                                                                            |                4 |              8 |
|  design_1_i/processing_system7_0/inst/FCLK_CLK0 | design_1_i/PWM_ctrl_0/inst/PWM_ctrl_v2_0_S00_AXI_inst/p_1_in[15]                                                                                               | design_1_i/PWM_ctrl_0/inst/PWM_ctrl_v2_0_S00_AXI_inst/axi_awready_i_1_n_0                                                                  |                1 |              8 |
|  design_1_i/processing_system7_0/inst/FCLK_CLK0 | design_1_i/PWM_ctrl_0/inst/PWM_ctrl_v2_0_S00_AXI_inst/p_1_in[7]                                                                                                | design_1_i/PWM_ctrl_0/inst/PWM_ctrl_v2_0_S00_AXI_inst/axi_awready_i_1_n_0                                                                  |                1 |              8 |
|  design_1_i/processing_system7_0/inst/FCLK_CLK0 | design_1_i/PWM_ctrl_0/inst/PWM_ctrl_v2_0_S00_AXI_inst/p_1_in[31]                                                                                               | design_1_i/PWM_ctrl_0/inst/PWM_ctrl_v2_0_S00_AXI_inst/axi_awready_i_1_n_0                                                                  |                1 |              8 |
|  design_1_i/processing_system7_0/inst/FCLK_CLK0 | design_1_i/PWM_ctrl_0/inst/PWM_ctrl_v2_0_S00_AXI_inst/slv_reg2[31]_i_1_n_0                                                                                     | design_1_i/PWM_ctrl_0/inst/PWM_ctrl_v2_0_S00_AXI_inst/axi_awready_i_1_n_0                                                                  |                2 |              8 |
|  design_1_i/processing_system7_0/inst/FCLK_CLK0 | design_1_i/PWM_ctrl_0/inst/PWM_ctrl_v2_0_S00_AXI_inst/slv_reg2[15]_i_1_n_0                                                                                     | design_1_i/PWM_ctrl_0/inst/PWM_ctrl_v2_0_S00_AXI_inst/axi_awready_i_1_n_0                                                                  |                1 |              8 |
|  design_1_i/processing_system7_0/inst/FCLK_CLK0 | design_1_i/PWM_ctrl_0/inst/PWM_ctrl_v2_0_S00_AXI_inst/p_1_in[23]                                                                                               | design_1_i/PWM_ctrl_0/inst/PWM_ctrl_v2_0_S00_AXI_inst/axi_awready_i_1_n_0                                                                  |                1 |              8 |
|  design_1_i/processing_system7_0/inst/FCLK_CLK0 | design_1_i/ps7_0_axi_periph/s00_couplers/auto_pc/inst/gen_axilite.gen_b2s_conv.axilite_b2s/WR.aw_channel_0/cmd_translator_0/incr_cmd_0/axaddr_incr[11]_i_1_n_0 |                                                                                                                                            |                2 |              8 |
|  design_1_i/processing_system7_0/inst/FCLK_CLK0 | design_1_i/ps7_0_axi_periph/s00_couplers/auto_pc/inst/gen_axilite.gen_b2s_conv.axilite_b2s/RD.ar_channel_0/ar_cmd_fsm_0/axaddr_incr_reg[0][0]                  |                                                                                                                                            |                2 |              8 |
|  design_1_i/processing_system7_0/inst/FCLK_CLK0 | design_1_i/ps7_0_axi_periph/s00_couplers/auto_pc/inst/gen_axilite.gen_b2s_conv.axilite_b2s/RD.ar_channel_0/ar_cmd_fsm_0/wrap_boundary_axaddr_r_reg[11][0]      |                                                                                                                                            |                4 |              8 |
|  design_1_i/processing_system7_0/inst/FCLK_CLK0 | design_1_i/djb2_0/inst/djb2_v3_0_S00_AXI_inst/slv_reg0[23]_i_1_n_0                                                                                             | design_1_i/djb2_0/inst/djb2_v3_0_S00_AXI_inst/axi_awready_i_1_n_0                                                                          |                2 |              8 |
|  design_1_i/processing_system7_0/inst/FCLK_CLK0 | design_1_i/djb2_0/inst/djb2_v3_0_S00_AXI_inst/p_1_in[23]                                                                                                       | design_1_i/djb2_0/inst/djb2_v3_0_S00_AXI_inst/axi_awready_i_1_n_0                                                                          |                2 |              8 |
|  design_1_i/processing_system7_0/inst/FCLK_CLK0 | design_1_i/djb2_0/inst/djb2_v3_0_S00_AXI_inst/slv_reg0[15]_i_1_n_0                                                                                             | design_1_i/djb2_0/inst/djb2_v3_0_S00_AXI_inst/axi_awready_i_1_n_0                                                                          |                2 |              8 |
|  design_1_i/processing_system7_0/inst/FCLK_CLK0 | design_1_i/djb2_0/inst/djb2_v3_0_S00_AXI_inst/slv_reg1[23]_i_1_n_0                                                                                             | design_1_i/djb2_0/inst/djb2_v3_0_S00_AXI_inst/axi_awready_i_1_n_0                                                                          |                4 |              8 |
|  design_1_i/processing_system7_0/inst/FCLK_CLK0 | design_1_i/djb2_0/inst/djb2_v3_0_S00_AXI_inst/slv_reg1[15]_i_1_n_0                                                                                             | design_1_i/djb2_0/inst/djb2_v3_0_S00_AXI_inst/axi_awready_i_1_n_0                                                                          |                2 |              8 |
|  design_1_i/processing_system7_0/inst/FCLK_CLK0 | design_1_i/djb2_0/inst/djb2_v3_0_S00_AXI_inst/slv_reg0[7]_i_1_n_0                                                                                              | design_1_i/djb2_0/inst/djb2_v3_0_S00_AXI_inst/axi_awready_i_1_n_0                                                                          |                1 |              8 |
|  design_1_i/processing_system7_0/inst/FCLK_CLK0 | design_1_i/djb2_0/inst/djb2_v3_0_S00_AXI_inst/p_1_in[31]                                                                                                       | design_1_i/djb2_0/inst/djb2_v3_0_S00_AXI_inst/axi_awready_i_1_n_0                                                                          |                1 |              8 |
|  design_1_i/processing_system7_0/inst/FCLK_CLK0 | design_1_i/djb2_0/inst/djb2_v3_0_S00_AXI_inst/slv_reg0[31]_i_1_n_0                                                                                             | design_1_i/djb2_0/inst/djb2_v3_0_S00_AXI_inst/axi_awready_i_1_n_0                                                                          |                1 |              8 |
|  design_1_i/processing_system7_0/inst/FCLK_CLK0 | design_1_i/djb2_0/inst/djb2_v3_0_S00_AXI_inst/slv_reg1[31]_i_1_n_0                                                                                             | design_1_i/djb2_0/inst/djb2_v3_0_S00_AXI_inst/axi_awready_i_1_n_0                                                                          |                1 |              8 |
|  design_1_i/processing_system7_0/inst/FCLK_CLK0 | design_1_i/djb2_0/inst/djb2_v3_0_S00_AXI_inst/p_1_in[7]                                                                                                        | design_1_i/djb2_0/inst/djb2_v3_0_S00_AXI_inst/axi_awready_i_1_n_0                                                                          |                1 |              8 |
|  design_1_i/processing_system7_0/inst/FCLK_CLK0 | design_1_i/djb2_0/inst/djb2_v3_0_S00_AXI_inst/p_1_in[15]                                                                                                       | design_1_i/djb2_0/inst/djb2_v3_0_S00_AXI_inst/axi_awready_i_1_n_0                                                                          |                1 |              8 |
|  design_1_i/processing_system7_0/inst/FCLK_CLK0 | design_1_i/djb2_0/inst/djb2_v3_0_S00_AXI_inst/slv_reg1[7]_i_1_n_0                                                                                              | design_1_i/djb2_0/inst/djb2_v3_0_S00_AXI_inst/axi_awready_i_1_n_0                                                                          |                1 |              8 |
|  design_1_i/processing_system7_0/inst/FCLK_CLK0 | design_1_i/Sorting_0/inst/Sorting_v2_0_S00_AXI_inst/slv_reg1[31]_i_1_n_0                                                                                       | design_1_i/Sorting_0/inst/Sorting_v2_0_S00_AXI_inst/axi_awready_i_1_n_0                                                                    |                1 |              8 |
|  design_1_i/processing_system7_0/inst/FCLK_CLK0 | design_1_i/Sorting_0/inst/Sorting_v2_0_S00_AXI_inst/slv_reg1[23]_i_1_n_0                                                                                       | design_1_i/Sorting_0/inst/Sorting_v2_0_S00_AXI_inst/axi_awready_i_1_n_0                                                                    |                2 |              8 |
|  design_1_i/processing_system7_0/inst/FCLK_CLK0 | design_1_i/Sorting_0/inst/Sorting_v2_0_S00_AXI_inst/slv_reg5[23]_i_1_n_0                                                                                       | design_1_i/Sorting_0/inst/Sorting_v2_0_S00_AXI_inst/axi_awready_i_1_n_0                                                                    |                2 |              8 |
|  design_1_i/processing_system7_0/inst/FCLK_CLK0 | design_1_i/Sorting_0/inst/Sorting_v2_0_S00_AXI_inst/slv_reg8[15]_i_1_n_0                                                                                       | design_1_i/Sorting_0/inst/Sorting_v2_0_S00_AXI_inst/axi_awready_i_1_n_0                                                                    |                1 |              8 |
|  design_1_i/processing_system7_0/inst/FCLK_CLK0 | design_1_i/Sorting_0/inst/Sorting_v2_0_S00_AXI_inst/slv_reg5[31]_i_1_n_0                                                                                       | design_1_i/Sorting_0/inst/Sorting_v2_0_S00_AXI_inst/axi_awready_i_1_n_0                                                                    |                2 |              8 |
|  design_1_i/processing_system7_0/inst/FCLK_CLK0 | design_1_i/Sorting_0/inst/Sorting_v2_0_S00_AXI_inst/slv_reg1[15]_i_1_n_0                                                                                       | design_1_i/Sorting_0/inst/Sorting_v2_0_S00_AXI_inst/axi_awready_i_1_n_0                                                                    |                1 |              8 |
|  design_1_i/processing_system7_0/inst/FCLK_CLK0 | design_1_i/Sorting_0/inst/Sorting_v2_0_S00_AXI_inst/p_1_in[7]                                                                                                  | design_1_i/Sorting_0/inst/Sorting_v2_0_S00_AXI_inst/axi_awready_i_1_n_0                                                                    |                8 |              8 |
|  design_1_i/processing_system7_0/inst/FCLK_CLK0 | design_1_i/Sorting_0/inst/Sorting_v2_0_S00_AXI_inst/slv_reg7[15]_i_1_n_0                                                                                       | design_1_i/Sorting_0/inst/Sorting_v2_0_S00_AXI_inst/axi_awready_i_1_n_0                                                                    |                2 |              8 |
|  design_1_i/processing_system7_0/inst/FCLK_CLK0 | design_1_i/Sorting_0/inst/Sorting_v2_0_S00_AXI_inst/slv_reg8[23]_i_1_n_0                                                                                       | design_1_i/Sorting_0/inst/Sorting_v2_0_S00_AXI_inst/axi_awready_i_1_n_0                                                                    |                1 |              8 |
|  design_1_i/processing_system7_0/inst/FCLK_CLK0 | design_1_i/Sorting_0/inst/Sorting_v2_0_S00_AXI_inst/slv_reg3[15]_i_1_n_0                                                                                       | design_1_i/Sorting_0/inst/Sorting_v2_0_S00_AXI_inst/axi_awready_i_1_n_0                                                                    |                1 |              8 |
|  design_1_i/processing_system7_0/inst/FCLK_CLK0 | design_1_i/Sorting_0/inst/Sorting_v2_0_S00_AXI_inst/slv_reg6[31]_i_1_n_0                                                                                       | design_1_i/Sorting_0/inst/Sorting_v2_0_S00_AXI_inst/axi_awready_i_1_n_0                                                                    |                2 |              8 |
|  design_1_i/processing_system7_0/inst/FCLK_CLK0 | design_1_i/Sorting_0/inst/Sorting_v2_0_S00_AXI_inst/slv_reg8[7]_i_1_n_0                                                                                        | design_1_i/Sorting_0/inst/Sorting_v2_0_S00_AXI_inst/axi_awready_i_1_n_0                                                                    |                1 |              8 |
|  design_1_i/processing_system7_0/inst/FCLK_CLK0 | design_1_i/Sorting_0/inst/Sorting_v2_0_S00_AXI_inst/slv_reg2[7]_i_1_n_0                                                                                        | design_1_i/Sorting_0/inst/Sorting_v2_0_S00_AXI_inst/axi_awready_i_1_n_0                                                                    |                1 |              8 |
|  design_1_i/processing_system7_0/inst/FCLK_CLK0 | design_1_i/Sorting_0/inst/Sorting_v2_0_S00_AXI_inst/slv_reg6[23]_i_1_n_0                                                                                       | design_1_i/Sorting_0/inst/Sorting_v2_0_S00_AXI_inst/axi_awready_i_1_n_0                                                                    |                2 |              8 |
|  design_1_i/processing_system7_0/inst/FCLK_CLK0 | design_1_i/Sorting_0/inst/Sorting_v2_0_S00_AXI_inst/slv_reg2[15]_i_1_n_0                                                                                       | design_1_i/Sorting_0/inst/Sorting_v2_0_S00_AXI_inst/axi_awready_i_1_n_0                                                                    |                2 |              8 |
|  design_1_i/processing_system7_0/inst/FCLK_CLK0 | design_1_i/Sorting_0/inst/Sorting_v2_0_S00_AXI_inst/slv_reg4[23]_i_1_n_0                                                                                       | design_1_i/Sorting_0/inst/Sorting_v2_0_S00_AXI_inst/axi_awready_i_1_n_0                                                                    |                2 |              8 |
|  design_1_i/processing_system7_0/inst/FCLK_CLK0 | design_1_i/Sorting_0/inst/Sorting_v2_0_S00_AXI_inst/slv_reg4[7]_i_1_n_0                                                                                        | design_1_i/Sorting_0/inst/Sorting_v2_0_S00_AXI_inst/axi_awready_i_1_n_0                                                                    |                1 |              8 |
|  design_1_i/processing_system7_0/inst/FCLK_CLK0 | design_1_i/Sorting_0/inst/Sorting_v2_0_S00_AXI_inst/slv_reg5[7]_i_1_n_0                                                                                        | design_1_i/Sorting_0/inst/Sorting_v2_0_S00_AXI_inst/axi_awready_i_1_n_0                                                                    |                1 |              8 |
|  design_1_i/processing_system7_0/inst/FCLK_CLK0 | design_1_i/Sorting_0/inst/Sorting_v2_0_S00_AXI_inst/slv_reg3[31]_i_1_n_0                                                                                       | design_1_i/Sorting_0/inst/Sorting_v2_0_S00_AXI_inst/axi_awready_i_1_n_0                                                                    |                1 |              8 |
|  design_1_i/processing_system7_0/inst/FCLK_CLK0 | design_1_i/Sorting_0/inst/Sorting_v2_0_S00_AXI_inst/slv_reg7[7]_i_1_n_0                                                                                        | design_1_i/Sorting_0/inst/Sorting_v2_0_S00_AXI_inst/axi_awready_i_1_n_0                                                                    |                1 |              8 |
|  design_1_i/processing_system7_0/inst/FCLK_CLK0 | design_1_i/Sorting_0/inst/Sorting_v2_0_S00_AXI_inst/slv_reg6[7]_i_1_n_0                                                                                        | design_1_i/Sorting_0/inst/Sorting_v2_0_S00_AXI_inst/axi_awready_i_1_n_0                                                                    |                3 |              8 |
|  design_1_i/processing_system7_0/inst/FCLK_CLK0 | design_1_i/Sorting_0/inst/Sorting_v2_0_S00_AXI_inst/slv_reg7[23]_i_1_n_0                                                                                       | design_1_i/Sorting_0/inst/Sorting_v2_0_S00_AXI_inst/axi_awready_i_1_n_0                                                                    |                4 |              8 |
|  design_1_i/processing_system7_0/inst/FCLK_CLK0 | design_1_i/Sorting_0/inst/Sorting_v2_0_S00_AXI_inst/slv_reg1[7]_i_1_n_0                                                                                        | design_1_i/Sorting_0/inst/Sorting_v2_0_S00_AXI_inst/axi_awready_i_1_n_0                                                                    |                2 |              8 |
|  design_1_i/processing_system7_0/inst/FCLK_CLK0 | design_1_i/Sorting_0/inst/Sorting_v2_0_S00_AXI_inst/slv_reg2[23]_i_1_n_0                                                                                       | design_1_i/Sorting_0/inst/Sorting_v2_0_S00_AXI_inst/axi_awready_i_1_n_0                                                                    |                1 |              8 |
|  design_1_i/processing_system7_0/inst/FCLK_CLK0 | design_1_i/Sorting_0/inst/Sorting_v2_0_S00_AXI_inst/slv_reg2[31]_i_1_n_0                                                                                       | design_1_i/Sorting_0/inst/Sorting_v2_0_S00_AXI_inst/axi_awready_i_1_n_0                                                                    |                1 |              8 |
|  design_1_i/processing_system7_0/inst/FCLK_CLK0 | design_1_i/Sorting_0/inst/Sorting_v2_0_S00_AXI_inst/slv_reg3[23]_i_1_n_0                                                                                       | design_1_i/Sorting_0/inst/Sorting_v2_0_S00_AXI_inst/axi_awready_i_1_n_0                                                                    |                1 |              8 |
|  design_1_i/processing_system7_0/inst/FCLK_CLK0 | design_1_i/Sorting_0/inst/Sorting_v2_0_S00_AXI_inst/slv_reg3[7]_i_1_n_0                                                                                        | design_1_i/Sorting_0/inst/Sorting_v2_0_S00_AXI_inst/axi_awready_i_1_n_0                                                                    |                2 |              8 |
|  design_1_i/processing_system7_0/inst/FCLK_CLK0 | design_1_i/Sorting_0/inst/Sorting_v2_0_S00_AXI_inst/slv_reg4[31]_i_1_n_0                                                                                       | design_1_i/Sorting_0/inst/Sorting_v2_0_S00_AXI_inst/axi_awready_i_1_n_0                                                                    |                2 |              8 |
|  design_1_i/processing_system7_0/inst/FCLK_CLK0 |                                                                                                                                                                | design_1_i/Arithmetic_0/inst/Arithmetic_v1_0_S00_AXI_inst/axi_awready_i_1_n_0                                                              |                4 |             10 |
|  design_1_i/processing_system7_0/inst/FCLK_CLK0 |                                                                                                                                                                | design_1_i/ParityGenerator_0/inst/ParityGenerator_v1_0_S00_AXI_inst/axi_awready_i_1_n_0                                                    |                4 |             10 |
|  design_1_i/processing_system7_0/inst/FCLK_CLK0 |                                                                                                                                                                | design_1_i/PWM_ctrl_0/inst/PWM_ctrl_v2_0_S00_AXI_inst/axi_awready_i_1_n_0                                                                  |                4 |             10 |
|  design_1_i/processing_system7_0/inst/FCLK_CLK0 |                                                                                                                                                                | design_1_i/djb2_0/inst/djb2_v3_0_S00_AXI_inst/axi_awready_i_1_n_0                                                                          |                5 |             10 |
|  design_1_i/processing_system7_0/inst/FCLK_CLK0 |                                                                                                                                                                | design_1_i/ps7_0_axi_periph/xbar/inst/gen_sasd.crossbar_sasd_0/addr_arbiter_inst/SR[0]                                                     |                5 |             13 |
|  design_1_i/processing_system7_0/inst/FCLK_CLK0 | design_1_i/ps7_0_axi_periph/s00_couplers/auto_pc/inst/gen_axilite.gen_b2s_conv.axilite_b2s/RD.r_channel_0/r_push_r                                             |                                                                                                                                            |                4 |             13 |
|  design_1_i/processing_system7_0/inst/FCLK_CLK0 | design_1_i/ps7_0_axi_periph/s00_couplers/auto_pc/inst/gen_axilite.gen_b2s_conv.axilite_b2s/SI_REG/b.b_pipe/p_1_in                                              |                                                                                                                                            |                2 |             14 |
|  design_1_i/processing_system7_0/inst/FCLK_CLK0 | design_1_i/ps7_0_axi_periph/s00_couplers/auto_pc/inst/gen_axilite.gen_b2s_conv.axilite_b2s/SI_REG/b.b_pipe/skid_buffer_reg[0]_0                                |                                                                                                                                            |                2 |             14 |
|  design_1_i/processing_system7_0/inst/FCLK_CLK0 | design_1_i/ps7_0_axi_periph/s00_couplers/auto_pc/inst/gen_axilite.gen_b2s_conv.axilite_b2s/RD.ar_channel_0/ar_cmd_fsm_0/E[0]                                   |                                                                                                                                            |                6 |             16 |
|  design_1_i/processing_system7_0/inst/FCLK_CLK0 | design_1_i/ps7_0_axi_periph/s00_couplers/auto_pc/inst/gen_axilite.gen_b2s_conv.axilite_b2s/WR.aw_channel_0/aw_cmd_fsm_0/axaddr_wrap_reg[11][0]                 |                                                                                                                                            |                6 |             16 |
|  design_1_i/processing_system7_0/inst/FCLK_CLK0 | design_1_i/ps7_0_axi_periph/s00_couplers/auto_pc/inst/gen_axilite.gen_b2s_conv.axilite_b2s/WR.aw_channel_0/aw_cmd_fsm_0/b_push                                 |                                                                                                                                            |                3 |             16 |
|  design_1_i/processing_system7_0/inst/FCLK_CLK0 | design_1_i/ps7_0_axi_periph/xbar/inst/gen_sasd.crossbar_sasd_0/addr_arbiter_inst/p_0_in1_in                                                                    | design_1_i/ps7_0_axi_periph/xbar/inst/gen_sasd.crossbar_sasd_0/addr_arbiter_inst/SR[0]                                                     |                8 |             21 |
|  design_1_i/processing_system7_0/inst/FCLK_CLK0 | design_1_i/Arithmetic_0/inst/Arithmetic_v1_0_S00_AXI_inst/slv_reg_rden__0                                                                                      | design_1_i/Arithmetic_0/inst/Arithmetic_v1_0_S00_AXI_inst/axi_awready_i_1_n_0                                                              |               12 |             32 |
|  design_1_i/processing_system7_0/inst/FCLK_CLK0 | design_1_i/ParityGenerator_0/inst/ParityGenerator_v1_0_S00_AXI_inst/slv_reg_rden__0                                                                            | design_1_i/ParityGenerator_0/inst/ParityGenerator_v1_0_S00_AXI_inst/axi_awready_i_1_n_0                                                    |               13 |             32 |
|  design_1_i/processing_system7_0/inst/FCLK_CLK0 | design_1_i/PWM_ctrl_0/inst/PWM_ctrl_v2_0_S00_AXI_inst/slv_reg_rden__0                                                                                          | design_1_i/PWM_ctrl_0/inst/PWM_ctrl_v2_0_S00_AXI_inst/axi_awready_i_1_n_0                                                                  |               12 |             32 |
|  design_1_i/processing_system7_0/inst/FCLK_CLK0 | design_1_i/Sorting_0/inst/Sorting_v2_0_S00_AXI_inst/slv_reg_rden__0                                                                                            | design_1_i/Sorting_0/inst/Sorting_v2_0_S00_AXI_inst/axi_awready_i_1_n_0                                                                    |               12 |             32 |
|  design_1_i/processing_system7_0/inst/FCLK_CLK0 | design_1_i/djb2_0/inst/djb2_v3_0_S00_AXI_inst/slv_reg_rden__0                                                                                                  | design_1_i/djb2_0/inst/djb2_v3_0_S00_AXI_inst/axi_awready_i_1_n_0                                                                          |               13 |             32 |
|  design_1_i/processing_system7_0/inst/FCLK_CLK0 | design_1_i/ps7_0_axi_periph/s00_couplers/auto_pc/inst/gen_axilite.gen_b2s_conv.axilite_b2s/RD.r_channel_0/rd_data_fifo_0/wr_en0                                |                                                                                                                                            |                9 |             34 |
|  design_1_i/processing_system7_0/inst/FCLK_CLK0 | design_1_i/ps7_0_axi_periph/xbar/inst/gen_sasd.crossbar_sasd_0/addr_arbiter_inst/E[0]                                                                          |                                                                                                                                            |               11 |             35 |
|  design_1_i/processing_system7_0/inst/FCLK_CLK0 | design_1_i/ps7_0_axi_periph/s00_couplers/auto_pc/inst/gen_axilite.gen_b2s_conv.axilite_b2s/RD.ar_channel_0/ar_cmd_fsm_0/m_payload_i_reg[0]_1[0]                |                                                                                                                                            |                9 |             44 |
|  design_1_i/processing_system7_0/inst/FCLK_CLK0 | design_1_i/ps7_0_axi_periph/s00_couplers/auto_pc/inst/gen_axilite.gen_b2s_conv.axilite_b2s/WR.aw_channel_0/aw_cmd_fsm_0/m_payload_i_reg[0][0]                  |                                                                                                                                            |                8 |             44 |
|  design_1_i/processing_system7_0/inst/FCLK_CLK0 | design_1_i/ps7_0_axi_periph/s00_couplers/auto_pc/inst/gen_axilite.gen_b2s_conv.axilite_b2s/SI_REG/ar.ar_pipe/s_axi_arready                                     |                                                                                                                                            |               10 |             44 |
|  design_1_i/processing_system7_0/inst/FCLK_CLK0 | design_1_i/ps7_0_axi_periph/s00_couplers/auto_pc/inst/gen_axilite.gen_b2s_conv.axilite_b2s/SI_REG/aw.aw_pipe/s_axi_awready                                     |                                                                                                                                            |                9 |             44 |
|  design_1_i/processing_system7_0/inst/FCLK_CLK0 | design_1_i/ps7_0_axi_periph/s00_couplers/auto_pc/inst/gen_axilite.gen_b2s_conv.axilite_b2s/SI_REG/r.r_pipe/skid_buffer_reg[0]_0                                |                                                                                                                                            |               12 |             47 |
|  design_1_i/processing_system7_0/inst/FCLK_CLK0 | design_1_i/ps7_0_axi_periph/s00_couplers/auto_pc/inst/gen_axilite.gen_b2s_conv.axilite_b2s/SI_REG/r.r_pipe/p_1_in                                              |                                                                                                                                            |               11 |             47 |
|  design_1_i/processing_system7_0/inst/FCLK_CLK0 |                                                                                                                                                                | design_1_i/ps7_0_axi_periph/s00_couplers/auto_pc/inst/gen_axilite.gen_b2s_conv.axilite_b2s/areset_d1                                       |               15 |             60 |
|  design_1_i/processing_system7_0/inst/FCLK_CLK0 |                                                                                                                                                                |                                                                                                                                            |               67 |            164 |
|  design_1_i/processing_system7_0/inst/FCLK_CLK0 | design_1_i/Sorting_0/inst/Sorting_v2_0_S00_AXI_inst/slv_reg0[0]                                                                                                |                                                                                                                                            |               85 |            256 |
|  design_1_i/processing_system7_0/inst/FCLK_CLK0 | design_1_i/Sorting_0/inst/Sorting_v2_0_S00_AXI_inst/slv_reg0[1]                                                                                                |                                                                                                                                            |              110 |            256 |
+-------------------------------------------------+----------------------------------------------------------------------------------------------------------------------------------------------------------------+--------------------------------------------------------------------------------------------------------------------------------------------+------------------+----------------+


