02:55:12 **** Auto Build of configuration Debug for project morse ****
make pre-build main-build 
a9-linaro-pre-build-step
' '
'Building file: ../src/morse.c'
'Invoking: ARM v7 gcc compiler'
arm-none-eabi-gcc -Wall -O0 -g3 -c -fmessage-length=0 -MT"src/morse.o" -mcpu=cortex-a9 -mfpu=vfpv3 -mfloat-abi=hard -I../../morse_bsp/ps7_cortexa9_0/include -MMD -MP -MF"src/morse.d" -MT"src/morse.o" -o "src/morse.o" "../src/morse.c"
'Finished building: ../src/morse.c'
' '
'Building file: ../src/platform.c'
'Invoking: ARM v7 gcc compiler'
arm-none-eabi-gcc -Wall -O0 -g3 -c -fmessage-length=0 -MT"src/platform.o" -mcpu=cortex-a9 -mfpu=vfpv3 -mfloat-abi=hard -I../../morse_bsp/ps7_cortexa9_0/include -MMD -MP -MF"src/platform.d" -MT"src/platform.o" -o "src/platform.o" "../src/platform.c"
'Finished building: ../src/platform.c'
' '
'Building target: morse.elf'
'Invoking: ARM v7 gcc linker'
arm-none-eabi-gcc -mcpu=cortex-a9 -mfpu=vfpv3 -mfloat-abi=hard -Wl,-build-id=none -specs=Xilinx.spec -Wl,-T -Wl,../src/lscript.ld -L../../morse_bsp/ps7_cortexa9_0/lib -o "morse.elf"  ./src/morse.o ./src/platform.o   -Wl,--start-group,-lxil,-lgcc,-lc,--end-group
'Finished building target: morse.elf'
' '
'Invoking: ARM v7 Print Size'
arm-none-eabi-size morse.elf  |tee "morse.elf.size"
   text	   data	    bss	    dec	    hex	filename
  25704	   1184	  22616	  49504	   c160	morse.elf
'Finished building: morse.elf.size'
' '

02:55:14 Build Finished (took 1s.467ms)

