15:22:43 **** Auto Build of configuration Debug for project hw5 ****
make pre-build main-build 
a9-linaro-pre-build-step
' '
'Building file: ../src/main.c'
'Invoking: ARM v7 gcc compiler'
arm-none-eabi-gcc -Wall -O0 -g3 -c -fmessage-length=0 -MT"src/main.o" -mcpu=cortex-a9 -mfpu=vfpv3 -mfloat-abi=hard -I../../hw5_bsp/ps7_cortexa9_0/include -MMD -MP -MF"src/main.d" -MT"src/main.o" -o "src/main.o" "../src/main.c"
../src/main.c: In function 'main':
../src/main.c:15:11: warning: format '%d' expects argument of type 'int *', but argument 2 has type 'u32 * {aka long unsigned int *}' [-Wformat=]
   scanf("%d", &A);
          ~^   ~~
          %ld
../src/main.c:16:13: warning: format '%d' expects argument of type 'int', but argument 2 has type 'u32 {aka long unsigned int}' [-Wformat=]
   printf(" %d\r\n", A);
            ~^
            %ld
../src/main.c:21:30: warning: format '%d' expects argument of type 'int', but argument 2 has type 'u32 {aka long unsigned int}' [-Wformat=]
   printf("A 's parity bit = %d\n\r", P);
                             ~^
                             %ld
'Finished building: ../src/main.c'
' '
'Building target: hw5.elf'
'Invoking: ARM v7 gcc linker'
arm-none-eabi-gcc -mcpu=cortex-a9 -mfpu=vfpv3 -mfloat-abi=hard -Wl,-build-id=none -specs=Xilinx.spec -Wl,-T -Wl,../src/lscript.ld -L../../hw5_bsp/ps7_cortexa9_0/lib -o "hw5.elf"  ./src/main.o   -Wl,--start-group,-lxil,-lgcc,-lc,--end-group
../../hw5_bsp/ps7_cortexa9_0/lib\libxil.a(parity.o): In function `parity':
C:\Users\Leo\Desktop\FPGA\hw5\hw5.sdk\hw5_bsp\ps7_cortexa9_0\libsrc\parity_v1_0\src/parity.c:10: undefined reference to `Xil_Out32'
C:\Users\Leo\Desktop\FPGA\hw5\hw5.sdk\hw5_bsp\ps7_cortexa9_0\libsrc\parity_v1_0\src/parity.c:11: undefined reference to `Xil_In32'
collect2.exe: error: ld returned 1 exit status
make: *** [hw5.elf] Error 1

15:22:45 Build Finished (took 2s.4ms)

